-- The C compiler identification is GNU 11.3.0
-- The CXX compiler identification is GNU 11.3.0
-- Detecting C compiler ABI info
-- Detecting C compiler ABI info - done
-- Check for working C compiler: /usr/bin/cc - skipped
-- Detecting C compile features
-- Detecting C compile features - done
-- Detecting CXX compiler ABI info
-- Detecting CXX compiler ABI info - done
-- Check for working CXX compiler: /usr/bin/c++ - skipped
-- Detecting CXX compile features
-- Detecting CXX compile features - done
-- Found ament_cmake: 1.3.3 (/opt/ros/humble/share/ament_cmake/cmake)
-- Found Python3: /usr/bin/python3.10 (found version "3.10.6") found components: Interpreter 
-- Override CMake install command with custom implementation using symlinks instead of copying resources
-- Found builtin_interfaces: 1.2.1 (/opt/ros/humble/share/builtin_interfaces/cmake)
-- Found rosidl_generator_c: 3.1.4 (/opt/ros/humble/share/rosidl_generator_c/cmake)
-- Found rosidl_adapter: 3.1.4 (/opt/ros/humble/share/rosidl_adapter/cmake)
-- Found rosidl_generator_cpp: 3.1.4 (/opt/ros/humble/share/rosidl_generator_cpp/cmake)
-- Using all available rosidl_typesupport_c: rosidl_typesupport_fastrtps_c;rosidl_typesupport_introspection_c
-- Using all available rosidl_typesupport_cpp: rosidl_typesupport_fastrtps_cpp;rosidl_typesupport_introspection_cpp
-- Found rosidl_default_generators: 1.2.0 (/opt/ros/humble/share/rosidl_default_generators/cmake)
-- Found ament_cmake_ros: 0.10.0 (/opt/ros/humble/share/ament_cmake_ros/cmake)
-- Using all available rosidl_typesupport_c: rosidl_typesupport_fastrtps_c;rosidl_typesupport_introspection_c
-- Using all available rosidl_typesupport_cpp: rosidl_typesupport_fastrtps_cpp;rosidl_typesupport_introspection_cpp
-- Found PythonInterp: /usr/bin/python3 (found suitable version "3.10.6", minimum required is "3.6") 
-- Found python_cmake_module: 0.10.0 (/opt/ros/humble/share/python_cmake_module/cmake)
-- Found PythonLibs: /usr/lib/aarch64-linux-gnu/libpython3.10.so (found suitable version "3.10.6", minimum required is "3.5") 
-- Using PYTHON_EXECUTABLE: /usr/bin/python3
-- Using PYTHON_INCLUDE_DIRS: /usr/include/python3.10
-- Using PYTHON_LIBRARIES: /usr/lib/aarch64-linux-gnu/libpython3.10.so
-- Found PythonExtra: .so  
-- Configuring done
-- Generating done
-- Build files have been written to: /home/dee/Downloads/autowareclass2020/code/src/08_Perception_Camera/Camera-Hands-On-Solution-WS/build/lane_msgs
[  1%] [34m[1mGenerating C code for ROS interfaces[0m
[  2%] [34m[1mGenerating C++ code for ROS interfaces[0m
[  2%] Built target lane_msgs__cpp
[  2%] Built target ament_cmake_python_symlink_lane_msgs
[  4%] [34m[1mGenerating C++ type support dispatch for ROS interfaces[0m
[  5%] [32mBuilding C object CMakeFiles/lane_msgs__rosidl_generator_c.dir/rosidl_generator_c/lane_msgs/msg/detail/lane_marking__functions.c.o[0m
[  7%] [32mBuilding CXX object CMakeFiles/lane_msgs__rosidl_typesupport_cpp.dir/rosidl_typesupport_cpp/lane_msgs/msg/lane_marking__type_support.cpp.o[0m
[  8%] [32mBuilding C object CMakeFiles/lane_msgs__rosidl_generator_c.dir/rosidl_generator_c/lane_msgs/msg/detail/lane_marking_array__functions.c.o[0m
[  9%] [32mBuilding C object CMakeFiles/lane_msgs__rosidl_generator_c.dir/rosidl_generator_c/lane_msgs/msg/detail/lane_marking_array_both__functions.c.o[0m
[ 11%] [32mBuilding C object CMakeFiles/lane_msgs__rosidl_generator_c.dir/rosidl_generator_c/lane_msgs/msg/detail/lane_marking_projected__functions.c.o[0m
[ 12%] [32mBuilding C object CMakeFiles/lane_msgs__rosidl_generator_c.dir/rosidl_generator_c/lane_msgs/msg/detail/lane_marking_projected_array__functions.c.o[0m
[ 14%] [32mBuilding CXX object CMakeFiles/lane_msgs__rosidl_typesupport_cpp.dir/rosidl_typesupport_cpp/lane_msgs/msg/lane_marking_array__type_support.cpp.o[0m
[ 15%] [32mBuilding C object CMakeFiles/lane_msgs__rosidl_generator_c.dir/rosidl_generator_c/lane_msgs/msg/detail/lane_marking_projected_array_both__functions.c.o[0m
[ 16%] [32m[1mLinking C shared library liblane_msgs__rosidl_generator_c.so[0m
[ 18%] [32mBuilding CXX object CMakeFiles/lane_msgs__rosidl_typesupport_cpp.dir/rosidl_typesupport_cpp/lane_msgs/msg/lane_marking_array_both__type_support.cpp.o[0m
[ 18%] Built target lane_msgs__rosidl_generator_c
[ 19%] [34m[1mGenerating C++ type support for eProsima Fast-RTPS[0m
[ 21%] [32mBuilding CXX object CMakeFiles/lane_msgs__rosidl_typesupport_cpp.dir/rosidl_typesupport_cpp/lane_msgs/msg/lane_marking_projected__type_support.cpp.o[0m
[ 22%] [32mBuilding CXX object CMakeFiles/lane_msgs__rosidl_typesupport_cpp.dir/rosidl_typesupport_cpp/lane_msgs/msg/lane_marking_projected_array__type_support.cpp.o[0m
[ 23%] [32mBuilding CXX object CMakeFiles/lane_msgs__rosidl_typesupport_cpp.dir/rosidl_typesupport_cpp/lane_msgs/msg/lane_marking_projected_array_both__type_support.cpp.o[0m
[ 25%] [32m[1mLinking CXX shared library liblane_msgs__rosidl_typesupport_cpp.so[0m
[ 26%] [32mBuilding CXX object CMakeFiles/lane_msgs__rosidl_typesupport_fastrtps_cpp.dir/rosidl_typesupport_fastrtps_cpp/lane_msgs/msg/detail/dds_fastrtps/lane_marking__type_support.cpp.o[0m
[ 26%] Built target lane_msgs__rosidl_typesupport_cpp
[ 28%] [34m[1mGenerating C introspection for ROS interfaces[0m
[ 29%] [32mBuilding CXX object CMakeFiles/lane_msgs__rosidl_typesupport_fastrtps_cpp.dir/rosidl_typesupport_fastrtps_cpp/lane_msgs/msg/detail/dds_fastrtps/lane_marking_array__type_support.cpp.o[0m
[ 30%] [32mBuilding CXX object CMakeFiles/lane_msgs__rosidl_typesupport_fastrtps_cpp.dir/rosidl_typesupport_fastrtps_cpp/lane_msgs/msg/detail/dds_fastrtps/lane_marking_array_both__type_support.cpp.o[0m
[ 32%] [32mBuilding C object CMakeFiles/lane_msgs__rosidl_typesupport_introspection_c.dir/rosidl_typesupport_introspection_c/lane_msgs/msg/detail/lane_marking__type_support.c.o[0m
[ 33%] [32mBuilding C object CMakeFiles/lane_msgs__rosidl_typesupport_introspection_c.dir/rosidl_typesupport_introspection_c/lane_msgs/msg/detail/lane_marking_array__type_support.c.o[0m
[ 35%] [32mBuilding C object CMakeFiles/lane_msgs__rosidl_typesupport_introspection_c.dir/rosidl_typesupport_introspection_c/lane_msgs/msg/detail/lane_marking_array_both__type_support.c.o[0m
[ 36%] [32mBuilding CXX object CMakeFiles/lane_msgs__rosidl_typesupport_fastrtps_cpp.dir/rosidl_typesupport_fastrtps_cpp/lane_msgs/msg/detail/dds_fastrtps/lane_marking_projected__type_support.cpp.o[0m
[ 38%] [32mBuilding C object CMakeFiles/lane_msgs__rosidl_typesupport_introspection_c.dir/rosidl_typesupport_introspection_c/lane_msgs/msg/detail/lane_marking_projected__type_support.c.o[0m
[ 39%] [32mBuilding C object CMakeFiles/lane_msgs__rosidl_typesupport_introspection_c.dir/rosidl_typesupport_introspection_c/lane_msgs/msg/detail/lane_marking_projected_array__type_support.c.o[0m
[ 40%] [32mBuilding C object CMakeFiles/lane_msgs__rosidl_typesupport_introspection_c.dir/rosidl_typesupport_introspection_c/lane_msgs/msg/detail/lane_marking_projected_array_both__type_support.c.o[0m
[ 42%] [32m[1mLinking C shared library liblane_msgs__rosidl_typesupport_introspection_c.so[0m
[ 42%] Built target lane_msgs__rosidl_typesupport_introspection_c
[ 43%] [34m[1mGenerating C type support dispatch for ROS interfaces[0m
[ 45%] [32mBuilding CXX object CMakeFiles/lane_msgs__rosidl_typesupport_fastrtps_cpp.dir/rosidl_typesupport_fastrtps_cpp/lane_msgs/msg/detail/dds_fastrtps/lane_marking_projected_array__type_support.cpp.o[0m
[ 46%] [32mBuilding CXX object CMakeFiles/lane_msgs__rosidl_typesupport_fastrtps_cpp.dir/rosidl_typesupport_fastrtps_cpp/lane_msgs/msg/detail/dds_fastrtps/lane_marking_projected_array_both__type_support.cpp.o[0m
[ 47%] [32mBuilding CXX object CMakeFiles/lane_msgs__rosidl_typesupport_c.dir/rosidl_typesupport_c/lane_msgs/msg/lane_marking__type_support.cpp.o[0m
[ 49%] [32mBuilding CXX object CMakeFiles/lane_msgs__rosidl_typesupport_c.dir/rosidl_typesupport_c/lane_msgs/msg/lane_marking_array__type_support.cpp.o[0m
[ 50%] [32mBuilding CXX object CMakeFiles/lane_msgs__rosidl_typesupport_c.dir/rosidl_typesupport_c/lane_msgs/msg/lane_marking_array_both__type_support.cpp.o[0m
[ 52%] [32mBuilding CXX object CMakeFiles/lane_msgs__rosidl_typesupport_c.dir/rosidl_typesupport_c/lane_msgs/msg/lane_marking_projected__type_support.cpp.o[0m
[ 53%] [32mBuilding CXX object CMakeFiles/lane_msgs__rosidl_typesupport_c.dir/rosidl_typesupport_c/lane_msgs/msg/lane_marking_projected_array__type_support.cpp.o[0m
[ 54%] [32m[1mLinking CXX shared library liblane_msgs__rosidl_typesupport_fastrtps_cpp.so[0m
[ 56%] [32mBuilding CXX object CMakeFiles/lane_msgs__rosidl_typesupport_c.dir/rosidl_typesupport_c/lane_msgs/msg/lane_marking_projected_array_both__type_support.cpp.o[0m
[ 56%] Built target lane_msgs__rosidl_typesupport_fastrtps_cpp
[ 57%] [32m[1mLinking CXX shared library liblane_msgs__rosidl_typesupport_c.so[0m
[ 59%] [34m[1mGenerating C++ introspection for ROS interfaces[0m
[ 59%] Built target lane_msgs__rosidl_typesupport_c
running egg_info
creating lane_msgs.egg-info
writing lane_msgs.egg-info/PKG-INFO
writing dependency_links to lane_msgs.egg-info/dependency_links.txt
writing top-level names to lane_msgs.egg-info/top_level.txt
writing manifest file 'lane_msgs.egg-info/SOURCES.txt'
reading manifest file 'lane_msgs.egg-info/SOURCES.txt'
writing manifest file 'lane_msgs.egg-info/SOURCES.txt'
[ 59%] Built target ament_cmake_python_build_lane_msgs_egg
[ 60%] [34m[1mGenerating C type support for eProsima Fast-RTPS[0m
[ 61%] [32mBuilding CXX object CMakeFiles/lane_msgs__rosidl_typesupport_introspection_cpp.dir/rosidl_typesupport_introspection_cpp/lane_msgs/msg/detail/lane_marking__type_support.cpp.o[0m
[ 63%] [32mBuilding CXX object CMakeFiles/lane_msgs__rosidl_typesupport_introspection_cpp.dir/rosidl_typesupport_introspection_cpp/lane_msgs/msg/detail/lane_marking_array__type_support.cpp.o[0m
[ 64%] [32mBuilding CXX object CMakeFiles/lane_msgs__rosidl_typesupport_fastrtps_c.dir/rosidl_typesupport_fastrtps_c/lane_msgs/msg/detail/lane_marking__type_support_c.cpp.o[0m
[ 66%] [32mBuilding CXX object CMakeFiles/lane_msgs__rosidl_typesupport_fastrtps_c.dir/rosidl_typesupport_fastrtps_c/lane_msgs/msg/detail/lane_marking_array__type_support_c.cpp.o[0m
[ 67%] [32mBuilding CXX object CMakeFiles/lane_msgs__rosidl_typesupport_introspection_cpp.dir/rosidl_typesupport_introspection_cpp/lane_msgs/msg/detail/lane_marking_array_both__type_support.cpp.o[0m
[ 69%] [32mBuilding CXX object CMakeFiles/lane_msgs__rosidl_typesupport_fastrtps_c.dir/rosidl_typesupport_fastrtps_c/lane_msgs/msg/detail/lane_marking_array_both__type_support_c.cpp.o[0m
[ 70%] [32mBuilding CXX object CMakeFiles/lane_msgs__rosidl_typesupport_introspection_cpp.dir/rosidl_typesupport_introspection_cpp/lane_msgs/msg/detail/lane_marking_projected__type_support.cpp.o[0m
[ 71%] [32mBuilding CXX object CMakeFiles/lane_msgs__rosidl_typesupport_fastrtps_c.dir/rosidl_typesupport_fastrtps_c/lane_msgs/msg/detail/lane_marking_projected__type_support_c.cpp.o[0m
[ 73%] [32mBuilding CXX object CMakeFiles/lane_msgs__rosidl_typesupport_introspection_cpp.dir/rosidl_typesupport_introspection_cpp/lane_msgs/msg/detail/lane_marking_projected_array__type_support.cpp.o[0m
[ 74%] [32mBuilding CXX object CMakeFiles/lane_msgs__rosidl_typesupport_fastrtps_c.dir/rosidl_typesupport_fastrtps_c/lane_msgs/msg/detail/lane_marking_projected_array__type_support_c.cpp.o[0m
[ 76%] [32mBuilding CXX object CMakeFiles/lane_msgs__rosidl_typesupport_introspection_cpp.dir/rosidl_typesupport_introspection_cpp/lane_msgs/msg/detail/lane_marking_projected_array_both__type_support.cpp.o[0m
[ 77%] [32mBuilding CXX object CMakeFiles/lane_msgs__rosidl_typesupport_fastrtps_c.dir/rosidl_typesupport_fastrtps_c/lane_msgs/msg/detail/lane_marking_projected_array_both__type_support_c.cpp.o[0m
[ 78%] [32m[1mLinking CXX shared library liblane_msgs__rosidl_typesupport_introspection_cpp.so[0m
[ 80%] [32m[1mLinking CXX shared library liblane_msgs__rosidl_typesupport_fastrtps_c.so[0m
[ 80%] Built target lane_msgs__rosidl_typesupport_introspection_cpp
[ 80%] Built target lane_msgs__rosidl_typesupport_fastrtps_c
[ 80%] Built target lane_msgs
[ 81%] [34m[1mGenerating Python code for ROS interfaces[0m
[ 81%] Built target lane_msgs__py
[ 83%] [32mBuilding C object CMakeFiles/lane_msgs__rosidl_generator_py.dir/rosidl_generator_py/lane_msgs/msg/_lane_marking_s.c.o[0m
[ 84%] [32mBuilding C object CMakeFiles/lane_msgs__rosidl_generator_py.dir/rosidl_generator_py/lane_msgs/msg/_lane_marking_array_s.c.o[0m
[ 85%] [32mBuilding C object CMakeFiles/lane_msgs__rosidl_generator_py.dir/rosidl_generator_py/lane_msgs/msg/_lane_marking_array_both_s.c.o[0m
[ 87%] [32mBuilding C object CMakeFiles/lane_msgs__rosidl_generator_py.dir/rosidl_generator_py/lane_msgs/msg/_lane_marking_projected_s.c.o[0m
[ 88%] [32mBuilding C object CMakeFiles/lane_msgs__rosidl_generator_py.dir/rosidl_generator_py/lane_msgs/msg/_lane_marking_projected_array_s.c.o[0m
[ 90%] [32mBuilding C object CMakeFiles/lane_msgs__rosidl_generator_py.dir/rosidl_generator_py/lane_msgs/msg/_lane_marking_projected_array_both_s.c.o[0m
[ 91%] [32m[1mLinking C shared library rosidl_generator_py/lane_msgs/liblane_msgs__rosidl_generator_py.so[0m
[ 91%] Built target lane_msgs__rosidl_generator_py
[ 92%] [32mBuilding C object CMakeFiles/lane_msgs__rosidl_typesupport_introspection_c__pyext.dir/rosidl_generator_py/lane_msgs/_lane_msgs_s.ep.rosidl_typesupport_introspection_c.c.o[0m
[ 94%] [32mBuilding C object CMakeFiles/lane_msgs__rosidl_typesupport_fastrtps_c__pyext.dir/rosidl_generator_py/lane_msgs/_lane_msgs_s.ep.rosidl_typesupport_fastrtps_c.c.o[0m
[ 95%] [32m[1mLinking C shared library rosidl_generator_py/lane_msgs/lane_msgs_s__rosidl_typesupport_fastrtps_c.cpython-310-aarch64-linux-gnu.so[0m
[ 97%] [32m[1mLinking C shared library rosidl_generator_py/lane_msgs/lane_msgs_s__rosidl_typesupport_introspection_c.cpython-310-aarch64-linux-gnu.so[0m
[ 97%] Built target lane_msgs__rosidl_typesupport_fastrtps_c__pyext
[ 97%] Built target lane_msgs__rosidl_typesupport_introspection_c__pyext
[ 98%] [32mBuilding C object CMakeFiles/lane_msgs__rosidl_typesupport_c__pyext.dir/rosidl_generator_py/lane_msgs/_lane_msgs_s.ep.rosidl_typesupport_c.c.o[0m
[100%] [32m[1mLinking C shared library rosidl_generator_py/lane_msgs/lane_msgs_s__rosidl_typesupport_c.cpython-310-aarch64-linux-gnu.so[0m
[100%] Built target lane_msgs__rosidl_typesupport_c__pyext
-- Install configuration: ""
-- Execute custom install script
-- Symlinking: /home/dee/Downloads/autowareclass2020/code/src/08_Perception_Camera/Camera-Hands-On-Solution-WS/install/lane_msgs/share/ament_index/resource_index/rosidl_interfaces/lane_msgs
-- Symlinking: /home/dee/Downloads/autowareclass2020/code/src/08_Perception_Camera/Camera-Hands-On-Solution-WS/install/lane_msgs/include/lane_msgs/lane_msgs/msg/detail/lane_marking__functions.h
-- Symlinking: /home/dee/Downloads/autowareclass2020/code/src/08_Perception_Camera/Camera-Hands-On-Solution-WS/install/lane_msgs/include/lane_msgs/lane_msgs/msg/detail/lane_marking__struct.h
-- Symlinking: /home/dee/Downloads/autowareclass2020/code/src/08_Perception_Camera/Camera-Hands-On-Solution-WS/install/lane_msgs/include/lane_msgs/lane_msgs/msg/detail/lane_marking__type_support.h
-- Symlinking: /home/dee/Downloads/autowareclass2020/code/src/08_Perception_Camera/Camera-Hands-On-Solution-WS/install/lane_msgs/include/lane_msgs/lane_msgs/msg/detail/lane_marking_array__functions.h
-- Symlinking: /home/dee/Downloads/autowareclass2020/code/src/08_Perception_Camera/Camera-Hands-On-Solution-WS/install/lane_msgs/include/lane_msgs/lane_msgs/msg/detail/lane_marking_array__struct.h
-- Symlinking: /home/dee/Downloads/autowareclass2020/code/src/08_Perception_Camera/Camera-Hands-On-Solution-WS/install/lane_msgs/include/lane_msgs/lane_msgs/msg/detail/lane_marking_array__type_support.h
-- Symlinking: /home/dee/Downloads/autowareclass2020/code/src/08_Perception_Camera/Camera-Hands-On-Solution-WS/install/lane_msgs/include/lane_msgs/lane_msgs/msg/detail/lane_marking_array_both__functions.h
-- Symlinking: /home/dee/Downloads/autowareclass2020/code/src/08_Perception_Camera/Camera-Hands-On-Solution-WS/install/lane_msgs/include/lane_msgs/lane_msgs/msg/detail/lane_marking_array_both__struct.h
-- Symlinking: /home/dee/Downloads/autowareclass2020/code/src/08_Perception_Camera/Camera-Hands-On-Solution-WS/install/lane_msgs/include/lane_msgs/lane_msgs/msg/detail/lane_marking_array_both__type_support.h
-- Symlinking: /home/dee/Downloads/autowareclass2020/code/src/08_Perception_Camera/Camera-Hands-On-Solution-WS/install/lane_msgs/include/lane_msgs/lane_msgs/msg/detail/lane_marking_projected__functions.h
-- Symlinking: /home/dee/Downloads/autowareclass2020/code/src/08_Perception_Camera/Camera-Hands-On-Solution-WS/install/lane_msgs/include/lane_msgs/lane_msgs/msg/detail/lane_marking_projected__struct.h
-- Symlinking: /home/dee/Downloads/autowareclass2020/code/src/08_Perception_Camera/Camera-Hands-On-Solution-WS/install/lane_msgs/include/lane_msgs/lane_msgs/msg/detail/lane_marking_projected__type_support.h
-- Symlinking: /home/dee/Downloads/autowareclass2020/code/src/08_Perception_Camera/Camera-Hands-On-Solution-WS/install/lane_msgs/include/lane_msgs/lane_msgs/msg/detail/lane_marking_projected_array__functions.h
-- Symlinking: /home/dee/Downloads/autowareclass2020/code/src/08_Perception_Camera/Camera-Hands-On-Solution-WS/install/lane_msgs/include/lane_msgs/lane_msgs/msg/detail/lane_marking_projected_array__struct.h
-- Symlinking: /home/dee/Downloads/autowareclass2020/code/src/08_Perception_Camera/Camera-Hands-On-Solution-WS/install/lane_msgs/include/lane_msgs/lane_msgs/msg/detail/lane_marking_projected_array__type_support.h
-- Symlinking: /home/dee/Downloads/autowareclass2020/code/src/08_Perception_Camera/Camera-Hands-On-Solution-WS/install/lane_msgs/include/lane_msgs/lane_msgs/msg/detail/lane_marking_projected_array_both__functions.h
-- Symlinking: /home/dee/Downloads/autowareclass2020/code/src/08_Perception_Camera/Camera-Hands-On-Solution-WS/install/lane_msgs/include/lane_msgs/lane_msgs/msg/detail/lane_marking_projected_array_both__struct.h
-- Symlinking: /home/dee/Downloads/autowareclass2020/code/src/08_Perception_Camera/Camera-Hands-On-Solution-WS/install/lane_msgs/include/lane_msgs/lane_msgs/msg/detail/lane_marking_projected_array_both__type_support.h
-- Symlinking: /home/dee/Downloads/autowareclass2020/code/src/08_Perception_Camera/Camera-Hands-On-Solution-WS/install/lane_msgs/include/lane_msgs/lane_msgs/msg/lane_marking.h
-- Symlinking: /home/dee/Downloads/autowareclass2020/code/src/08_Perception_Camera/Camera-Hands-On-Solution-WS/install/lane_msgs/include/lane_msgs/lane_msgs/msg/lane_marking_array.h
-- Symlinking: /home/dee/Downloads/autowareclass2020/code/src/08_Perception_Camera/Camera-Hands-On-Solution-WS/install/lane_msgs/include/lane_msgs/lane_msgs/msg/lane_marking_array_both.h
-- Symlinking: /home/dee/Downloads/autowareclass2020/code/src/08_Perception_Camera/Camera-Hands-On-Solution-WS/install/lane_msgs/include/lane_msgs/lane_msgs/msg/lane_marking_projected.h
-- Symlinking: /home/dee/Downloads/autowareclass2020/code/src/08_Perception_Camera/Camera-Hands-On-Solution-WS/install/lane_msgs/include/lane_msgs/lane_msgs/msg/lane_marking_projected_array.h
-- Symlinking: /home/dee/Downloads/autowareclass2020/code/src/08_Perception_Camera/Camera-Hands-On-Solution-WS/install/lane_msgs/include/lane_msgs/lane_msgs/msg/lane_marking_projected_array_both.h
-- Symlinking: /home/dee/Downloads/autowareclass2020/code/src/08_Perception_Camera/Camera-Hands-On-Solution-WS/install/lane_msgs/include/lane_msgs/lane_msgs/msg/rosidl_generator_c__visibility_control.h
-- Symlinking: /home/dee/Downloads/autowareclass2020/code/src/08_Perception_Camera/Camera-Hands-On-Solution-WS/install/lane_msgs/share/lane_msgs/environment/library_path.sh
-- Symlinking: /home/dee/Downloads/autowareclass2020/code/src/08_Perception_Camera/Camera-Hands-On-Solution-WS/install/lane_msgs/share/lane_msgs/environment/library_path.dsv
-- Symlinking: /home/dee/Downloads/autowareclass2020/code/src/08_Perception_Camera/Camera-Hands-On-Solution-WS/install/lane_msgs/include/lane_msgs/lane_msgs/msg/detail/lane_marking__rosidl_typesupport_fastrtps_c.h
-- Symlinking: /home/dee/Downloads/autowareclass2020/code/src/08_Perception_Camera/Camera-Hands-On-Solution-WS/install/lane_msgs/include/lane_msgs/lane_msgs/msg/detail/lane_marking_array__rosidl_typesupport_fastrtps_c.h
-- Symlinking: /home/dee/Downloads/autowareclass2020/code/src/08_Perception_Camera/Camera-Hands-On-Solution-WS/install/lane_msgs/include/lane_msgs/lane_msgs/msg/detail/lane_marking_array_both__rosidl_typesupport_fastrtps_c.h
-- Symlinking: /home/dee/Downloads/autowareclass2020/code/src/08_Perception_Camera/Camera-Hands-On-Solution-WS/install/lane_msgs/include/lane_msgs/lane_msgs/msg/detail/lane_marking_projected__rosidl_typesupport_fastrtps_c.h
-- Symlinking: /home/dee/Downloads/autowareclass2020/code/src/08_Perception_Camera/Camera-Hands-On-Solution-WS/install/lane_msgs/include/lane_msgs/lane_msgs/msg/detail/lane_marking_projected_array__rosidl_typesupport_fastrtps_c.h
-- Symlinking: /home/dee/Downloads/autowareclass2020/code/src/08_Perception_Camera/Camera-Hands-On-Solution-WS/install/lane_msgs/include/lane_msgs/lane_msgs/msg/detail/lane_marking_projected_array_both__rosidl_typesupport_fastrtps_c.h
-- Symlinking: /home/dee/Downloads/autowareclass2020/code/src/08_Perception_Camera/Camera-Hands-On-Solution-WS/install/lane_msgs/include/lane_msgs/lane_msgs/msg/rosidl_typesupport_fastrtps_c__visibility_control.h
-- Symlinking: /home/dee/Downloads/autowareclass2020/code/src/08_Perception_Camera/Camera-Hands-On-Solution-WS/install/lane_msgs/include/lane_msgs/lane_msgs/msg/detail/lane_marking__builder.hpp
-- Symlinking: /home/dee/Downloads/autowareclass2020/code/src/08_Perception_Camera/Camera-Hands-On-Solution-WS/install/lane_msgs/include/lane_msgs/lane_msgs/msg/detail/lane_marking__struct.hpp
-- Symlinking: /home/dee/Downloads/autowareclass2020/code/src/08_Perception_Camera/Camera-Hands-On-Solution-WS/install/lane_msgs/include/lane_msgs/lane_msgs/msg/detail/lane_marking__traits.hpp
-- Symlinking: /home/dee/Downloads/autowareclass2020/code/src/08_Perception_Camera/Camera-Hands-On-Solution-WS/install/lane_msgs/include/lane_msgs/lane_msgs/msg/detail/lane_marking_array__builder.hpp
-- Symlinking: /home/dee/Downloads/autowareclass2020/code/src/08_Perception_Camera/Camera-Hands-On-Solution-WS/install/lane_msgs/include/lane_msgs/lane_msgs/msg/detail/lane_marking_array__struct.hpp
-- Symlinking: /home/dee/Downloads/autowareclass2020/code/src/08_Perception_Camera/Camera-Hands-On-Solution-WS/install/lane_msgs/include/lane_msgs/lane_msgs/msg/detail/lane_marking_array__traits.hpp
-- Symlinking: /home/dee/Downloads/autowareclass2020/code/src/08_Perception_Camera/Camera-Hands-On-Solution-WS/install/lane_msgs/include/lane_msgs/lane_msgs/msg/detail/lane_marking_array_both__builder.hpp
-- Symlinking: /home/dee/Downloads/autowareclass2020/code/src/08_Perception_Camera/Camera-Hands-On-Solution-WS/install/lane_msgs/include/lane_msgs/lane_msgs/msg/detail/lane_marking_array_both__struct.hpp
-- Symlinking: /home/dee/Downloads/autowareclass2020/code/src/08_Perception_Camera/Camera-Hands-On-Solution-WS/install/lane_msgs/include/lane_msgs/lane_msgs/msg/detail/lane_marking_array_both__traits.hpp
-- Symlinking: /home/dee/Downloads/autowareclass2020/code/src/08_Perception_Camera/Camera-Hands-On-Solution-WS/install/lane_msgs/include/lane_msgs/lane_msgs/msg/detail/lane_marking_projected__builder.hpp
-- Symlinking: /home/dee/Downloads/autowareclass2020/code/src/08_Perception_Camera/Camera-Hands-On-Solution-WS/install/lane_msgs/include/lane_msgs/lane_msgs/msg/detail/lane_marking_projected__struct.hpp
-- Symlinking: /home/dee/Downloads/autowareclass2020/code/src/08_Perception_Camera/Camera-Hands-On-Solution-WS/install/lane_msgs/include/lane_msgs/lane_msgs/msg/detail/lane_marking_projected__traits.hpp
-- Symlinking: /home/dee/Downloads/autowareclass2020/code/src/08_Perception_Camera/Camera-Hands-On-Solution-WS/install/lane_msgs/include/lane_msgs/lane_msgs/msg/detail/lane_marking_projected_array__builder.hpp
-- Symlinking: /home/dee/Downloads/autowareclass2020/code/src/08_Perception_Camera/Camera-Hands-On-Solution-WS/install/lane_msgs/include/lane_msgs/lane_msgs/msg/detail/lane_marking_projected_array__struct.hpp
-- Symlinking: /home/dee/Downloads/autowareclass2020/code/src/08_Perception_Camera/Camera-Hands-On-Solution-WS/install/lane_msgs/include/lane_msgs/lane_msgs/msg/detail/lane_marking_projected_array__traits.hpp
-- Symlinking: /home/dee/Downloads/autowareclass2020/code/src/08_Perception_Camera/Camera-Hands-On-Solution-WS/install/lane_msgs/include/lane_msgs/lane_msgs/msg/detail/lane_marking_projected_array_both__builder.hpp
-- Symlinking: /home/dee/Downloads/autowareclass2020/code/src/08_Perception_Camera/Camera-Hands-On-Solution-WS/install/lane_msgs/include/lane_msgs/lane_msgs/msg/detail/lane_marking_projected_array_both__struct.hpp
-- Symlinking: /home/dee/Downloads/autowareclass2020/code/src/08_Perception_Camera/Camera-Hands-On-Solution-WS/install/lane_msgs/include/lane_msgs/lane_msgs/msg/detail/lane_marking_projected_array_both__traits.hpp
-- Symlinking: /home/dee/Downloads/autowareclass2020/code/src/08_Perception_Camera/Camera-Hands-On-Solution-WS/install/lane_msgs/include/lane_msgs/lane_msgs/msg/lane_marking.hpp
-- Symlinking: /home/dee/Downloads/autowareclass2020/code/src/08_Perception_Camera/Camera-Hands-On-Solution-WS/install/lane_msgs/include/lane_msgs/lane_msgs/msg/lane_marking_array.hpp
-- Symlinking: /home/dee/Downloads/autowareclass2020/code/src/08_Perception_Camera/Camera-Hands-On-Solution-WS/install/lane_msgs/include/lane_msgs/lane_msgs/msg/lane_marking_array_both.hpp
-- Symlinking: /home/dee/Downloads/autowareclass2020/code/src/08_Perception_Camera/Camera-Hands-On-Solution-WS/install/lane_msgs/include/lane_msgs/lane_msgs/msg/lane_marking_projected.hpp
-- Symlinking: /home/dee/Downloads/autowareclass2020/code/src/08_Perception_Camera/Camera-Hands-On-Solution-WS/install/lane_msgs/include/lane_msgs/lane_msgs/msg/lane_marking_projected_array.hpp
-- Symlinking: /home/dee/Downloads/autowareclass2020/code/src/08_Perception_Camera/Camera-Hands-On-Solution-WS/install/lane_msgs/include/lane_msgs/lane_msgs/msg/lane_marking_projected_array_both.hpp
-- Symlinking: /home/dee/Downloads/autowareclass2020/code/src/08_Perception_Camera/Camera-Hands-On-Solution-WS/install/lane_msgs/include/lane_msgs/lane_msgs/msg/detail/lane_marking__rosidl_typesupport_fastrtps_cpp.hpp
-- Symlinking: /home/dee/Downloads/autowareclass2020/code/src/08_Perception_Camera/Camera-Hands-On-Solution-WS/install/lane_msgs/include/lane_msgs/lane_msgs/msg/detail/lane_marking_array__rosidl_typesupport_fastrtps_cpp.hpp
-- Symlinking: /home/dee/Downloads/autowareclass2020/code/src/08_Perception_Camera/Camera-Hands-On-Solution-WS/install/lane_msgs/include/lane_msgs/lane_msgs/msg/detail/lane_marking_array_both__rosidl_typesupport_fastrtps_cpp.hpp
-- Symlinking: /home/dee/Downloads/autowareclass2020/code/src/08_Perception_Camera/Camera-Hands-On-Solution-WS/install/lane_msgs/include/lane_msgs/lane_msgs/msg/detail/lane_marking_projected__rosidl_typesupport_fastrtps_cpp.hpp
-- Symlinking: /home/dee/Downloads/autowareclass2020/code/src/08_Perception_Camera/Camera-Hands-On-Solution-WS/install/lane_msgs/include/lane_msgs/lane_msgs/msg/detail/lane_marking_projected_array__rosidl_typesupport_fastrtps_cpp.hpp
-- Symlinking: /home/dee/Downloads/autowareclass2020/code/src/08_Perception_Camera/Camera-Hands-On-Solution-WS/install/lane_msgs/include/lane_msgs/lane_msgs/msg/detail/lane_marking_projected_array_both__rosidl_typesupport_fastrtps_cpp.hpp
-- Symlinking: /home/dee/Downloads/autowareclass2020/code/src/08_Perception_Camera/Camera-Hands-On-Solution-WS/install/lane_msgs/include/lane_msgs/lane_msgs/msg/rosidl_typesupport_fastrtps_cpp__visibility_control.h
-- Symlinking: /home/dee/Downloads/autowareclass2020/code/src/08_Perception_Camera/Camera-Hands-On-Solution-WS/install/lane_msgs/include/lane_msgs/lane_msgs/msg/detail/lane_marking__rosidl_typesupport_introspection_c.h
-- Symlinking: /home/dee/Downloads/autowareclass2020/code/src/08_Perception_Camera/Camera-Hands-On-Solution-WS/install/lane_msgs/include/lane_msgs/lane_msgs/msg/detail/lane_marking_array__rosidl_typesupport_introspection_c.h
-- Symlinking: /home/dee/Downloads/autowareclass2020/code/src/08_Perception_Camera/Camera-Hands-On-Solution-WS/install/lane_msgs/include/lane_msgs/lane_msgs/msg/detail/lane_marking_array_both__rosidl_typesupport_introspection_c.h
-- Symlinking: /home/dee/Downloads/autowareclass2020/code/src/08_Perception_Camera/Camera-Hands-On-Solution-WS/install/lane_msgs/include/lane_msgs/lane_msgs/msg/detail/lane_marking_projected__rosidl_typesupport_introspection_c.h
-- Symlinking: /home/dee/Downloads/autowareclass2020/code/src/08_Perception_Camera/Camera-Hands-On-Solution-WS/install/lane_msgs/include/lane_msgs/lane_msgs/msg/detail/lane_marking_projected_array__rosidl_typesupport_introspection_c.h
-- Symlinking: /home/dee/Downloads/autowareclass2020/code/src/08_Perception_Camera/Camera-Hands-On-Solution-WS/install/lane_msgs/include/lane_msgs/lane_msgs/msg/detail/lane_marking_projected_array_both__rosidl_typesupport_introspection_c.h
-- Symlinking: /home/dee/Downloads/autowareclass2020/code/src/08_Perception_Camera/Camera-Hands-On-Solution-WS/install/lane_msgs/include/lane_msgs/lane_msgs/msg/rosidl_typesupport_introspection_c__visibility_control.h
-- Symlinking: /home/dee/Downloads/autowareclass2020/code/src/08_Perception_Camera/Camera-Hands-On-Solution-WS/install/lane_msgs/include/lane_msgs/lane_msgs/msg/detail/lane_marking__rosidl_typesupport_introspection_cpp.hpp
-- Symlinking: /home/dee/Downloads/autowareclass2020/code/src/08_Perception_Camera/Camera-Hands-On-Solution-WS/install/lane_msgs/include/lane_msgs/lane_msgs/msg/detail/lane_marking_array__rosidl_typesupport_introspection_cpp.hpp
-- Symlinking: /home/dee/Downloads/autowareclass2020/code/src/08_Perception_Camera/Camera-Hands-On-Solution-WS/install/lane_msgs/include/lane_msgs/lane_msgs/msg/detail/lane_marking_array_both__rosidl_typesupport_introspection_cpp.hpp
-- Symlinking: /home/dee/Downloads/autowareclass2020/code/src/08_Perception_Camera/Camera-Hands-On-Solution-WS/install/lane_msgs/include/lane_msgs/lane_msgs/msg/detail/lane_marking_projected__rosidl_typesupport_introspection_cpp.hpp
-- Symlinking: /home/dee/Downloads/autowareclass2020/code/src/08_Perception_Camera/Camera-Hands-On-Solution-WS/install/lane_msgs/include/lane_msgs/lane_msgs/msg/detail/lane_marking_projected_array__rosidl_typesupport_introspection_cpp.hpp
-- Symlinking: /home/dee/Downloads/autowareclass2020/code/src/08_Perception_Camera/Camera-Hands-On-Solution-WS/install/lane_msgs/include/lane_msgs/lane_msgs/msg/detail/lane_marking_projected_array_both__rosidl_typesupport_introspection_cpp.hpp
-- Symlinking: /home/dee/Downloads/autowareclass2020/code/src/08_Perception_Camera/Camera-Hands-On-Solution-WS/install/lane_msgs/share/lane_msgs/environment/pythonpath.sh
-- Symlinking: /home/dee/Downloads/autowareclass2020/code/src/08_Perception_Camera/Camera-Hands-On-Solution-WS/install/lane_msgs/share/lane_msgs/environment/pythonpath.dsv
-- Symlinking: /home/dee/Downloads/autowareclass2020/code/src/08_Perception_Camera/Camera-Hands-On-Solution-WS/install/lane_msgs/local/lib/python3.10/dist-packages/lane_msgs-1.0.0-py3.10.egg-info/PKG-INFO
-- Symlinking: /home/dee/Downloads/autowareclass2020/code/src/08_Perception_Camera/Camera-Hands-On-Solution-WS/install/lane_msgs/local/lib/python3.10/dist-packages/lane_msgs-1.0.0-py3.10.egg-info/SOURCES.txt
-- Symlinking: /home/dee/Downloads/autowareclass2020/code/src/08_Perception_Camera/Camera-Hands-On-Solution-WS/install/lane_msgs/local/lib/python3.10/dist-packages/lane_msgs-1.0.0-py3.10.egg-info/dependency_links.txt
-- Symlinking: /home/dee/Downloads/autowareclass2020/code/src/08_Perception_Camera/Camera-Hands-On-Solution-WS/install/lane_msgs/local/lib/python3.10/dist-packages/lane_msgs-1.0.0-py3.10.egg-info/top_level.txt
-- Symlinking: /home/dee/Downloads/autowareclass2020/code/src/08_Perception_Camera/Camera-Hands-On-Solution-WS/install/lane_msgs/local/lib/python3.10/dist-packages/lane_msgs/__init__.py
-- Symlinking: /home/dee/Downloads/autowareclass2020/code/src/08_Perception_Camera/Camera-Hands-On-Solution-WS/install/lane_msgs/local/lib/python3.10/dist-packages/lane_msgs/_lane_msgs_s.ep.rosidl_typesupport_c.c
-- Symlinking: /home/dee/Downloads/autowareclass2020/code/src/08_Perception_Camera/Camera-Hands-On-Solution-WS/install/lane_msgs/local/lib/python3.10/dist-packages/lane_msgs/_lane_msgs_s.ep.rosidl_typesupport_fastrtps_c.c
-- Symlinking: /home/dee/Downloads/autowareclass2020/code/src/08_Perception_Camera/Camera-Hands-On-Solution-WS/install/lane_msgs/local/lib/python3.10/dist-packages/lane_msgs/_lane_msgs_s.ep.rosidl_typesupport_introspection_c.c
-- Symlinking: /home/dee/Downloads/autowareclass2020/code/src/08_Perception_Camera/Camera-Hands-On-Solution-WS/install/lane_msgs/local/lib/python3.10/dist-packages/lane_msgs/lane_msgs_s__rosidl_typesupport_c.cpython-310-aarch64-linux-gnu.so
-- Symlinking: /home/dee/Downloads/autowareclass2020/code/src/08_Perception_Camera/Camera-Hands-On-Solution-WS/install/lane_msgs/local/lib/python3.10/dist-packages/lane_msgs/lane_msgs_s__rosidl_typesupport_fastrtps_c.cpython-310-aarch64-linux-gnu.so
-- Symlinking: /home/dee/Downloads/autowareclass2020/code/src/08_Perception_Camera/Camera-Hands-On-Solution-WS/install/lane_msgs/local/lib/python3.10/dist-packages/lane_msgs/lane_msgs_s__rosidl_typesupport_introspection_c.cpython-310-aarch64-linux-gnu.so
-- Symlinking: /home/dee/Downloads/autowareclass2020/code/src/08_Perception_Camera/Camera-Hands-On-Solution-WS/install/lane_msgs/local/lib/python3.10/dist-packages/lane_msgs/liblane_msgs__rosidl_generator_py.so
-- Symlinking: /home/dee/Downloads/autowareclass2020/code/src/08_Perception_Camera/Camera-Hands-On-Solution-WS/install/lane_msgs/local/lib/python3.10/dist-packages/lane_msgs/msg/__init__.py
-- Symlinking: /home/dee/Downloads/autowareclass2020/code/src/08_Perception_Camera/Camera-Hands-On-Solution-WS/install/lane_msgs/local/lib/python3.10/dist-packages/lane_msgs/msg/_lane_marking.py
-- Symlinking: /home/dee/Downloads/autowareclass2020/code/src/08_Perception_Camera/Camera-Hands-On-Solution-WS/install/lane_msgs/local/lib/python3.10/dist-packages/lane_msgs/msg/_lane_marking_array.py
-- Symlinking: /home/dee/Downloads/autowareclass2020/code/src/08_Perception_Camera/Camera-Hands-On-Solution-WS/install/lane_msgs/local/lib/python3.10/dist-packages/lane_msgs/msg/_lane_marking_array_both.py
-- Symlinking: /home/dee/Downloads/autowareclass2020/code/src/08_Perception_Camera/Camera-Hands-On-Solution-WS/install/lane_msgs/local/lib/python3.10/dist-packages/lane_msgs/msg/_lane_marking_array_both_s.c
-- Symlinking: /home/dee/Downloads/autowareclass2020/code/src/08_Perception_Camera/Camera-Hands-On-Solution-WS/install/lane_msgs/local/lib/python3.10/dist-packages/lane_msgs/msg/_lane_marking_array_s.c
-- Symlinking: /home/dee/Downloads/autowareclass2020/code/src/08_Perception_Camera/Camera-Hands-On-Solution-WS/install/lane_msgs/local/lib/python3.10/dist-packages/lane_msgs/msg/_lane_marking_projected.py
-- Symlinking: /home/dee/Downloads/autowareclass2020/code/src/08_Perception_Camera/Camera-Hands-On-Solution-WS/install/lane_msgs/local/lib/python3.10/dist-packages/lane_msgs/msg/_lane_marking_projected_array.py
-- Symlinking: /home/dee/Downloads/autowareclass2020/code/src/08_Perception_Camera/Camera-Hands-On-Solution-WS/install/lane_msgs/local/lib/python3.10/dist-packages/lane_msgs/msg/_lane_marking_projected_array_both.py
-- Symlinking: /home/dee/Downloads/autowareclass2020/code/src/08_Perception_Camera/Camera-Hands-On-Solution-WS/install/lane_msgs/local/lib/python3.10/dist-packages/lane_msgs/msg/_lane_marking_projected_array_both_s.c
-- Symlinking: /home/dee/Downloads/autowareclass2020/code/src/08_Perception_Camera/Camera-Hands-On-Solution-WS/install/lane_msgs/local/lib/python3.10/dist-packages/lane_msgs/msg/_lane_marking_projected_array_s.c
-- Symlinking: /home/dee/Downloads/autowareclass2020/code/src/08_Perception_Camera/Camera-Hands-On-Solution-WS/install/lane_msgs/local/lib/python3.10/dist-packages/lane_msgs/msg/_lane_marking_projected_s.c
-- Symlinking: /home/dee/Downloads/autowareclass2020/code/src/08_Perception_Camera/Camera-Hands-On-Solution-WS/install/lane_msgs/local/lib/python3.10/dist-packages/lane_msgs/msg/_lane_marking_s.c
-- Up-to-date symlink: /home/dee/Downloads/autowareclass2020/code/src/08_Perception_Camera/Camera-Hands-On-Solution-WS/install/lane_msgs/local/lib/python3.10/dist-packages/lane_msgs/lane_msgs_s__rosidl_typesupport_fastrtps_c.cpython-310-aarch64-linux-gnu.so
-- Up-to-date symlink: /home/dee/Downloads/autowareclass2020/code/src/08_Perception_Camera/Camera-Hands-On-Solution-WS/install/lane_msgs/local/lib/python3.10/dist-packages/lane_msgs/lane_msgs_s__rosidl_typesupport_introspection_c.cpython-310-aarch64-linux-gnu.so
-- Up-to-date symlink: /home/dee/Downloads/autowareclass2020/code/src/08_Perception_Camera/Camera-Hands-On-Solution-WS/install/lane_msgs/local/lib/python3.10/dist-packages/lane_msgs/lane_msgs_s__rosidl_typesupport_c.cpython-310-aarch64-linux-gnu.so
-- Symlinking: /home/dee/Downloads/autowareclass2020/code/src/08_Perception_Camera/Camera-Hands-On-Solution-WS/install/lane_msgs/share/lane_msgs/msg/LaneMarking.idl
-- Symlinking: /home/dee/Downloads/autowareclass2020/code/src/08_Perception_Camera/Camera-Hands-On-Solution-WS/install/lane_msgs/share/lane_msgs/msg/LaneMarkingArray.idl
-- Symlinking: /home/dee/Downloads/autowareclass2020/code/src/08_Perception_Camera/Camera-Hands-On-Solution-WS/install/lane_msgs/share/lane_msgs/msg/LaneMarkingArrayBoth.idl
-- Symlinking: /home/dee/Downloads/autowareclass2020/code/src/08_Perception_Camera/Camera-Hands-On-Solution-WS/install/lane_msgs/share/lane_msgs/msg/LaneMarkingProjected.idl
-- Symlinking: /home/dee/Downloads/autowareclass2020/code/src/08_Perception_Camera/Camera-Hands-On-Solution-WS/install/lane_msgs/share/lane_msgs/msg/LaneMarkingProjectedArray.idl
-- Symlinking: /home/dee/Downloads/autowareclass2020/code/src/08_Perception_Camera/Camera-Hands-On-Solution-WS/install/lane_msgs/share/lane_msgs/msg/LaneMarkingProjectedArrayBoth.idl
-- Symlinking: /home/dee/Downloads/autowareclass2020/code/src/08_Perception_Camera/Camera-Hands-On-Solution-WS/install/lane_msgs/share/lane_msgs/msg/LaneMarking.msg
-- Symlinking: /home/dee/Downloads/autowareclass2020/code/src/08_Perception_Camera/Camera-Hands-On-Solution-WS/install/lane_msgs/share/lane_msgs/msg/LaneMarkingArray.msg
-- Symlinking: /home/dee/Downloads/autowareclass2020/code/src/08_Perception_Camera/Camera-Hands-On-Solution-WS/install/lane_msgs/share/lane_msgs/msg/LaneMarkingArrayBoth.msg
-- Symlinking: /home/dee/Downloads/autowareclass2020/code/src/08_Perception_Camera/Camera-Hands-On-Solution-WS/install/lane_msgs/share/lane_msgs/msg/LaneMarkingProjected.msg
-- Symlinking: /home/dee/Downloads/autowareclass2020/code/src/08_Perception_Camera/Camera-Hands-On-Solution-WS/install/lane_msgs/share/lane_msgs/msg/LaneMarkingProjectedArray.msg
-- Symlinking: /home/dee/Downloads/autowareclass2020/code/src/08_Perception_Camera/Camera-Hands-On-Solution-WS/install/lane_msgs/share/lane_msgs/msg/LaneMarkingProjectedArrayBoth.msg
-- Symlinking: /home/dee/Downloads/autowareclass2020/code/src/08_Perception_Camera/Camera-Hands-On-Solution-WS/install/lane_msgs/share/ament_index/resource_index/package_run_dependencies/lane_msgs
-- Symlinking: /home/dee/Downloads/autowareclass2020/code/src/08_Perception_Camera/Camera-Hands-On-Solution-WS/install/lane_msgs/share/ament_index/resource_index/parent_prefix_path/lane_msgs
-- Symlinking: /home/dee/Downloads/autowareclass2020/code/src/08_Perception_Camera/Camera-Hands-On-Solution-WS/install/lane_msgs/share/lane_msgs/environment/ament_prefix_path.sh
-- Symlinking: /home/dee/Downloads/autowareclass2020/code/src/08_Perception_Camera/Camera-Hands-On-Solution-WS/install/lane_msgs/share/lane_msgs/environment/ament_prefix_path.dsv
-- Symlinking: /home/dee/Downloads/autowareclass2020/code/src/08_Perception_Camera/Camera-Hands-On-Solution-WS/install/lane_msgs/share/lane_msgs/environment/path.sh
-- Symlinking: /home/dee/Downloads/autowareclass2020/code/src/08_Perception_Camera/Camera-Hands-On-Solution-WS/install/lane_msgs/share/lane_msgs/environment/path.dsv
-- Symlinking: /home/dee/Downloads/autowareclass2020/code/src/08_Perception_Camera/Camera-Hands-On-Solution-WS/install/lane_msgs/share/lane_msgs/local_setup.bash
-- Symlinking: /home/dee/Downloads/autowareclass2020/code/src/08_Perception_Camera/Camera-Hands-On-Solution-WS/install/lane_msgs/share/lane_msgs/local_setup.sh
-- Symlinking: /home/dee/Downloads/autowareclass2020/code/src/08_Perception_Camera/Camera-Hands-On-Solution-WS/install/lane_msgs/share/lane_msgs/local_setup.zsh
-- Symlinking: /home/dee/Downloads/autowareclass2020/code/src/08_Perception_Camera/Camera-Hands-On-Solution-WS/install/lane_msgs/share/lane_msgs/local_setup.dsv
-- Symlinking: /home/dee/Downloads/autowareclass2020/code/src/08_Perception_Camera/Camera-Hands-On-Solution-WS/install/lane_msgs/share/lane_msgs/package.dsv
-- Symlinking: /home/dee/Downloads/autowareclass2020/code/src/08_Perception_Camera/Camera-Hands-On-Solution-WS/install/lane_msgs/share/ament_index/resource_index/packages/lane_msgs
-- Symlinking: /home/dee/Downloads/autowareclass2020/code/src/08_Perception_Camera/Camera-Hands-On-Solution-WS/install/lane_msgs/share/lane_msgs/cmake/rosidl_cmake-extras.cmake
-- Symlinking: /home/dee/Downloads/autowareclass2020/code/src/08_Perception_Camera/Camera-Hands-On-Solution-WS/install/lane_msgs/share/lane_msgs/cmake/ament_cmake_export_dependencies-extras.cmake
-- Symlinking: /home/dee/Downloads/autowareclass2020/code/src/08_Perception_Camera/Camera-Hands-On-Solution-WS/install/lane_msgs/share/lane_msgs/cmake/ament_cmake_export_include_directories-extras.cmake
-- Symlinking: /home/dee/Downloads/autowareclass2020/code/src/08_Perception_Camera/Camera-Hands-On-Solution-WS/install/lane_msgs/share/lane_msgs/cmake/ament_cmake_export_libraries-extras.cmake
-- Symlinking: /home/dee/Downloads/autowareclass2020/code/src/08_Perception_Camera/Camera-Hands-On-Solution-WS/install/lane_msgs/share/lane_msgs/cmake/ament_cmake_export_targets-extras.cmake
-- Symlinking: /home/dee/Downloads/autowareclass2020/code/src/08_Perception_Camera/Camera-Hands-On-Solution-WS/install/lane_msgs/share/lane_msgs/cmake/rosidl_cmake_export_typesupport_targets-extras.cmake
-- Symlinking: /home/dee/Downloads/autowareclass2020/code/src/08_Perception_Camera/Camera-Hands-On-Solution-WS/install/lane_msgs/share/lane_msgs/cmake/rosidl_cmake_export_typesupport_libraries-extras.cmake
-- Symlinking: /home/dee/Downloads/autowareclass2020/code/src/08_Perception_Camera/Camera-Hands-On-Solution-WS/install/lane_msgs/share/lane_msgs/cmake/lane_msgsConfig.cmake
-- Symlinking: /home/dee/Downloads/autowareclass2020/code/src/08_Perception_Camera/Camera-Hands-On-Solution-WS/install/lane_msgs/share/lane_msgs/cmake/lane_msgsConfig-version.cmake
-- Symlinking: /home/dee/Downloads/autowareclass2020/code/src/08_Perception_Camera/Camera-Hands-On-Solution-WS/install/lane_msgs/share/lane_msgs/package.xml
-- Installing: /home/dee/Downloads/autowareclass2020/code/src/08_Perception_Camera/Camera-Hands-On-Solution-WS/install/lane_msgs/lib/liblane_msgs__rosidl_generator_c.so
-- Set runtime path of "/home/dee/Downloads/autowareclass2020/code/src/08_Perception_Camera/Camera-Hands-On-Solution-WS/install/lane_msgs/lib/liblane_msgs__rosidl_generator_c.so" to ""
-- Installing: /home/dee/Downloads/autowareclass2020/code/src/08_Perception_Camera/Camera-Hands-On-Solution-WS/install/lane_msgs/lib/liblane_msgs__rosidl_typesupport_fastrtps_c.so
-- Set runtime path of "/home/dee/Downloads/autowareclass2020/code/src/08_Perception_Camera/Camera-Hands-On-Solution-WS/install/lane_msgs/lib/liblane_msgs__rosidl_typesupport_fastrtps_c.so" to ""
-- Installing: /home/dee/Downloads/autowareclass2020/code/src/08_Perception_Camera/Camera-Hands-On-Solution-WS/install/lane_msgs/lib/liblane_msgs__rosidl_typesupport_fastrtps_cpp.so
-- Set runtime path of "/home/dee/Downloads/autowareclass2020/code/src/08_Perception_Camera/Camera-Hands-On-Solution-WS/install/lane_msgs/lib/liblane_msgs__rosidl_typesupport_fastrtps_cpp.so" to ""
-- Installing: /home/dee/Downloads/autowareclass2020/code/src/08_Perception_Camera/Camera-Hands-On-Solution-WS/install/lane_msgs/lib/liblane_msgs__rosidl_typesupport_introspection_c.so
-- Set runtime path of "/home/dee/Downloads/autowareclass2020/code/src/08_Perception_Camera/Camera-Hands-On-Solution-WS/install/lane_msgs/lib/liblane_msgs__rosidl_typesupport_introspection_c.so" to ""
-- Installing: /home/dee/Downloads/autowareclass2020/code/src/08_Perception_Camera/Camera-Hands-On-Solution-WS/install/lane_msgs/lib/liblane_msgs__rosidl_typesupport_c.so
-- Set runtime path of "/home/dee/Downloads/autowareclass2020/code/src/08_Perception_Camera/Camera-Hands-On-Solution-WS/install/lane_msgs/lib/liblane_msgs__rosidl_typesupport_c.so" to ""
-- Installing: /home/dee/Downloads/autowareclass2020/code/src/08_Perception_Camera/Camera-Hands-On-Solution-WS/install/lane_msgs/lib/liblane_msgs__rosidl_typesupport_introspection_cpp.so
-- Set runtime path of "/home/dee/Downloads/autowareclass2020/code/src/08_Perception_Camera/Camera-Hands-On-Solution-WS/install/lane_msgs/lib/liblane_msgs__rosidl_typesupport_introspection_cpp.so" to ""
-- Installing: /home/dee/Downloads/autowareclass2020/code/src/08_Perception_Camera/Camera-Hands-On-Solution-WS/install/lane_msgs/lib/liblane_msgs__rosidl_typesupport_cpp.so
-- Set runtime path of "/home/dee/Downloads/autowareclass2020/code/src/08_Perception_Camera/Camera-Hands-On-Solution-WS/install/lane_msgs/lib/liblane_msgs__rosidl_typesupport_cpp.so" to ""
Listing '/home/dee/Downloads/autowareclass2020/code/src/08_Perception_Camera/Camera-Hands-On-Solution-WS/install/lane_msgs/local/lib/python3.10/dist-packages/lane_msgs'...
Compiling '/home/dee/Downloads/autowareclass2020/code/src/08_Perception_Camera/Camera-Hands-On-Solution-WS/install/lane_msgs/local/lib/python3.10/dist-packages/lane_msgs/__init__.py'...
Listing '/home/dee/Downloads/autowareclass2020/code/src/08_Perception_Camera/Camera-Hands-On-Solution-WS/install/lane_msgs/local/lib/python3.10/dist-packages/lane_msgs/msg'...
Compiling '/home/dee/Downloads/autowareclass2020/code/src/08_Perception_Camera/Camera-Hands-On-Solution-WS/install/lane_msgs/local/lib/python3.10/dist-packages/lane_msgs/msg/__init__.py'...
Compiling '/home/dee/Downloads/autowareclass2020/code/src/08_Perception_Camera/Camera-Hands-On-Solution-WS/install/lane_msgs/local/lib/python3.10/dist-packages/lane_msgs/msg/_lane_marking.py'...
Compiling '/home/dee/Downloads/autowareclass2020/code/src/08_Perception_Camera/Camera-Hands-On-Solution-WS/install/lane_msgs/local/lib/python3.10/dist-packages/lane_msgs/msg/_lane_marking_array.py'...
Compiling '/home/dee/Downloads/autowareclass2020/code/src/08_Perception_Camera/Camera-Hands-On-Solution-WS/install/lane_msgs/local/lib/python3.10/dist-packages/lane_msgs/msg/_lane_marking_array_both.py'...
Compiling '/home/dee/Downloads/autowareclass2020/code/src/08_Perception_Camera/Camera-Hands-On-Solution-WS/install/lane_msgs/local/lib/python3.10/dist-packages/lane_msgs/msg/_lane_marking_projected.py'...
Compiling '/home/dee/Downloads/autowareclass2020/code/src/08_Perception_Camera/Camera-Hands-On-Solution-WS/install/lane_msgs/local/lib/python3.10/dist-packages/lane_msgs/msg/_lane_marking_projected_array.py'...
Compiling '/home/dee/Downloads/autowareclass2020/code/src/08_Perception_Camera/Camera-Hands-On-Solution-WS/install/lane_msgs/local/lib/python3.10/dist-packages/lane_msgs/msg/_lane_marking_projected_array_both.py'...
-- Installing: /home/dee/Downloads/autowareclass2020/code/src/08_Perception_Camera/Camera-Hands-On-Solution-WS/install/lane_msgs/lib/liblane_msgs__rosidl_generator_py.so
-- Set runtime path of "/home/dee/Downloads/autowareclass2020/code/src/08_Perception_Camera/Camera-Hands-On-Solution-WS/install/lane_msgs/lib/liblane_msgs__rosidl_generator_py.so" to ""
-- Installing: /home/dee/Downloads/autowareclass2020/code/src/08_Perception_Camera/Camera-Hands-On-Solution-WS/install/lane_msgs/share/lane_msgs/cmake/export_lane_msgs__rosidl_generator_cExport.cmake
-- Installing: /home/dee/Downloads/autowareclass2020/code/src/08_Perception_Camera/Camera-Hands-On-Solution-WS/install/lane_msgs/share/lane_msgs/cmake/export_lane_msgs__rosidl_generator_cExport-noconfig.cmake
-- Installing: /home/dee/Downloads/autowareclass2020/code/src/08_Perception_Camera/Camera-Hands-On-Solution-WS/install/lane_msgs/share/lane_msgs/cmake/export_lane_msgs__rosidl_typesupport_fastrtps_cExport.cmake
-- Installing: /home/dee/Downloads/autowareclass2020/code/src/08_Perception_Camera/Camera-Hands-On-Solution-WS/install/lane_msgs/share/lane_msgs/cmake/export_lane_msgs__rosidl_typesupport_fastrtps_cExport-noconfig.cmake
-- Installing: /home/dee/Downloads/autowareclass2020/code/src/08_Perception_Camera/Camera-Hands-On-Solution-WS/install/lane_msgs/share/lane_msgs/cmake/export_lane_msgs__rosidl_generator_cppExport.cmake
-- Installing: /home/dee/Downloads/autowareclass2020/code/src/08_Perception_Camera/Camera-Hands-On-Solution-WS/install/lane_msgs/share/lane_msgs/cmake/export_lane_msgs__rosidl_typesupport_fastrtps_cppExport.cmake
-- Installing: /home/dee/Downloads/autowareclass2020/code/src/08_Perception_Camera/Camera-Hands-On-Solution-WS/install/lane_msgs/share/lane_msgs/cmake/export_lane_msgs__rosidl_typesupport_fastrtps_cppExport-noconfig.cmake
-- Installing: /home/dee/Downloads/autowareclass2020/code/src/08_Perception_Camera/Camera-Hands-On-Solution-WS/install/lane_msgs/share/lane_msgs/cmake/lane_msgs__rosidl_typesupport_introspection_cExport.cmake
-- Installing: /home/dee/Downloads/autowareclass2020/code/src/08_Perception_Camera/Camera-Hands-On-Solution-WS/install/lane_msgs/share/lane_msgs/cmake/lane_msgs__rosidl_typesupport_introspection_cExport-noconfig.cmake
-- Installing: /home/dee/Downloads/autowareclass2020/code/src/08_Perception_Camera/Camera-Hands-On-Solution-WS/install/lane_msgs/share/lane_msgs/cmake/lane_msgs__rosidl_typesupport_cExport.cmake
-- Installing: /home/dee/Downloads/autowareclass2020/code/src/08_Perception_Camera/Camera-Hands-On-Solution-WS/install/lane_msgs/share/lane_msgs/cmake/lane_msgs__rosidl_typesupport_cExport-noconfig.cmake
-- Installing: /home/dee/Downloads/autowareclass2020/code/src/08_Perception_Camera/Camera-Hands-On-Solution-WS/install/lane_msgs/share/lane_msgs/cmake/lane_msgs__rosidl_typesupport_introspection_cppExport.cmake
-- Installing: /home/dee/Downloads/autowareclass2020/code/src/08_Perception_Camera/Camera-Hands-On-Solution-WS/install/lane_msgs/share/lane_msgs/cmake/lane_msgs__rosidl_typesupport_introspection_cppExport-noconfig.cmake
-- Installing: /home/dee/Downloads/autowareclass2020/code/src/08_Perception_Camera/Camera-Hands-On-Solution-WS/install/lane_msgs/share/lane_msgs/cmake/lane_msgs__rosidl_typesupport_cppExport.cmake
-- Installing: /home/dee/Downloads/autowareclass2020/code/src/08_Perception_Camera/Camera-Hands-On-Solution-WS/install/lane_msgs/share/lane_msgs/cmake/lane_msgs__rosidl_typesupport_cppExport-noconfig.cmake
-- Installing: /home/dee/Downloads/autowareclass2020/code/src/08_Perception_Camera/Camera-Hands-On-Solution-WS/install/lane_msgs/share/lane_msgs/cmake/export_lane_msgs__rosidl_generator_pyExport.cmake
-- Installing: /home/dee/Downloads/autowareclass2020/code/src/08_Perception_Camera/Camera-Hands-On-Solution-WS/install/lane_msgs/share/lane_msgs/cmake/export_lane_msgs__rosidl_generator_pyExport-noconfig.cmake
