[0.020s] Invoking command in '/home/dee/Downloads/autowareclass2020/code/src/08_Perception_Camera/Camera-Hands-On-Solution-WS/build/lane_msgs': CMAKE_PREFIX_PATH=${CMAKE_PREFIX_PATH}:/home/dee/Downloads/autoware/install/simulator_compatibility_test:/home/dee/Downloads/autoware/install/ad_api_visualizers:/home/dee/ros2_dee_ws/install/dee_turtle_controller:/home/dee/ros2_dee_ws/install/dee_params_pkg:/home/dee/ros2_dee_ws/install/dee_image_publisher:/home/dee/ros2_dee_ws/install/dee_action_svr:/opt/ros/humble /usr/bin/cmake /home/dee/Downloads/autowareclass2020/code/src/08_Perception_Camera/Camera-Hands-On-Solution-WS/src/lane_msgs -DAMENT_CMAKE_SYMLINK_INSTALL=1 -DCMAKE_INSTALL_PREFIX=/home/dee/Downloads/autowareclass2020/code/src/08_Perception_Camera/Camera-Hands-On-Solution-WS/install/lane_msgs
[0.267s] -- The C compiler identification is GNU 11.3.0
[0.374s] -- The CXX compiler identification is GNU 11.3.0
[0.385s] -- Detecting C compiler ABI info
[0.486s] -- Detecting C compiler ABI info - done
[0.490s] -- Check for working C compiler: /usr/bin/cc - skipped
[0.490s] -- Detecting C compile features
[0.491s] -- Detecting C compile features - done
[0.493s] -- Detecting CXX compiler ABI info
[0.594s] -- Detecting CXX compiler ABI info - done
[0.598s] -- Check for working CXX compiler: /usr/bin/c++ - skipped
[0.599s] -- Detecting CXX compile features
[0.599s] -- Detecting CXX compile features - done
[0.623s] -- Found ament_cmake: 1.3.3 (/opt/ros/humble/share/ament_cmake/cmake)
[0.822s] -- Found Python3: /usr/bin/python3.10 (found version "3.10.6") found components: Interpreter 
[0.878s] -- Override CMake install command with custom implementation using symlinks instead of copying resources
[1.059s] -- Found builtin_interfaces: 1.2.1 (/opt/ros/humble/share/builtin_interfaces/cmake)
[1.173s] -- Found rosidl_generator_c: 3.1.4 (/opt/ros/humble/share/rosidl_generator_c/cmake)
[1.198s] -- Found rosidl_adapter: 3.1.4 (/opt/ros/humble/share/rosidl_adapter/cmake)
[1.227s] -- Found rosidl_generator_cpp: 3.1.4 (/opt/ros/humble/share/rosidl_generator_cpp/cmake)
[1.281s] -- Using all available rosidl_typesupport_c: rosidl_typesupport_fastrtps_c;rosidl_typesupport_introspection_c
[1.337s] -- Using all available rosidl_typesupport_cpp: rosidl_typesupport_fastrtps_cpp;rosidl_typesupport_introspection_cpp
[1.393s] -- Found rosidl_default_generators: 1.2.0 (/opt/ros/humble/share/rosidl_default_generators/cmake)
[1.666s] -- Found ament_cmake_ros: 0.10.0 (/opt/ros/humble/share/ament_cmake_ros/cmake)
[1.953s] -- Using all available rosidl_typesupport_c: rosidl_typesupport_fastrtps_c;rosidl_typesupport_introspection_c
[2.059s] -- Using all available rosidl_typesupport_cpp: rosidl_typesupport_fastrtps_cpp;rosidl_typesupport_introspection_cpp
[2.082s] -- Found PythonInterp: /usr/bin/python3 (found suitable version "3.10.6", minimum required is "3.6") 
[2.095s] -- Found python_cmake_module: 0.10.0 (/opt/ros/humble/share/python_cmake_module/cmake)
[2.168s] -- Found PythonLibs: /usr/lib/aarch64-linux-gnu/libpython3.10.so (found suitable version "3.10.6", minimum required is "3.5") 
[2.169s] -- Using PYTHON_EXECUTABLE: /usr/bin/python3
[2.169s] -- Using PYTHON_INCLUDE_DIRS: /usr/include/python3.10
[2.169s] -- Using PYTHON_LIBRARIES: /usr/lib/aarch64-linux-gnu/libpython3.10.so
[2.187s] -- Found PythonExtra: .so  
[2.406s] -- Configuring done
[2.426s] -- Generating done
[2.428s] -- Build files have been written to: /home/dee/Downloads/autowareclass2020/code/src/08_Perception_Camera/Camera-Hands-On-Solution-WS/build/lane_msgs
[2.431s] Invoked command in '/home/dee/Downloads/autowareclass2020/code/src/08_Perception_Camera/Camera-Hands-On-Solution-WS/build/lane_msgs' returned '0': CMAKE_PREFIX_PATH=${CMAKE_PREFIX_PATH}:/home/dee/Downloads/autoware/install/simulator_compatibility_test:/home/dee/Downloads/autoware/install/ad_api_visualizers:/home/dee/ros2_dee_ws/install/dee_turtle_controller:/home/dee/ros2_dee_ws/install/dee_params_pkg:/home/dee/ros2_dee_ws/install/dee_image_publisher:/home/dee/ros2_dee_ws/install/dee_action_svr:/opt/ros/humble /usr/bin/cmake /home/dee/Downloads/autowareclass2020/code/src/08_Perception_Camera/Camera-Hands-On-Solution-WS/src/lane_msgs -DAMENT_CMAKE_SYMLINK_INSTALL=1 -DCMAKE_INSTALL_PREFIX=/home/dee/Downloads/autowareclass2020/code/src/08_Perception_Camera/Camera-Hands-On-Solution-WS/install/lane_msgs
[2.433s] Invoking command in '/home/dee/Downloads/autowareclass2020/code/src/08_Perception_Camera/Camera-Hands-On-Solution-WS/build/lane_msgs': CMAKE_PREFIX_PATH=${CMAKE_PREFIX_PATH}:/home/dee/Downloads/autoware/install/simulator_compatibility_test:/home/dee/Downloads/autoware/install/ad_api_visualizers:/home/dee/ros2_dee_ws/install/dee_turtle_controller:/home/dee/ros2_dee_ws/install/dee_params_pkg:/home/dee/ros2_dee_ws/install/dee_image_publisher:/home/dee/ros2_dee_ws/install/dee_action_svr:/opt/ros/humble /usr/bin/cmake --build /home/dee/Downloads/autowareclass2020/code/src/08_Perception_Camera/Camera-Hands-On-Solution-WS/build/lane_msgs -- -j2 -l2
[2.498s] [  1%] [34m[1mGenerating C code for ROS interfaces[0m
[2.517s] [  2%] [34m[1mGenerating C++ code for ROS interfaces[0m
[3.070s] [  2%] Built target lane_msgs__cpp
[3.119s] [  2%] Built target ament_cmake_python_symlink_lane_msgs
[3.141s] [  4%] [34m[1mGenerating C++ type support dispatch for ROS interfaces[0m
[3.331s] [  5%] [32mBuilding C object CMakeFiles/lane_msgs__rosidl_generator_c.dir/rosidl_generator_c/lane_msgs/msg/detail/lane_marking__functions.c.o[0m
[3.397s] [  7%] [32mBuilding CXX object CMakeFiles/lane_msgs__rosidl_typesupport_cpp.dir/rosidl_typesupport_cpp/lane_msgs/msg/lane_marking__type_support.cpp.o[0m
[3.423s] [  8%] [32mBuilding C object CMakeFiles/lane_msgs__rosidl_generator_c.dir/rosidl_generator_c/lane_msgs/msg/detail/lane_marking_array__functions.c.o[0m
[3.470s] [  9%] [32mBuilding C object CMakeFiles/lane_msgs__rosidl_generator_c.dir/rosidl_generator_c/lane_msgs/msg/detail/lane_marking_array_both__functions.c.o[0m
[3.529s] [ 11%] [32mBuilding C object CMakeFiles/lane_msgs__rosidl_generator_c.dir/rosidl_generator_c/lane_msgs/msg/detail/lane_marking_projected__functions.c.o[0m
[3.594s] [ 12%] [32mBuilding C object CMakeFiles/lane_msgs__rosidl_generator_c.dir/rosidl_generator_c/lane_msgs/msg/detail/lane_marking_projected_array__functions.c.o[0m
[3.616s] [ 14%] [32mBuilding CXX object CMakeFiles/lane_msgs__rosidl_typesupport_cpp.dir/rosidl_typesupport_cpp/lane_msgs/msg/lane_marking_array__type_support.cpp.o[0m
[3.664s] [ 15%] [32mBuilding C object CMakeFiles/lane_msgs__rosidl_generator_c.dir/rosidl_generator_c/lane_msgs/msg/detail/lane_marking_projected_array_both__functions.c.o[0m
[3.710s] [ 16%] [32m[1mLinking C shared library liblane_msgs__rosidl_generator_c.so[0m
[3.748s] [ 18%] [32mBuilding CXX object CMakeFiles/lane_msgs__rosidl_typesupport_cpp.dir/rosidl_typesupport_cpp/lane_msgs/msg/lane_marking_array_both__type_support.cpp.o[0m
[3.773s] [ 18%] Built target lane_msgs__rosidl_generator_c
[3.791s] [ 19%] [34m[1mGenerating C++ type support for eProsima Fast-RTPS[0m
[3.886s] [ 21%] [32mBuilding CXX object CMakeFiles/lane_msgs__rosidl_typesupport_cpp.dir/rosidl_typesupport_cpp/lane_msgs/msg/lane_marking_projected__type_support.cpp.o[0m
[4.020s] [ 22%] [32mBuilding CXX object CMakeFiles/lane_msgs__rosidl_typesupport_cpp.dir/rosidl_typesupport_cpp/lane_msgs/msg/lane_marking_projected_array__type_support.cpp.o[0m
[4.150s] [ 23%] [32mBuilding CXX object CMakeFiles/lane_msgs__rosidl_typesupport_cpp.dir/rosidl_typesupport_cpp/lane_msgs/msg/lane_marking_projected_array_both__type_support.cpp.o[0m
[4.283s] [ 25%] [32m[1mLinking CXX shared library liblane_msgs__rosidl_typesupport_cpp.so[0m
[4.298s] [ 26%] [32mBuilding CXX object CMakeFiles/lane_msgs__rosidl_typesupport_fastrtps_cpp.dir/rosidl_typesupport_fastrtps_cpp/lane_msgs/msg/detail/dds_fastrtps/lane_marking__type_support.cpp.o[0m
[4.333s] [ 26%] Built target lane_msgs__rosidl_typesupport_cpp
[4.368s] [ 28%] [34m[1mGenerating C introspection for ROS interfaces[0m
[4.528s] [ 29%] [32mBuilding CXX object CMakeFiles/lane_msgs__rosidl_typesupport_fastrtps_cpp.dir/rosidl_typesupport_fastrtps_cpp/lane_msgs/msg/detail/dds_fastrtps/lane_marking_array__type_support.cpp.o[0m
[4.738s] [ 30%] [32mBuilding CXX object CMakeFiles/lane_msgs__rosidl_typesupport_fastrtps_cpp.dir/rosidl_typesupport_fastrtps_cpp/lane_msgs/msg/detail/dds_fastrtps/lane_marking_array_both__type_support.cpp.o[0m
[4.850s] [ 32%] [32mBuilding C object CMakeFiles/lane_msgs__rosidl_typesupport_introspection_c.dir/rosidl_typesupport_introspection_c/lane_msgs/msg/detail/lane_marking__type_support.c.o[0m
[4.896s] [ 33%] [32mBuilding C object CMakeFiles/lane_msgs__rosidl_typesupport_introspection_c.dir/rosidl_typesupport_introspection_c/lane_msgs/msg/detail/lane_marking_array__type_support.c.o[0m
[4.937s] [ 35%] [32mBuilding C object CMakeFiles/lane_msgs__rosidl_typesupport_introspection_c.dir/rosidl_typesupport_introspection_c/lane_msgs/msg/detail/lane_marking_array_both__type_support.c.o[0m
[4.975s] [ 36%] [32mBuilding CXX object CMakeFiles/lane_msgs__rosidl_typesupport_fastrtps_cpp.dir/rosidl_typesupport_fastrtps_cpp/lane_msgs/msg/detail/dds_fastrtps/lane_marking_projected__type_support.cpp.o[0m
[4.986s] [ 38%] [32mBuilding C object CMakeFiles/lane_msgs__rosidl_typesupport_introspection_c.dir/rosidl_typesupport_introspection_c/lane_msgs/msg/detail/lane_marking_projected__type_support.c.o[0m
[5.024s] [ 39%] [32mBuilding C object CMakeFiles/lane_msgs__rosidl_typesupport_introspection_c.dir/rosidl_typesupport_introspection_c/lane_msgs/msg/detail/lane_marking_projected_array__type_support.c.o[0m
[5.065s] [ 40%] [32mBuilding C object CMakeFiles/lane_msgs__rosidl_typesupport_introspection_c.dir/rosidl_typesupport_introspection_c/lane_msgs/msg/detail/lane_marking_projected_array_both__type_support.c.o[0m
[5.106s] [ 42%] [32m[1mLinking C shared library liblane_msgs__rosidl_typesupport_introspection_c.so[0m
[5.155s] [ 42%] Built target lane_msgs__rosidl_typesupport_introspection_c
[5.174s] [ 43%] [34m[1mGenerating C type support dispatch for ROS interfaces[0m
[5.202s] [ 45%] [32mBuilding CXX object CMakeFiles/lane_msgs__rosidl_typesupport_fastrtps_cpp.dir/rosidl_typesupport_fastrtps_cpp/lane_msgs/msg/detail/dds_fastrtps/lane_marking_projected_array__type_support.cpp.o[0m
[5.428s] [ 46%] [32mBuilding CXX object CMakeFiles/lane_msgs__rosidl_typesupport_fastrtps_cpp.dir/rosidl_typesupport_fastrtps_cpp/lane_msgs/msg/detail/dds_fastrtps/lane_marking_projected_array_both__type_support.cpp.o[0m
[5.451s] [ 47%] [32mBuilding CXX object CMakeFiles/lane_msgs__rosidl_typesupport_c.dir/rosidl_typesupport_c/lane_msgs/msg/lane_marking__type_support.cpp.o[0m
[5.491s] [ 49%] [32mBuilding CXX object CMakeFiles/lane_msgs__rosidl_typesupport_c.dir/rosidl_typesupport_c/lane_msgs/msg/lane_marking_array__type_support.cpp.o[0m
[5.528s] [ 50%] [32mBuilding CXX object CMakeFiles/lane_msgs__rosidl_typesupport_c.dir/rosidl_typesupport_c/lane_msgs/msg/lane_marking_array_both__type_support.cpp.o[0m
[5.589s] [ 52%] [32mBuilding CXX object CMakeFiles/lane_msgs__rosidl_typesupport_c.dir/rosidl_typesupport_c/lane_msgs/msg/lane_marking_projected__type_support.cpp.o[0m
[5.627s] [ 53%] [32mBuilding CXX object CMakeFiles/lane_msgs__rosidl_typesupport_c.dir/rosidl_typesupport_c/lane_msgs/msg/lane_marking_projected_array__type_support.cpp.o[0m
[5.656s] [ 54%] [32m[1mLinking CXX shared library liblane_msgs__rosidl_typesupport_fastrtps_cpp.so[0m
[5.686s] [ 56%] [32mBuilding CXX object CMakeFiles/lane_msgs__rosidl_typesupport_c.dir/rosidl_typesupport_c/lane_msgs/msg/lane_marking_projected_array_both__type_support.cpp.o[0m
[5.721s] [ 56%] Built target lane_msgs__rosidl_typesupport_fastrtps_cpp
[5.724s] [ 57%] [32m[1mLinking CXX shared library liblane_msgs__rosidl_typesupport_c.so[0m
[5.739s] [ 59%] [34m[1mGenerating C++ introspection for ROS interfaces[0m
[5.798s] [ 59%] Built target lane_msgs__rosidl_typesupport_c
[6.012s] running egg_info
[6.012s] creating lane_msgs.egg-info
[6.012s] writing lane_msgs.egg-info/PKG-INFO
[6.012s] writing dependency_links to lane_msgs.egg-info/dependency_links.txt
[6.013s] writing top-level names to lane_msgs.egg-info/top_level.txt
[6.013s] writing manifest file 'lane_msgs.egg-info/SOURCES.txt'
[6.015s] reading manifest file 'lane_msgs.egg-info/SOURCES.txt'
[6.015s] writing manifest file 'lane_msgs.egg-info/SOURCES.txt'
[6.042s] [ 59%] Built target ament_cmake_python_build_lane_msgs_egg
[6.061s] [ 60%] [34m[1mGenerating C type support for eProsima Fast-RTPS[0m
[6.173s] [ 61%] [32mBuilding CXX object CMakeFiles/lane_msgs__rosidl_typesupport_introspection_cpp.dir/rosidl_typesupport_introspection_cpp/lane_msgs/msg/detail/lane_marking__type_support.cpp.o[0m
[6.467s] [ 63%] [32mBuilding CXX object CMakeFiles/lane_msgs__rosidl_typesupport_introspection_cpp.dir/rosidl_typesupport_introspection_cpp/lane_msgs/msg/detail/lane_marking_array__type_support.cpp.o[0m
[6.523s] [ 64%] [32mBuilding CXX object CMakeFiles/lane_msgs__rosidl_typesupport_fastrtps_c.dir/rosidl_typesupport_fastrtps_c/lane_msgs/msg/detail/lane_marking__type_support_c.cpp.o[0m
[6.701s] [ 66%] [32mBuilding CXX object CMakeFiles/lane_msgs__rosidl_typesupport_fastrtps_c.dir/rosidl_typesupport_fastrtps_c/lane_msgs/msg/detail/lane_marking_array__type_support_c.cpp.o[0m
[6.704s] [ 67%] [32mBuilding CXX object CMakeFiles/lane_msgs__rosidl_typesupport_introspection_cpp.dir/rosidl_typesupport_introspection_cpp/lane_msgs/msg/detail/lane_marking_array_both__type_support.cpp.o[0m
[6.884s] [ 69%] [32mBuilding CXX object CMakeFiles/lane_msgs__rosidl_typesupport_fastrtps_c.dir/rosidl_typesupport_fastrtps_c/lane_msgs/msg/detail/lane_marking_array_both__type_support_c.cpp.o[0m
[6.918s] [ 70%] [32mBuilding CXX object CMakeFiles/lane_msgs__rosidl_typesupport_introspection_cpp.dir/rosidl_typesupport_introspection_cpp/lane_msgs/msg/detail/lane_marking_projected__type_support.cpp.o[0m
[7.072s] [ 71%] [32mBuilding CXX object CMakeFiles/lane_msgs__rosidl_typesupport_fastrtps_c.dir/rosidl_typesupport_fastrtps_c/lane_msgs/msg/detail/lane_marking_projected__type_support_c.cpp.o[0m
[7.120s] [ 73%] [32mBuilding CXX object CMakeFiles/lane_msgs__rosidl_typesupport_introspection_cpp.dir/rosidl_typesupport_introspection_cpp/lane_msgs/msg/detail/lane_marking_projected_array__type_support.cpp.o[0m
[7.251s] [ 74%] [32mBuilding CXX object CMakeFiles/lane_msgs__rosidl_typesupport_fastrtps_c.dir/rosidl_typesupport_fastrtps_c/lane_msgs/msg/detail/lane_marking_projected_array__type_support_c.cpp.o[0m
[7.337s] [ 76%] [32mBuilding CXX object CMakeFiles/lane_msgs__rosidl_typesupport_introspection_cpp.dir/rosidl_typesupport_introspection_cpp/lane_msgs/msg/detail/lane_marking_projected_array_both__type_support.cpp.o[0m
[7.420s] [ 77%] [32mBuilding CXX object CMakeFiles/lane_msgs__rosidl_typesupport_fastrtps_c.dir/rosidl_typesupport_fastrtps_c/lane_msgs/msg/detail/lane_marking_projected_array_both__type_support_c.cpp.o[0m
[7.584s] [ 78%] [32m[1mLinking CXX shared library liblane_msgs__rosidl_typesupport_introspection_cpp.so[0m
[7.588s] [ 80%] [32m[1mLinking CXX shared library liblane_msgs__rosidl_typesupport_fastrtps_c.so[0m
[7.651s] [ 80%] Built target lane_msgs__rosidl_typesupport_introspection_cpp
[7.665s] [ 80%] Built target lane_msgs__rosidl_typesupport_fastrtps_c
[7.700s] [ 80%] Built target lane_msgs
[7.734s] [ 81%] [34m[1mGenerating Python code for ROS interfaces[0m
[8.201s] [ 81%] Built target lane_msgs__py
[8.238s] [ 83%] [32mBuilding C object CMakeFiles/lane_msgs__rosidl_generator_py.dir/rosidl_generator_py/lane_msgs/msg/_lane_marking_s.c.o[0m
[8.238s] [ 84%] [32mBuilding C object CMakeFiles/lane_msgs__rosidl_generator_py.dir/rosidl_generator_py/lane_msgs/msg/_lane_marking_array_s.c.o[0m
[8.343s] [ 85%] [32mBuilding C object CMakeFiles/lane_msgs__rosidl_generator_py.dir/rosidl_generator_py/lane_msgs/msg/_lane_marking_array_both_s.c.o[0m
[8.343s] [ 87%] [32mBuilding C object CMakeFiles/lane_msgs__rosidl_generator_py.dir/rosidl_generator_py/lane_msgs/msg/_lane_marking_projected_s.c.o[0m
[8.414s] [ 88%] [32mBuilding C object CMakeFiles/lane_msgs__rosidl_generator_py.dir/rosidl_generator_py/lane_msgs/msg/_lane_marking_projected_array_s.c.o[0m
[8.433s] [ 90%] [32mBuilding C object CMakeFiles/lane_msgs__rosidl_generator_py.dir/rosidl_generator_py/lane_msgs/msg/_lane_marking_projected_array_both_s.c.o[0m
[8.525s] [ 91%] [32m[1mLinking C shared library rosidl_generator_py/lane_msgs/liblane_msgs__rosidl_generator_py.so[0m
[8.582s] [ 91%] Built target lane_msgs__rosidl_generator_py
[8.618s] [ 92%] [32mBuilding C object CMakeFiles/lane_msgs__rosidl_typesupport_introspection_c__pyext.dir/rosidl_generator_py/lane_msgs/_lane_msgs_s.ep.rosidl_typesupport_introspection_c.c.o[0m
[8.619s] [ 94%] [32mBuilding C object CMakeFiles/lane_msgs__rosidl_typesupport_fastrtps_c__pyext.dir/rosidl_generator_py/lane_msgs/_lane_msgs_s.ep.rosidl_typesupport_fastrtps_c.c.o[0m
[8.699s] [ 95%] [32m[1mLinking C shared library rosidl_generator_py/lane_msgs/lane_msgs_s__rosidl_typesupport_fastrtps_c.cpython-310-aarch64-linux-gnu.so[0m
[8.712s] [ 97%] [32m[1mLinking C shared library rosidl_generator_py/lane_msgs/lane_msgs_s__rosidl_typesupport_introspection_c.cpython-310-aarch64-linux-gnu.so[0m
[8.744s] [ 97%] Built target lane_msgs__rosidl_typesupport_fastrtps_c__pyext
[8.759s] [ 97%] Built target lane_msgs__rosidl_typesupport_introspection_c__pyext
[8.794s] [ 98%] [32mBuilding C object CMakeFiles/lane_msgs__rosidl_typesupport_c__pyext.dir/rosidl_generator_py/lane_msgs/_lane_msgs_s.ep.rosidl_typesupport_c.c.o[0m
[8.873s] [100%] [32m[1mLinking C shared library rosidl_generator_py/lane_msgs/lane_msgs_s__rosidl_typesupport_c.cpython-310-aarch64-linux-gnu.so[0m
[8.915s] [100%] Built target lane_msgs__rosidl_typesupport_c__pyext
[8.930s] Invoked command in '/home/dee/Downloads/autowareclass2020/code/src/08_Perception_Camera/Camera-Hands-On-Solution-WS/build/lane_msgs' returned '0': CMAKE_PREFIX_PATH=${CMAKE_PREFIX_PATH}:/home/dee/Downloads/autoware/install/simulator_compatibility_test:/home/dee/Downloads/autoware/install/ad_api_visualizers:/home/dee/ros2_dee_ws/install/dee_turtle_controller:/home/dee/ros2_dee_ws/install/dee_params_pkg:/home/dee/ros2_dee_ws/install/dee_image_publisher:/home/dee/ros2_dee_ws/install/dee_action_svr:/opt/ros/humble /usr/bin/cmake --build /home/dee/Downloads/autowareclass2020/code/src/08_Perception_Camera/Camera-Hands-On-Solution-WS/build/lane_msgs -- -j2 -l2
[9.384s] Invoking command in '/home/dee/Downloads/autowareclass2020/code/src/08_Perception_Camera/Camera-Hands-On-Solution-WS/build/lane_msgs': CMAKE_PREFIX_PATH=${CMAKE_PREFIX_PATH}:/home/dee/Downloads/autoware/install/simulator_compatibility_test:/home/dee/Downloads/autoware/install/ad_api_visualizers:/home/dee/ros2_dee_ws/install/dee_turtle_controller:/home/dee/ros2_dee_ws/install/dee_params_pkg:/home/dee/ros2_dee_ws/install/dee_image_publisher:/home/dee/ros2_dee_ws/install/dee_action_svr:/opt/ros/humble /usr/bin/cmake --install /home/dee/Downloads/autowareclass2020/code/src/08_Perception_Camera/Camera-Hands-On-Solution-WS/build/lane_msgs
[9.396s] -- Install configuration: ""
[9.396s] -- Execute custom install script
[9.397s] -- Symlinking: /home/dee/Downloads/autowareclass2020/code/src/08_Perception_Camera/Camera-Hands-On-Solution-WS/install/lane_msgs/share/ament_index/resource_index/rosidl_interfaces/lane_msgs
[9.409s] -- Symlinking: /home/dee/Downloads/autowareclass2020/code/src/08_Perception_Camera/Camera-Hands-On-Solution-WS/install/lane_msgs/include/lane_msgs/lane_msgs/msg/detail/lane_marking__functions.h
[9.422s] -- Symlinking: /home/dee/Downloads/autowareclass2020/code/src/08_Perception_Camera/Camera-Hands-On-Solution-WS/install/lane_msgs/include/lane_msgs/lane_msgs/msg/detail/lane_marking__struct.h
[9.435s] -- Symlinking: /home/dee/Downloads/autowareclass2020/code/src/08_Perception_Camera/Camera-Hands-On-Solution-WS/install/lane_msgs/include/lane_msgs/lane_msgs/msg/detail/lane_marking__type_support.h
[9.455s] -- Symlinking: /home/dee/Downloads/autowareclass2020/code/src/08_Perception_Camera/Camera-Hands-On-Solution-WS/install/lane_msgs/include/lane_msgs/lane_msgs/msg/detail/lane_marking_array__functions.h
[9.471s] -- Symlinking: /home/dee/Downloads/autowareclass2020/code/src/08_Perception_Camera/Camera-Hands-On-Solution-WS/install/lane_msgs/include/lane_msgs/lane_msgs/msg/detail/lane_marking_array__struct.h
[9.484s] -- Symlinking: /home/dee/Downloads/autowareclass2020/code/src/08_Perception_Camera/Camera-Hands-On-Solution-WS/install/lane_msgs/include/lane_msgs/lane_msgs/msg/detail/lane_marking_array__type_support.h
[9.497s] -- Symlinking: /home/dee/Downloads/autowareclass2020/code/src/08_Perception_Camera/Camera-Hands-On-Solution-WS/install/lane_msgs/include/lane_msgs/lane_msgs/msg/detail/lane_marking_array_both__functions.h
[9.510s] -- Symlinking: /home/dee/Downloads/autowareclass2020/code/src/08_Perception_Camera/Camera-Hands-On-Solution-WS/install/lane_msgs/include/lane_msgs/lane_msgs/msg/detail/lane_marking_array_both__struct.h
[9.522s] -- Symlinking: /home/dee/Downloads/autowareclass2020/code/src/08_Perception_Camera/Camera-Hands-On-Solution-WS/install/lane_msgs/include/lane_msgs/lane_msgs/msg/detail/lane_marking_array_both__type_support.h
[9.534s] -- Symlinking: /home/dee/Downloads/autowareclass2020/code/src/08_Perception_Camera/Camera-Hands-On-Solution-WS/install/lane_msgs/include/lane_msgs/lane_msgs/msg/detail/lane_marking_projected__functions.h
[9.554s] -- Symlinking: /home/dee/Downloads/autowareclass2020/code/src/08_Perception_Camera/Camera-Hands-On-Solution-WS/install/lane_msgs/include/lane_msgs/lane_msgs/msg/detail/lane_marking_projected__struct.h
[9.559s] -- Symlinking: /home/dee/Downloads/autowareclass2020/code/src/08_Perception_Camera/Camera-Hands-On-Solution-WS/install/lane_msgs/include/lane_msgs/lane_msgs/msg/detail/lane_marking_projected__type_support.h
[9.573s] -- Symlinking: /home/dee/Downloads/autowareclass2020/code/src/08_Perception_Camera/Camera-Hands-On-Solution-WS/install/lane_msgs/include/lane_msgs/lane_msgs/msg/detail/lane_marking_projected_array__functions.h
[9.584s] -- Symlinking: /home/dee/Downloads/autowareclass2020/code/src/08_Perception_Camera/Camera-Hands-On-Solution-WS/install/lane_msgs/include/lane_msgs/lane_msgs/msg/detail/lane_marking_projected_array__struct.h
[9.596s] -- Symlinking: /home/dee/Downloads/autowareclass2020/code/src/08_Perception_Camera/Camera-Hands-On-Solution-WS/install/lane_msgs/include/lane_msgs/lane_msgs/msg/detail/lane_marking_projected_array__type_support.h
[9.609s] -- Symlinking: /home/dee/Downloads/autowareclass2020/code/src/08_Perception_Camera/Camera-Hands-On-Solution-WS/install/lane_msgs/include/lane_msgs/lane_msgs/msg/detail/lane_marking_projected_array_both__functions.h
[9.622s] -- Symlinking: /home/dee/Downloads/autowareclass2020/code/src/08_Perception_Camera/Camera-Hands-On-Solution-WS/install/lane_msgs/include/lane_msgs/lane_msgs/msg/detail/lane_marking_projected_array_both__struct.h
[9.633s] -- Symlinking: /home/dee/Downloads/autowareclass2020/code/src/08_Perception_Camera/Camera-Hands-On-Solution-WS/install/lane_msgs/include/lane_msgs/lane_msgs/msg/detail/lane_marking_projected_array_both__type_support.h
[9.646s] -- Symlinking: /home/dee/Downloads/autowareclass2020/code/src/08_Perception_Camera/Camera-Hands-On-Solution-WS/install/lane_msgs/include/lane_msgs/lane_msgs/msg/lane_marking.h
[9.659s] -- Symlinking: /home/dee/Downloads/autowareclass2020/code/src/08_Perception_Camera/Camera-Hands-On-Solution-WS/install/lane_msgs/include/lane_msgs/lane_msgs/msg/lane_marking_array.h
[9.672s] -- Symlinking: /home/dee/Downloads/autowareclass2020/code/src/08_Perception_Camera/Camera-Hands-On-Solution-WS/install/lane_msgs/include/lane_msgs/lane_msgs/msg/lane_marking_array_both.h
[9.684s] -- Symlinking: /home/dee/Downloads/autowareclass2020/code/src/08_Perception_Camera/Camera-Hands-On-Solution-WS/install/lane_msgs/include/lane_msgs/lane_msgs/msg/lane_marking_projected.h
[9.697s] -- Symlinking: /home/dee/Downloads/autowareclass2020/code/src/08_Perception_Camera/Camera-Hands-On-Solution-WS/install/lane_msgs/include/lane_msgs/lane_msgs/msg/lane_marking_projected_array.h
[9.709s] -- Symlinking: /home/dee/Downloads/autowareclass2020/code/src/08_Perception_Camera/Camera-Hands-On-Solution-WS/install/lane_msgs/include/lane_msgs/lane_msgs/msg/lane_marking_projected_array_both.h
[9.721s] -- Symlinking: /home/dee/Downloads/autowareclass2020/code/src/08_Perception_Camera/Camera-Hands-On-Solution-WS/install/lane_msgs/include/lane_msgs/lane_msgs/msg/rosidl_generator_c__visibility_control.h
[9.733s] -- Symlinking: /home/dee/Downloads/autowareclass2020/code/src/08_Perception_Camera/Camera-Hands-On-Solution-WS/install/lane_msgs/share/lane_msgs/environment/library_path.sh
[9.746s] -- Symlinking: /home/dee/Downloads/autowareclass2020/code/src/08_Perception_Camera/Camera-Hands-On-Solution-WS/install/lane_msgs/share/lane_msgs/environment/library_path.dsv
[9.759s] -- Symlinking: /home/dee/Downloads/autowareclass2020/code/src/08_Perception_Camera/Camera-Hands-On-Solution-WS/install/lane_msgs/include/lane_msgs/lane_msgs/msg/detail/lane_marking__rosidl_typesupport_fastrtps_c.h
[9.773s] -- Symlinking: /home/dee/Downloads/autowareclass2020/code/src/08_Perception_Camera/Camera-Hands-On-Solution-WS/install/lane_msgs/include/lane_msgs/lane_msgs/msg/detail/lane_marking_array__rosidl_typesupport_fastrtps_c.h
[9.785s] -- Symlinking: /home/dee/Downloads/autowareclass2020/code/src/08_Perception_Camera/Camera-Hands-On-Solution-WS/install/lane_msgs/include/lane_msgs/lane_msgs/msg/detail/lane_marking_array_both__rosidl_typesupport_fastrtps_c.h
[9.798s] -- Symlinking: /home/dee/Downloads/autowareclass2020/code/src/08_Perception_Camera/Camera-Hands-On-Solution-WS/install/lane_msgs/include/lane_msgs/lane_msgs/msg/detail/lane_marking_projected__rosidl_typesupport_fastrtps_c.h
[9.810s] -- Symlinking: /home/dee/Downloads/autowareclass2020/code/src/08_Perception_Camera/Camera-Hands-On-Solution-WS/install/lane_msgs/include/lane_msgs/lane_msgs/msg/detail/lane_marking_projected_array__rosidl_typesupport_fastrtps_c.h
[9.822s] -- Symlinking: /home/dee/Downloads/autowareclass2020/code/src/08_Perception_Camera/Camera-Hands-On-Solution-WS/install/lane_msgs/include/lane_msgs/lane_msgs/msg/detail/lane_marking_projected_array_both__rosidl_typesupport_fastrtps_c.h
[9.834s] -- Symlinking: /home/dee/Downloads/autowareclass2020/code/src/08_Perception_Camera/Camera-Hands-On-Solution-WS/install/lane_msgs/include/lane_msgs/lane_msgs/msg/rosidl_typesupport_fastrtps_c__visibility_control.h
[9.847s] -- Symlinking: /home/dee/Downloads/autowareclass2020/code/src/08_Perception_Camera/Camera-Hands-On-Solution-WS/install/lane_msgs/include/lane_msgs/lane_msgs/msg/detail/lane_marking__builder.hpp
[9.861s] -- Symlinking: /home/dee/Downloads/autowareclass2020/code/src/08_Perception_Camera/Camera-Hands-On-Solution-WS/install/lane_msgs/include/lane_msgs/lane_msgs/msg/detail/lane_marking__struct.hpp
[9.873s] -- Symlinking: /home/dee/Downloads/autowareclass2020/code/src/08_Perception_Camera/Camera-Hands-On-Solution-WS/install/lane_msgs/include/lane_msgs/lane_msgs/msg/detail/lane_marking__traits.hpp
[9.886s] -- Symlinking: /home/dee/Downloads/autowareclass2020/code/src/08_Perception_Camera/Camera-Hands-On-Solution-WS/install/lane_msgs/include/lane_msgs/lane_msgs/msg/detail/lane_marking_array__builder.hpp
[9.898s] -- Symlinking: /home/dee/Downloads/autowareclass2020/code/src/08_Perception_Camera/Camera-Hands-On-Solution-WS/install/lane_msgs/include/lane_msgs/lane_msgs/msg/detail/lane_marking_array__struct.hpp
[9.911s] -- Symlinking: /home/dee/Downloads/autowareclass2020/code/src/08_Perception_Camera/Camera-Hands-On-Solution-WS/install/lane_msgs/include/lane_msgs/lane_msgs/msg/detail/lane_marking_array__traits.hpp
[9.922s] -- Symlinking: /home/dee/Downloads/autowareclass2020/code/src/08_Perception_Camera/Camera-Hands-On-Solution-WS/install/lane_msgs/include/lane_msgs/lane_msgs/msg/detail/lane_marking_array_both__builder.hpp
[9.934s] -- Symlinking: /home/dee/Downloads/autowareclass2020/code/src/08_Perception_Camera/Camera-Hands-On-Solution-WS/install/lane_msgs/include/lane_msgs/lane_msgs/msg/detail/lane_marking_array_both__struct.hpp
[9.947s] -- Symlinking: /home/dee/Downloads/autowareclass2020/code/src/08_Perception_Camera/Camera-Hands-On-Solution-WS/install/lane_msgs/include/lane_msgs/lane_msgs/msg/detail/lane_marking_array_both__traits.hpp
[9.960s] -- Symlinking: /home/dee/Downloads/autowareclass2020/code/src/08_Perception_Camera/Camera-Hands-On-Solution-WS/install/lane_msgs/include/lane_msgs/lane_msgs/msg/detail/lane_marking_projected__builder.hpp
[9.973s] -- Symlinking: /home/dee/Downloads/autowareclass2020/code/src/08_Perception_Camera/Camera-Hands-On-Solution-WS/install/lane_msgs/include/lane_msgs/lane_msgs/msg/detail/lane_marking_projected__struct.hpp
[9.986s] -- Symlinking: /home/dee/Downloads/autowareclass2020/code/src/08_Perception_Camera/Camera-Hands-On-Solution-WS/install/lane_msgs/include/lane_msgs/lane_msgs/msg/detail/lane_marking_projected__traits.hpp
[9.998s] -- Symlinking: /home/dee/Downloads/autowareclass2020/code/src/08_Perception_Camera/Camera-Hands-On-Solution-WS/install/lane_msgs/include/lane_msgs/lane_msgs/msg/detail/lane_marking_projected_array__builder.hpp
[10.011s] -- Symlinking: /home/dee/Downloads/autowareclass2020/code/src/08_Perception_Camera/Camera-Hands-On-Solution-WS/install/lane_msgs/include/lane_msgs/lane_msgs/msg/detail/lane_marking_projected_array__struct.hpp
[10.023s] -- Symlinking: /home/dee/Downloads/autowareclass2020/code/src/08_Perception_Camera/Camera-Hands-On-Solution-WS/install/lane_msgs/include/lane_msgs/lane_msgs/msg/detail/lane_marking_projected_array__traits.hpp
[10.035s] -- Symlinking: /home/dee/Downloads/autowareclass2020/code/src/08_Perception_Camera/Camera-Hands-On-Solution-WS/install/lane_msgs/include/lane_msgs/lane_msgs/msg/detail/lane_marking_projected_array_both__builder.hpp
[10.048s] -- Symlinking: /home/dee/Downloads/autowareclass2020/code/src/08_Perception_Camera/Camera-Hands-On-Solution-WS/install/lane_msgs/include/lane_msgs/lane_msgs/msg/detail/lane_marking_projected_array_both__struct.hpp
[10.061s] -- Symlinking: /home/dee/Downloads/autowareclass2020/code/src/08_Perception_Camera/Camera-Hands-On-Solution-WS/install/lane_msgs/include/lane_msgs/lane_msgs/msg/detail/lane_marking_projected_array_both__traits.hpp
[10.074s] -- Symlinking: /home/dee/Downloads/autowareclass2020/code/src/08_Perception_Camera/Camera-Hands-On-Solution-WS/install/lane_msgs/include/lane_msgs/lane_msgs/msg/lane_marking.hpp
[10.087s] -- Symlinking: /home/dee/Downloads/autowareclass2020/code/src/08_Perception_Camera/Camera-Hands-On-Solution-WS/install/lane_msgs/include/lane_msgs/lane_msgs/msg/lane_marking_array.hpp
[10.099s] -- Symlinking: /home/dee/Downloads/autowareclass2020/code/src/08_Perception_Camera/Camera-Hands-On-Solution-WS/install/lane_msgs/include/lane_msgs/lane_msgs/msg/lane_marking_array_both.hpp
[10.111s] -- Symlinking: /home/dee/Downloads/autowareclass2020/code/src/08_Perception_Camera/Camera-Hands-On-Solution-WS/install/lane_msgs/include/lane_msgs/lane_msgs/msg/lane_marking_projected.hpp
[10.123s] -- Symlinking: /home/dee/Downloads/autowareclass2020/code/src/08_Perception_Camera/Camera-Hands-On-Solution-WS/install/lane_msgs/include/lane_msgs/lane_msgs/msg/lane_marking_projected_array.hpp
[10.135s] -- Symlinking: /home/dee/Downloads/autowareclass2020/code/src/08_Perception_Camera/Camera-Hands-On-Solution-WS/install/lane_msgs/include/lane_msgs/lane_msgs/msg/lane_marking_projected_array_both.hpp
[10.149s] -- Symlinking: /home/dee/Downloads/autowareclass2020/code/src/08_Perception_Camera/Camera-Hands-On-Solution-WS/install/lane_msgs/include/lane_msgs/lane_msgs/msg/detail/lane_marking__rosidl_typesupport_fastrtps_cpp.hpp
[10.162s] -- Symlinking: /home/dee/Downloads/autowareclass2020/code/src/08_Perception_Camera/Camera-Hands-On-Solution-WS/install/lane_msgs/include/lane_msgs/lane_msgs/msg/detail/lane_marking_array__rosidl_typesupport_fastrtps_cpp.hpp
[10.174s] -- Symlinking: /home/dee/Downloads/autowareclass2020/code/src/08_Perception_Camera/Camera-Hands-On-Solution-WS/install/lane_msgs/include/lane_msgs/lane_msgs/msg/detail/lane_marking_array_both__rosidl_typesupport_fastrtps_cpp.hpp
[10.186s] -- Symlinking: /home/dee/Downloads/autowareclass2020/code/src/08_Perception_Camera/Camera-Hands-On-Solution-WS/install/lane_msgs/include/lane_msgs/lane_msgs/msg/detail/lane_marking_projected__rosidl_typesupport_fastrtps_cpp.hpp
[10.199s] -- Symlinking: /home/dee/Downloads/autowareclass2020/code/src/08_Perception_Camera/Camera-Hands-On-Solution-WS/install/lane_msgs/include/lane_msgs/lane_msgs/msg/detail/lane_marking_projected_array__rosidl_typesupport_fastrtps_cpp.hpp
[10.210s] -- Symlinking: /home/dee/Downloads/autowareclass2020/code/src/08_Perception_Camera/Camera-Hands-On-Solution-WS/install/lane_msgs/include/lane_msgs/lane_msgs/msg/detail/lane_marking_projected_array_both__rosidl_typesupport_fastrtps_cpp.hpp
[10.222s] -- Symlinking: /home/dee/Downloads/autowareclass2020/code/src/08_Perception_Camera/Camera-Hands-On-Solution-WS/install/lane_msgs/include/lane_msgs/lane_msgs/msg/rosidl_typesupport_fastrtps_cpp__visibility_control.h
[10.235s] -- Symlinking: /home/dee/Downloads/autowareclass2020/code/src/08_Perception_Camera/Camera-Hands-On-Solution-WS/install/lane_msgs/include/lane_msgs/lane_msgs/msg/detail/lane_marking__rosidl_typesupport_introspection_c.h
[10.248s] -- Symlinking: /home/dee/Downloads/autowareclass2020/code/src/08_Perception_Camera/Camera-Hands-On-Solution-WS/install/lane_msgs/include/lane_msgs/lane_msgs/msg/detail/lane_marking_array__rosidl_typesupport_introspection_c.h
[10.261s] -- Symlinking: /home/dee/Downloads/autowareclass2020/code/src/08_Perception_Camera/Camera-Hands-On-Solution-WS/install/lane_msgs/include/lane_msgs/lane_msgs/msg/detail/lane_marking_array_both__rosidl_typesupport_introspection_c.h
[10.274s] -- Symlinking: /home/dee/Downloads/autowareclass2020/code/src/08_Perception_Camera/Camera-Hands-On-Solution-WS/install/lane_msgs/include/lane_msgs/lane_msgs/msg/detail/lane_marking_projected__rosidl_typesupport_introspection_c.h
[10.286s] -- Symlinking: /home/dee/Downloads/autowareclass2020/code/src/08_Perception_Camera/Camera-Hands-On-Solution-WS/install/lane_msgs/include/lane_msgs/lane_msgs/msg/detail/lane_marking_projected_array__rosidl_typesupport_introspection_c.h
[10.299s] -- Symlinking: /home/dee/Downloads/autowareclass2020/code/src/08_Perception_Camera/Camera-Hands-On-Solution-WS/install/lane_msgs/include/lane_msgs/lane_msgs/msg/detail/lane_marking_projected_array_both__rosidl_typesupport_introspection_c.h
[10.310s] -- Symlinking: /home/dee/Downloads/autowareclass2020/code/src/08_Perception_Camera/Camera-Hands-On-Solution-WS/install/lane_msgs/include/lane_msgs/lane_msgs/msg/rosidl_typesupport_introspection_c__visibility_control.h
[10.323s] -- Symlinking: /home/dee/Downloads/autowareclass2020/code/src/08_Perception_Camera/Camera-Hands-On-Solution-WS/install/lane_msgs/include/lane_msgs/lane_msgs/msg/detail/lane_marking__rosidl_typesupport_introspection_cpp.hpp
[10.335s] -- Symlinking: /home/dee/Downloads/autowareclass2020/code/src/08_Perception_Camera/Camera-Hands-On-Solution-WS/install/lane_msgs/include/lane_msgs/lane_msgs/msg/detail/lane_marking_array__rosidl_typesupport_introspection_cpp.hpp
[10.347s] -- Symlinking: /home/dee/Downloads/autowareclass2020/code/src/08_Perception_Camera/Camera-Hands-On-Solution-WS/install/lane_msgs/include/lane_msgs/lane_msgs/msg/detail/lane_marking_array_both__rosidl_typesupport_introspection_cpp.hpp
[10.361s] -- Symlinking: /home/dee/Downloads/autowareclass2020/code/src/08_Perception_Camera/Camera-Hands-On-Solution-WS/install/lane_msgs/include/lane_msgs/lane_msgs/msg/detail/lane_marking_projected__rosidl_typesupport_introspection_cpp.hpp
[10.374s] -- Symlinking: /home/dee/Downloads/autowareclass2020/code/src/08_Perception_Camera/Camera-Hands-On-Solution-WS/install/lane_msgs/include/lane_msgs/lane_msgs/msg/detail/lane_marking_projected_array__rosidl_typesupport_introspection_cpp.hpp
[10.386s] -- Symlinking: /home/dee/Downloads/autowareclass2020/code/src/08_Perception_Camera/Camera-Hands-On-Solution-WS/install/lane_msgs/include/lane_msgs/lane_msgs/msg/detail/lane_marking_projected_array_both__rosidl_typesupport_introspection_cpp.hpp
[10.398s] -- Symlinking: /home/dee/Downloads/autowareclass2020/code/src/08_Perception_Camera/Camera-Hands-On-Solution-WS/install/lane_msgs/share/lane_msgs/environment/pythonpath.sh
[10.411s] -- Symlinking: /home/dee/Downloads/autowareclass2020/code/src/08_Perception_Camera/Camera-Hands-On-Solution-WS/install/lane_msgs/share/lane_msgs/environment/pythonpath.dsv
[10.423s] -- Symlinking: /home/dee/Downloads/autowareclass2020/code/src/08_Perception_Camera/Camera-Hands-On-Solution-WS/install/lane_msgs/local/lib/python3.10/dist-packages/lane_msgs-1.0.0-py3.10.egg-info/PKG-INFO
[10.435s] -- Symlinking: /home/dee/Downloads/autowareclass2020/code/src/08_Perception_Camera/Camera-Hands-On-Solution-WS/install/lane_msgs/local/lib/python3.10/dist-packages/lane_msgs-1.0.0-py3.10.egg-info/SOURCES.txt
[10.447s] -- Symlinking: /home/dee/Downloads/autowareclass2020/code/src/08_Perception_Camera/Camera-Hands-On-Solution-WS/install/lane_msgs/local/lib/python3.10/dist-packages/lane_msgs-1.0.0-py3.10.egg-info/dependency_links.txt
[10.460s] -- Symlinking: /home/dee/Downloads/autowareclass2020/code/src/08_Perception_Camera/Camera-Hands-On-Solution-WS/install/lane_msgs/local/lib/python3.10/dist-packages/lane_msgs-1.0.0-py3.10.egg-info/top_level.txt
[10.473s] -- Symlinking: /home/dee/Downloads/autowareclass2020/code/src/08_Perception_Camera/Camera-Hands-On-Solution-WS/install/lane_msgs/local/lib/python3.10/dist-packages/lane_msgs/__init__.py
[10.485s] -- Symlinking: /home/dee/Downloads/autowareclass2020/code/src/08_Perception_Camera/Camera-Hands-On-Solution-WS/install/lane_msgs/local/lib/python3.10/dist-packages/lane_msgs/_lane_msgs_s.ep.rosidl_typesupport_c.c
[10.497s] -- Symlinking: /home/dee/Downloads/autowareclass2020/code/src/08_Perception_Camera/Camera-Hands-On-Solution-WS/install/lane_msgs/local/lib/python3.10/dist-packages/lane_msgs/_lane_msgs_s.ep.rosidl_typesupport_fastrtps_c.c
[10.510s] -- Symlinking: /home/dee/Downloads/autowareclass2020/code/src/08_Perception_Camera/Camera-Hands-On-Solution-WS/install/lane_msgs/local/lib/python3.10/dist-packages/lane_msgs/_lane_msgs_s.ep.rosidl_typesupport_introspection_c.c
[10.522s] -- Symlinking: /home/dee/Downloads/autowareclass2020/code/src/08_Perception_Camera/Camera-Hands-On-Solution-WS/install/lane_msgs/local/lib/python3.10/dist-packages/lane_msgs/lane_msgs_s__rosidl_typesupport_c.cpython-310-aarch64-linux-gnu.so
[10.533s] -- Symlinking: /home/dee/Downloads/autowareclass2020/code/src/08_Perception_Camera/Camera-Hands-On-Solution-WS/install/lane_msgs/local/lib/python3.10/dist-packages/lane_msgs/lane_msgs_s__rosidl_typesupport_fastrtps_c.cpython-310-aarch64-linux-gnu.so
[10.546s] -- Symlinking: /home/dee/Downloads/autowareclass2020/code/src/08_Perception_Camera/Camera-Hands-On-Solution-WS/install/lane_msgs/local/lib/python3.10/dist-packages/lane_msgs/lane_msgs_s__rosidl_typesupport_introspection_c.cpython-310-aarch64-linux-gnu.so
[10.559s] -- Symlinking: /home/dee/Downloads/autowareclass2020/code/src/08_Perception_Camera/Camera-Hands-On-Solution-WS/install/lane_msgs/local/lib/python3.10/dist-packages/lane_msgs/liblane_msgs__rosidl_generator_py.so
[10.571s] -- Symlinking: /home/dee/Downloads/autowareclass2020/code/src/08_Perception_Camera/Camera-Hands-On-Solution-WS/install/lane_msgs/local/lib/python3.10/dist-packages/lane_msgs/msg/__init__.py
[10.584s] -- Symlinking: /home/dee/Downloads/autowareclass2020/code/src/08_Perception_Camera/Camera-Hands-On-Solution-WS/install/lane_msgs/local/lib/python3.10/dist-packages/lane_msgs/msg/_lane_marking.py
[10.596s] -- Symlinking: /home/dee/Downloads/autowareclass2020/code/src/08_Perception_Camera/Camera-Hands-On-Solution-WS/install/lane_msgs/local/lib/python3.10/dist-packages/lane_msgs/msg/_lane_marking_array.py
[10.608s] -- Symlinking: /home/dee/Downloads/autowareclass2020/code/src/08_Perception_Camera/Camera-Hands-On-Solution-WS/install/lane_msgs/local/lib/python3.10/dist-packages/lane_msgs/msg/_lane_marking_array_both.py
[10.621s] -- Symlinking: /home/dee/Downloads/autowareclass2020/code/src/08_Perception_Camera/Camera-Hands-On-Solution-WS/install/lane_msgs/local/lib/python3.10/dist-packages/lane_msgs/msg/_lane_marking_array_both_s.c
[10.633s] -- Symlinking: /home/dee/Downloads/autowareclass2020/code/src/08_Perception_Camera/Camera-Hands-On-Solution-WS/install/lane_msgs/local/lib/python3.10/dist-packages/lane_msgs/msg/_lane_marking_array_s.c
[10.646s] -- Symlinking: /home/dee/Downloads/autowareclass2020/code/src/08_Perception_Camera/Camera-Hands-On-Solution-WS/install/lane_msgs/local/lib/python3.10/dist-packages/lane_msgs/msg/_lane_marking_projected.py
[10.659s] -- Symlinking: /home/dee/Downloads/autowareclass2020/code/src/08_Perception_Camera/Camera-Hands-On-Solution-WS/install/lane_msgs/local/lib/python3.10/dist-packages/lane_msgs/msg/_lane_marking_projected_array.py
[10.672s] -- Symlinking: /home/dee/Downloads/autowareclass2020/code/src/08_Perception_Camera/Camera-Hands-On-Solution-WS/install/lane_msgs/local/lib/python3.10/dist-packages/lane_msgs/msg/_lane_marking_projected_array_both.py
[10.685s] -- Symlinking: /home/dee/Downloads/autowareclass2020/code/src/08_Perception_Camera/Camera-Hands-On-Solution-WS/install/lane_msgs/local/lib/python3.10/dist-packages/lane_msgs/msg/_lane_marking_projected_array_both_s.c
[10.698s] -- Symlinking: /home/dee/Downloads/autowareclass2020/code/src/08_Perception_Camera/Camera-Hands-On-Solution-WS/install/lane_msgs/local/lib/python3.10/dist-packages/lane_msgs/msg/_lane_marking_projected_array_s.c
[10.710s] -- Symlinking: /home/dee/Downloads/autowareclass2020/code/src/08_Perception_Camera/Camera-Hands-On-Solution-WS/install/lane_msgs/local/lib/python3.10/dist-packages/lane_msgs/msg/_lane_marking_projected_s.c
[10.722s] -- Symlinking: /home/dee/Downloads/autowareclass2020/code/src/08_Perception_Camera/Camera-Hands-On-Solution-WS/install/lane_msgs/local/lib/python3.10/dist-packages/lane_msgs/msg/_lane_marking_s.c
[10.734s] -- Up-to-date symlink: /home/dee/Downloads/autowareclass2020/code/src/08_Perception_Camera/Camera-Hands-On-Solution-WS/install/lane_msgs/local/lib/python3.10/dist-packages/lane_msgs/lane_msgs_s__rosidl_typesupport_fastrtps_c.cpython-310-aarch64-linux-gnu.so
[10.734s] -- Up-to-date symlink: /home/dee/Downloads/autowareclass2020/code/src/08_Perception_Camera/Camera-Hands-On-Solution-WS/install/lane_msgs/local/lib/python3.10/dist-packages/lane_msgs/lane_msgs_s__rosidl_typesupport_introspection_c.cpython-310-aarch64-linux-gnu.so
[10.734s] -- Up-to-date symlink: /home/dee/Downloads/autowareclass2020/code/src/08_Perception_Camera/Camera-Hands-On-Solution-WS/install/lane_msgs/local/lib/python3.10/dist-packages/lane_msgs/lane_msgs_s__rosidl_typesupport_c.cpython-310-aarch64-linux-gnu.so
[10.734s] -- Symlinking: /home/dee/Downloads/autowareclass2020/code/src/08_Perception_Camera/Camera-Hands-On-Solution-WS/install/lane_msgs/share/lane_msgs/msg/LaneMarking.idl
[10.747s] -- Symlinking: /home/dee/Downloads/autowareclass2020/code/src/08_Perception_Camera/Camera-Hands-On-Solution-WS/install/lane_msgs/share/lane_msgs/msg/LaneMarkingArray.idl
[10.759s] -- Symlinking: /home/dee/Downloads/autowareclass2020/code/src/08_Perception_Camera/Camera-Hands-On-Solution-WS/install/lane_msgs/share/lane_msgs/msg/LaneMarkingArrayBoth.idl
[10.772s] -- Symlinking: /home/dee/Downloads/autowareclass2020/code/src/08_Perception_Camera/Camera-Hands-On-Solution-WS/install/lane_msgs/share/lane_msgs/msg/LaneMarkingProjected.idl
[10.785s] -- Symlinking: /home/dee/Downloads/autowareclass2020/code/src/08_Perception_Camera/Camera-Hands-On-Solution-WS/install/lane_msgs/share/lane_msgs/msg/LaneMarkingProjectedArray.idl
[10.797s] -- Symlinking: /home/dee/Downloads/autowareclass2020/code/src/08_Perception_Camera/Camera-Hands-On-Solution-WS/install/lane_msgs/share/lane_msgs/msg/LaneMarkingProjectedArrayBoth.idl
[10.809s] -- Symlinking: /home/dee/Downloads/autowareclass2020/code/src/08_Perception_Camera/Camera-Hands-On-Solution-WS/install/lane_msgs/share/lane_msgs/msg/LaneMarking.msg
[10.821s] -- Symlinking: /home/dee/Downloads/autowareclass2020/code/src/08_Perception_Camera/Camera-Hands-On-Solution-WS/install/lane_msgs/share/lane_msgs/msg/LaneMarkingArray.msg
[10.834s] -- Symlinking: /home/dee/Downloads/autowareclass2020/code/src/08_Perception_Camera/Camera-Hands-On-Solution-WS/install/lane_msgs/share/lane_msgs/msg/LaneMarkingArrayBoth.msg
[10.846s] -- Symlinking: /home/dee/Downloads/autowareclass2020/code/src/08_Perception_Camera/Camera-Hands-On-Solution-WS/install/lane_msgs/share/lane_msgs/msg/LaneMarkingProjected.msg
[10.860s] -- Symlinking: /home/dee/Downloads/autowareclass2020/code/src/08_Perception_Camera/Camera-Hands-On-Solution-WS/install/lane_msgs/share/lane_msgs/msg/LaneMarkingProjectedArray.msg
[10.879s] -- Symlinking: /home/dee/Downloads/autowareclass2020/code/src/08_Perception_Camera/Camera-Hands-On-Solution-WS/install/lane_msgs/share/lane_msgs/msg/LaneMarkingProjectedArrayBoth.msg
[10.890s] -- Symlinking: /home/dee/Downloads/autowareclass2020/code/src/08_Perception_Camera/Camera-Hands-On-Solution-WS/install/lane_msgs/share/ament_index/resource_index/package_run_dependencies/lane_msgs
[10.902s] -- Symlinking: /home/dee/Downloads/autowareclass2020/code/src/08_Perception_Camera/Camera-Hands-On-Solution-WS/install/lane_msgs/share/ament_index/resource_index/parent_prefix_path/lane_msgs
[10.915s] -- Symlinking: /home/dee/Downloads/autowareclass2020/code/src/08_Perception_Camera/Camera-Hands-On-Solution-WS/install/lane_msgs/share/lane_msgs/environment/ament_prefix_path.sh
[10.927s] -- Symlinking: /home/dee/Downloads/autowareclass2020/code/src/08_Perception_Camera/Camera-Hands-On-Solution-WS/install/lane_msgs/share/lane_msgs/environment/ament_prefix_path.dsv
[10.940s] -- Symlinking: /home/dee/Downloads/autowareclass2020/code/src/08_Perception_Camera/Camera-Hands-On-Solution-WS/install/lane_msgs/share/lane_msgs/environment/path.sh
[10.953s] -- Symlinking: /home/dee/Downloads/autowareclass2020/code/src/08_Perception_Camera/Camera-Hands-On-Solution-WS/install/lane_msgs/share/lane_msgs/environment/path.dsv
[10.975s] -- Symlinking: /home/dee/Downloads/autowareclass2020/code/src/08_Perception_Camera/Camera-Hands-On-Solution-WS/install/lane_msgs/share/lane_msgs/local_setup.bash
[10.987s] -- Symlinking: /home/dee/Downloads/autowareclass2020/code/src/08_Perception_Camera/Camera-Hands-On-Solution-WS/install/lane_msgs/share/lane_msgs/local_setup.sh
[10.999s] -- Symlinking: /home/dee/Downloads/autowareclass2020/code/src/08_Perception_Camera/Camera-Hands-On-Solution-WS/install/lane_msgs/share/lane_msgs/local_setup.zsh
[11.011s] -- Symlinking: /home/dee/Downloads/autowareclass2020/code/src/08_Perception_Camera/Camera-Hands-On-Solution-WS/install/lane_msgs/share/lane_msgs/local_setup.dsv
[11.024s] -- Symlinking: /home/dee/Downloads/autowareclass2020/code/src/08_Perception_Camera/Camera-Hands-On-Solution-WS/install/lane_msgs/share/lane_msgs/package.dsv
[11.036s] -- Symlinking: /home/dee/Downloads/autowareclass2020/code/src/08_Perception_Camera/Camera-Hands-On-Solution-WS/install/lane_msgs/share/ament_index/resource_index/packages/lane_msgs
[11.049s] -- Symlinking: /home/dee/Downloads/autowareclass2020/code/src/08_Perception_Camera/Camera-Hands-On-Solution-WS/install/lane_msgs/share/lane_msgs/cmake/rosidl_cmake-extras.cmake
[11.062s] -- Symlinking: /home/dee/Downloads/autowareclass2020/code/src/08_Perception_Camera/Camera-Hands-On-Solution-WS/install/lane_msgs/share/lane_msgs/cmake/ament_cmake_export_dependencies-extras.cmake
[11.076s] -- Symlinking: /home/dee/Downloads/autowareclass2020/code/src/08_Perception_Camera/Camera-Hands-On-Solution-WS/install/lane_msgs/share/lane_msgs/cmake/ament_cmake_export_include_directories-extras.cmake
[11.088s] -- Symlinking: /home/dee/Downloads/autowareclass2020/code/src/08_Perception_Camera/Camera-Hands-On-Solution-WS/install/lane_msgs/share/lane_msgs/cmake/ament_cmake_export_libraries-extras.cmake
[11.100s] -- Symlinking: /home/dee/Downloads/autowareclass2020/code/src/08_Perception_Camera/Camera-Hands-On-Solution-WS/install/lane_msgs/share/lane_msgs/cmake/ament_cmake_export_targets-extras.cmake
[11.112s] -- Symlinking: /home/dee/Downloads/autowareclass2020/code/src/08_Perception_Camera/Camera-Hands-On-Solution-WS/install/lane_msgs/share/lane_msgs/cmake/rosidl_cmake_export_typesupport_targets-extras.cmake
[11.125s] -- Symlinking: /home/dee/Downloads/autowareclass2020/code/src/08_Perception_Camera/Camera-Hands-On-Solution-WS/install/lane_msgs/share/lane_msgs/cmake/rosidl_cmake_export_typesupport_libraries-extras.cmake
[11.137s] -- Symlinking: /home/dee/Downloads/autowareclass2020/code/src/08_Perception_Camera/Camera-Hands-On-Solution-WS/install/lane_msgs/share/lane_msgs/cmake/lane_msgsConfig.cmake
[11.149s] -- Symlinking: /home/dee/Downloads/autowareclass2020/code/src/08_Perception_Camera/Camera-Hands-On-Solution-WS/install/lane_msgs/share/lane_msgs/cmake/lane_msgsConfig-version.cmake
[11.163s] -- Symlinking: /home/dee/Downloads/autowareclass2020/code/src/08_Perception_Camera/Camera-Hands-On-Solution-WS/install/lane_msgs/share/lane_msgs/package.xml
[11.176s] -- Installing: /home/dee/Downloads/autowareclass2020/code/src/08_Perception_Camera/Camera-Hands-On-Solution-WS/install/lane_msgs/lib/liblane_msgs__rosidl_generator_c.so
[11.176s] -- Set runtime path of "/home/dee/Downloads/autowareclass2020/code/src/08_Perception_Camera/Camera-Hands-On-Solution-WS/install/lane_msgs/lib/liblane_msgs__rosidl_generator_c.so" to ""
[11.176s] -- Installing: /home/dee/Downloads/autowareclass2020/code/src/08_Perception_Camera/Camera-Hands-On-Solution-WS/install/lane_msgs/lib/liblane_msgs__rosidl_typesupport_fastrtps_c.so
[11.176s] -- Set runtime path of "/home/dee/Downloads/autowareclass2020/code/src/08_Perception_Camera/Camera-Hands-On-Solution-WS/install/lane_msgs/lib/liblane_msgs__rosidl_typesupport_fastrtps_c.so" to ""
[11.176s] -- Installing: /home/dee/Downloads/autowareclass2020/code/src/08_Perception_Camera/Camera-Hands-On-Solution-WS/install/lane_msgs/lib/liblane_msgs__rosidl_typesupport_fastrtps_cpp.so
[11.177s] -- Set runtime path of "/home/dee/Downloads/autowareclass2020/code/src/08_Perception_Camera/Camera-Hands-On-Solution-WS/install/lane_msgs/lib/liblane_msgs__rosidl_typesupport_fastrtps_cpp.so" to ""
[11.177s] -- Installing: /home/dee/Downloads/autowareclass2020/code/src/08_Perception_Camera/Camera-Hands-On-Solution-WS/install/lane_msgs/lib/liblane_msgs__rosidl_typesupport_introspection_c.so
[11.177s] -- Set runtime path of "/home/dee/Downloads/autowareclass2020/code/src/08_Perception_Camera/Camera-Hands-On-Solution-WS/install/lane_msgs/lib/liblane_msgs__rosidl_typesupport_introspection_c.so" to ""
[11.177s] -- Installing: /home/dee/Downloads/autowareclass2020/code/src/08_Perception_Camera/Camera-Hands-On-Solution-WS/install/lane_msgs/lib/liblane_msgs__rosidl_typesupport_c.so
[11.177s] -- Set runtime path of "/home/dee/Downloads/autowareclass2020/code/src/08_Perception_Camera/Camera-Hands-On-Solution-WS/install/lane_msgs/lib/liblane_msgs__rosidl_typesupport_c.so" to ""
[11.177s] -- Installing: /home/dee/Downloads/autowareclass2020/code/src/08_Perception_Camera/Camera-Hands-On-Solution-WS/install/lane_msgs/lib/liblane_msgs__rosidl_typesupport_introspection_cpp.so
[11.177s] -- Set runtime path of "/home/dee/Downloads/autowareclass2020/code/src/08_Perception_Camera/Camera-Hands-On-Solution-WS/install/lane_msgs/lib/liblane_msgs__rosidl_typesupport_introspection_cpp.so" to ""
[11.177s] -- Installing: /home/dee/Downloads/autowareclass2020/code/src/08_Perception_Camera/Camera-Hands-On-Solution-WS/install/lane_msgs/lib/liblane_msgs__rosidl_typesupport_cpp.so
[11.177s] -- Set runtime path of "/home/dee/Downloads/autowareclass2020/code/src/08_Perception_Camera/Camera-Hands-On-Solution-WS/install/lane_msgs/lib/liblane_msgs__rosidl_typesupport_cpp.so" to ""
[11.210s] Listing '/home/dee/Downloads/autowareclass2020/code/src/08_Perception_Camera/Camera-Hands-On-Solution-WS/install/lane_msgs/local/lib/python3.10/dist-packages/lane_msgs'...
[11.210s] Compiling '/home/dee/Downloads/autowareclass2020/code/src/08_Perception_Camera/Camera-Hands-On-Solution-WS/install/lane_msgs/local/lib/python3.10/dist-packages/lane_msgs/__init__.py'...
[11.210s] Listing '/home/dee/Downloads/autowareclass2020/code/src/08_Perception_Camera/Camera-Hands-On-Solution-WS/install/lane_msgs/local/lib/python3.10/dist-packages/lane_msgs/msg'...
[11.210s] Compiling '/home/dee/Downloads/autowareclass2020/code/src/08_Perception_Camera/Camera-Hands-On-Solution-WS/install/lane_msgs/local/lib/python3.10/dist-packages/lane_msgs/msg/__init__.py'...
[11.210s] Compiling '/home/dee/Downloads/autowareclass2020/code/src/08_Perception_Camera/Camera-Hands-On-Solution-WS/install/lane_msgs/local/lib/python3.10/dist-packages/lane_msgs/msg/_lane_marking.py'...
[11.211s] Compiling '/home/dee/Downloads/autowareclass2020/code/src/08_Perception_Camera/Camera-Hands-On-Solution-WS/install/lane_msgs/local/lib/python3.10/dist-packages/lane_msgs/msg/_lane_marking_array.py'...
[11.211s] Compiling '/home/dee/Downloads/autowareclass2020/code/src/08_Perception_Camera/Camera-Hands-On-Solution-WS/install/lane_msgs/local/lib/python3.10/dist-packages/lane_msgs/msg/_lane_marking_array_both.py'...
[11.211s] Compiling '/home/dee/Downloads/autowareclass2020/code/src/08_Perception_Camera/Camera-Hands-On-Solution-WS/install/lane_msgs/local/lib/python3.10/dist-packages/lane_msgs/msg/_lane_marking_projected.py'...
[11.211s] Compiling '/home/dee/Downloads/autowareclass2020/code/src/08_Perception_Camera/Camera-Hands-On-Solution-WS/install/lane_msgs/local/lib/python3.10/dist-packages/lane_msgs/msg/_lane_marking_projected_array.py'...
[11.211s] Compiling '/home/dee/Downloads/autowareclass2020/code/src/08_Perception_Camera/Camera-Hands-On-Solution-WS/install/lane_msgs/local/lib/python3.10/dist-packages/lane_msgs/msg/_lane_marking_projected_array_both.py'...
[11.214s] -- Installing: /home/dee/Downloads/autowareclass2020/code/src/08_Perception_Camera/Camera-Hands-On-Solution-WS/install/lane_msgs/lib/liblane_msgs__rosidl_generator_py.so
[11.214s] -- Set runtime path of "/home/dee/Downloads/autowareclass2020/code/src/08_Perception_Camera/Camera-Hands-On-Solution-WS/install/lane_msgs/lib/liblane_msgs__rosidl_generator_py.so" to ""
[11.214s] -- Installing: /home/dee/Downloads/autowareclass2020/code/src/08_Perception_Camera/Camera-Hands-On-Solution-WS/install/lane_msgs/share/lane_msgs/cmake/export_lane_msgs__rosidl_generator_cExport.cmake
[11.214s] -- Installing: /home/dee/Downloads/autowareclass2020/code/src/08_Perception_Camera/Camera-Hands-On-Solution-WS/install/lane_msgs/share/lane_msgs/cmake/export_lane_msgs__rosidl_generator_cExport-noconfig.cmake
[11.214s] -- Installing: /home/dee/Downloads/autowareclass2020/code/src/08_Perception_Camera/Camera-Hands-On-Solution-WS/install/lane_msgs/share/lane_msgs/cmake/export_lane_msgs__rosidl_typesupport_fastrtps_cExport.cmake
[11.214s] -- Installing: /home/dee/Downloads/autowareclass2020/code/src/08_Perception_Camera/Camera-Hands-On-Solution-WS/install/lane_msgs/share/lane_msgs/cmake/export_lane_msgs__rosidl_typesupport_fastrtps_cExport-noconfig.cmake
[11.214s] -- Installing: /home/dee/Downloads/autowareclass2020/code/src/08_Perception_Camera/Camera-Hands-On-Solution-WS/install/lane_msgs/share/lane_msgs/cmake/export_lane_msgs__rosidl_generator_cppExport.cmake
[11.214s] -- Installing: /home/dee/Downloads/autowareclass2020/code/src/08_Perception_Camera/Camera-Hands-On-Solution-WS/install/lane_msgs/share/lane_msgs/cmake/export_lane_msgs__rosidl_typesupport_fastrtps_cppExport.cmake
[11.214s] -- Installing: /home/dee/Downloads/autowareclass2020/code/src/08_Perception_Camera/Camera-Hands-On-Solution-WS/install/lane_msgs/share/lane_msgs/cmake/export_lane_msgs__rosidl_typesupport_fastrtps_cppExport-noconfig.cmake
[11.214s] -- Installing: /home/dee/Downloads/autowareclass2020/code/src/08_Perception_Camera/Camera-Hands-On-Solution-WS/install/lane_msgs/share/lane_msgs/cmake/lane_msgs__rosidl_typesupport_introspection_cExport.cmake
[11.214s] -- Installing: /home/dee/Downloads/autowareclass2020/code/src/08_Perception_Camera/Camera-Hands-On-Solution-WS/install/lane_msgs/share/lane_msgs/cmake/lane_msgs__rosidl_typesupport_introspection_cExport-noconfig.cmake
[11.214s] -- Installing: /home/dee/Downloads/autowareclass2020/code/src/08_Perception_Camera/Camera-Hands-On-Solution-WS/install/lane_msgs/share/lane_msgs/cmake/lane_msgs__rosidl_typesupport_cExport.cmake
[11.214s] -- Installing: /home/dee/Downloads/autowareclass2020/code/src/08_Perception_Camera/Camera-Hands-On-Solution-WS/install/lane_msgs/share/lane_msgs/cmake/lane_msgs__rosidl_typesupport_cExport-noconfig.cmake
[11.214s] -- Installing: /home/dee/Downloads/autowareclass2020/code/src/08_Perception_Camera/Camera-Hands-On-Solution-WS/install/lane_msgs/share/lane_msgs/cmake/lane_msgs__rosidl_typesupport_introspection_cppExport.cmake
[11.214s] -- Installing: /home/dee/Downloads/autowareclass2020/code/src/08_Perception_Camera/Camera-Hands-On-Solution-WS/install/lane_msgs/share/lane_msgs/cmake/lane_msgs__rosidl_typesupport_introspection_cppExport-noconfig.cmake
[11.216s] -- Installing: /home/dee/Downloads/autowareclass2020/code/src/08_Perception_Camera/Camera-Hands-On-Solution-WS/install/lane_msgs/share/lane_msgs/cmake/lane_msgs__rosidl_typesupport_cppExport.cmake
[11.216s] -- Installing: /home/dee/Downloads/autowareclass2020/code/src/08_Perception_Camera/Camera-Hands-On-Solution-WS/install/lane_msgs/share/lane_msgs/cmake/lane_msgs__rosidl_typesupport_cppExport-noconfig.cmake
[11.216s] -- Installing: /home/dee/Downloads/autowareclass2020/code/src/08_Perception_Camera/Camera-Hands-On-Solution-WS/install/lane_msgs/share/lane_msgs/cmake/export_lane_msgs__rosidl_generator_pyExport.cmake
[11.216s] -- Installing: /home/dee/Downloads/autowareclass2020/code/src/08_Perception_Camera/Camera-Hands-On-Solution-WS/install/lane_msgs/share/lane_msgs/cmake/export_lane_msgs__rosidl_generator_pyExport-noconfig.cmake
[11.217s] Invoked command in '/home/dee/Downloads/autowareclass2020/code/src/08_Perception_Camera/Camera-Hands-On-Solution-WS/build/lane_msgs' returned '0': CMAKE_PREFIX_PATH=${CMAKE_PREFIX_PATH}:/home/dee/Downloads/autoware/install/simulator_compatibility_test:/home/dee/Downloads/autoware/install/ad_api_visualizers:/home/dee/ros2_dee_ws/install/dee_turtle_controller:/home/dee/ros2_dee_ws/install/dee_params_pkg:/home/dee/ros2_dee_ws/install/dee_image_publisher:/home/dee/ros2_dee_ws/install/dee_action_svr:/opt/ros/humble /usr/bin/cmake --install /home/dee/Downloads/autowareclass2020/code/src/08_Perception_Camera/Camera-Hands-On-Solution-WS/build/lane_msgs
