[1.314s] DEBUG:colcon:Command line arguments: ['/usr/bin/colcon', 'list', '-p', '--base-paths', '/home/dee/Downloads/autowareclass2020/code/src/08_Perception_Camera/Camera-Hands-On-Solution-WS']
[1.314s] DEBUG:colcon:Parsed command line arguments: Namespace(log_base=None, log_level=None, verb_name='list', build_base='build', ignore_user_meta=False, metas=['./colcon.meta'], base_paths=['/home/dee/Downloads/autowareclass2020/code/src/08_Perception_Camera/Camera-Hands-On-Solution-WS'], packages_ignore=None, packages_ignore_regex=None, paths=None, packages_up_to=None, packages_up_to_regex=None, packages_above=None, packages_above_and_dependencies=None, packages_above_depth=None, packages_select_by_dep=None, packages_skip_by_dep=None, packages_skip_up_to=None, packages_select_build_failed=False, packages_skip_build_finished=False, packages_select_test_failures=False, packages_skip_test_passed=False, packages_select=None, packages_skip=None, packages_select_regex=None, packages_skip_regex=None, packages_start=None, packages_end=None, allow_overriding=[], topological_order=False, names_only=False, paths_only=True, topological_graph=False, topological_graph_dot=False, topological_graph_density=False, topological_graph_legend=False, topological_graph_dot_cluster=False, topological_graph_dot_include_skipped=False, mixin_files=None, mixin=None, verb_parser=<colcon_mixin.mixin.mixin_argument.MixinArgumentDecorator object at 0xffff8f2f1750>, verb_extension=<colcon_package_information.verb.list.ListVerb object at 0xffff8f5ff100>, main=<bound method ListVerb.main of <colcon_package_information.verb.list.ListVerb object at 0xffff8f5ff100>>, mixin_verb=('list',))
[1.355s] Level 1:colcon.colcon_core.package_discovery:discover_packages(colcon_meta) check parameters
[1.356s] Level 1:colcon.colcon_core.package_discovery:discover_packages(recursive) check parameters
[1.356s] Level 1:colcon.colcon_core.package_discovery:discover_packages(ignore) check parameters
[1.356s] Level 1:colcon.colcon_core.package_discovery:discover_packages(path) check parameters
[1.356s] Level 1:colcon.colcon_core.package_discovery:discover_packages(recursive) discover
[1.356s] INFO:colcon.colcon_core.package_discovery:Crawling recursively for packages in '/home/dee/Downloads/autowareclass2020/code/src/08_Perception_Camera/Camera-Hands-On-Solution-WS'
[1.356s] Level 1:colcon.colcon_core.package_identification:_identify(/home/dee/Downloads/autowareclass2020/code/src/08_Perception_Camera/Camera-Hands-On-Solution-WS) by extensions ['ignore', 'ignore_ament_install']
[1.356s] Level 1:colcon.colcon_core.package_identification:_identify(/home/dee/Downloads/autowareclass2020/code/src/08_Perception_Camera/Camera-Hands-On-Solution-WS) by extension 'ignore'
[1.356s] Level 1:colcon.colcon_core.package_identification:_identify(/home/dee/Downloads/autowareclass2020/code/src/08_Perception_Camera/Camera-Hands-On-Solution-WS) by extension 'ignore_ament_install'
[1.356s] Level 1:colcon.colcon_core.package_identification:_identify(/home/dee/Downloads/autowareclass2020/code/src/08_Perception_Camera/Camera-Hands-On-Solution-WS) by extensions ['colcon_pkg']
[1.356s] Level 1:colcon.colcon_core.package_identification:_identify(/home/dee/Downloads/autowareclass2020/code/src/08_Perception_Camera/Camera-Hands-On-Solution-WS) by extension 'colcon_pkg'
[1.356s] Level 1:colcon.colcon_core.package_identification:_identify(/home/dee/Downloads/autowareclass2020/code/src/08_Perception_Camera/Camera-Hands-On-Solution-WS) by extensions ['colcon_meta']
[1.356s] Level 1:colcon.colcon_core.package_identification:_identify(/home/dee/Downloads/autowareclass2020/code/src/08_Perception_Camera/Camera-Hands-On-Solution-WS) by extension 'colcon_meta'
[1.356s] Level 1:colcon.colcon_core.package_identification:_identify(/home/dee/Downloads/autowareclass2020/code/src/08_Perception_Camera/Camera-Hands-On-Solution-WS) by extensions ['ros']
[1.356s] Level 1:colcon.colcon_core.package_identification:_identify(/home/dee/Downloads/autowareclass2020/code/src/08_Perception_Camera/Camera-Hands-On-Solution-WS) by extension 'ros'
[1.365s] Level 1:colcon.colcon_core.package_identification:_identify(/home/dee/Downloads/autowareclass2020/code/src/08_Perception_Camera/Camera-Hands-On-Solution-WS) by extensions ['cmake', 'python']
[1.365s] Level 1:colcon.colcon_core.package_identification:_identify(/home/dee/Downloads/autowareclass2020/code/src/08_Perception_Camera/Camera-Hands-On-Solution-WS) by extension 'cmake'
[1.365s] Level 1:colcon.colcon_core.package_identification:_identify(/home/dee/Downloads/autowareclass2020/code/src/08_Perception_Camera/Camera-Hands-On-Solution-WS) by extension 'python'
[1.365s] Level 1:colcon.colcon_core.package_identification:_identify(/home/dee/Downloads/autowareclass2020/code/src/08_Perception_Camera/Camera-Hands-On-Solution-WS) by extensions ['python_setup_py']
[1.365s] Level 1:colcon.colcon_core.package_identification:_identify(/home/dee/Downloads/autowareclass2020/code/src/08_Perception_Camera/Camera-Hands-On-Solution-WS) by extension 'python_setup_py'
[1.365s] Level 1:colcon.colcon_core.package_identification:_identify(/home/dee/Downloads/autowareclass2020/code/src/08_Perception_Camera/Camera-Hands-On-Solution-WS/build) by extensions ['ignore', 'ignore_ament_install']
[1.365s] Level 1:colcon.colcon_core.package_identification:_identify(/home/dee/Downloads/autowareclass2020/code/src/08_Perception_Camera/Camera-Hands-On-Solution-WS/build) by extension 'ignore'
[1.365s] Level 1:colcon.colcon_core.package_identification:_identify(/home/dee/Downloads/autowareclass2020/code/src/08_Perception_Camera/Camera-Hands-On-Solution-WS/build) ignored
[1.365s] Level 1:colcon.colcon_core.package_identification:_identify(/home/dee/Downloads/autowareclass2020/code/src/08_Perception_Camera/Camera-Hands-On-Solution-WS/install) by extensions ['ignore', 'ignore_ament_install']
[1.366s] Level 1:colcon.colcon_core.package_identification:_identify(/home/dee/Downloads/autowareclass2020/code/src/08_Perception_Camera/Camera-Hands-On-Solution-WS/install) by extension 'ignore'
[1.366s] Level 1:colcon.colcon_core.package_identification:_identify(/home/dee/Downloads/autowareclass2020/code/src/08_Perception_Camera/Camera-Hands-On-Solution-WS/install) ignored
[1.366s] Level 1:colcon.colcon_core.package_identification:_identify(/home/dee/Downloads/autowareclass2020/code/src/08_Perception_Camera/Camera-Hands-On-Solution-WS/log) by extensions ['ignore', 'ignore_ament_install']
[1.366s] Level 1:colcon.colcon_core.package_identification:_identify(/home/dee/Downloads/autowareclass2020/code/src/08_Perception_Camera/Camera-Hands-On-Solution-WS/log) by extension 'ignore'
[1.366s] Level 1:colcon.colcon_core.package_identification:_identify(/home/dee/Downloads/autowareclass2020/code/src/08_Perception_Camera/Camera-Hands-On-Solution-WS/log) ignored
[1.366s] Level 1:colcon.colcon_core.package_identification:_identify(/home/dee/Downloads/autowareclass2020/code/src/08_Perception_Camera/Camera-Hands-On-Solution-WS/src) by extensions ['ignore', 'ignore_ament_install']
[1.366s] Level 1:colcon.colcon_core.package_identification:_identify(/home/dee/Downloads/autowareclass2020/code/src/08_Perception_Camera/Camera-Hands-On-Solution-WS/src) by extension 'ignore'
[1.366s] Level 1:colcon.colcon_core.package_identification:_identify(/home/dee/Downloads/autowareclass2020/code/src/08_Perception_Camera/Camera-Hands-On-Solution-WS/src) by extension 'ignore_ament_install'
[1.366s] Level 1:colcon.colcon_core.package_identification:_identify(/home/dee/Downloads/autowareclass2020/code/src/08_Perception_Camera/Camera-Hands-On-Solution-WS/src) by extensions ['colcon_pkg']
[1.366s] Level 1:colcon.colcon_core.package_identification:_identify(/home/dee/Downloads/autowareclass2020/code/src/08_Perception_Camera/Camera-Hands-On-Solution-WS/src) by extension 'colcon_pkg'
[1.366s] Level 1:colcon.colcon_core.package_identification:_identify(/home/dee/Downloads/autowareclass2020/code/src/08_Perception_Camera/Camera-Hands-On-Solution-WS/src) by extensions ['colcon_meta']
[1.366s] Level 1:colcon.colcon_core.package_identification:_identify(/home/dee/Downloads/autowareclass2020/code/src/08_Perception_Camera/Camera-Hands-On-Solution-WS/src) by extension 'colcon_meta'
[1.366s] Level 1:colcon.colcon_core.package_identification:_identify(/home/dee/Downloads/autowareclass2020/code/src/08_Perception_Camera/Camera-Hands-On-Solution-WS/src) by extensions ['ros']
[1.366s] Level 1:colcon.colcon_core.package_identification:_identify(/home/dee/Downloads/autowareclass2020/code/src/08_Perception_Camera/Camera-Hands-On-Solution-WS/src) by extension 'ros'
[1.366s] Level 1:colcon.colcon_core.package_identification:_identify(/home/dee/Downloads/autowareclass2020/code/src/08_Perception_Camera/Camera-Hands-On-Solution-WS/src) by extensions ['cmake', 'python']
[1.366s] Level 1:colcon.colcon_core.package_identification:_identify(/home/dee/Downloads/autowareclass2020/code/src/08_Perception_Camera/Camera-Hands-On-Solution-WS/src) by extension 'cmake'
[1.366s] Level 1:colcon.colcon_core.package_identification:_identify(/home/dee/Downloads/autowareclass2020/code/src/08_Perception_Camera/Camera-Hands-On-Solution-WS/src) by extension 'python'
[1.366s] Level 1:colcon.colcon_core.package_identification:_identify(/home/dee/Downloads/autowareclass2020/code/src/08_Perception_Camera/Camera-Hands-On-Solution-WS/src) by extensions ['python_setup_py']
[1.366s] Level 1:colcon.colcon_core.package_identification:_identify(/home/dee/Downloads/autowareclass2020/code/src/08_Perception_Camera/Camera-Hands-On-Solution-WS/src) by extension 'python_setup_py'
[1.366s] Level 1:colcon.colcon_core.package_identification:_identify(/home/dee/Downloads/autowareclass2020/code/src/08_Perception_Camera/Camera-Hands-On-Solution-WS/src/lane_detection_data_loader) by extensions ['ignore', 'ignore_ament_install']
[1.366s] Level 1:colcon.colcon_core.package_identification:_identify(/home/dee/Downloads/autowareclass2020/code/src/08_Perception_Camera/Camera-Hands-On-Solution-WS/src/lane_detection_data_loader) by extension 'ignore'
[1.366s] Level 1:colcon.colcon_core.package_identification:_identify(/home/dee/Downloads/autowareclass2020/code/src/08_Perception_Camera/Camera-Hands-On-Solution-WS/src/lane_detection_data_loader) by extension 'ignore_ament_install'
[1.366s] Level 1:colcon.colcon_core.package_identification:_identify(/home/dee/Downloads/autowareclass2020/code/src/08_Perception_Camera/Camera-Hands-On-Solution-WS/src/lane_detection_data_loader) by extensions ['colcon_pkg']
[1.366s] Level 1:colcon.colcon_core.package_identification:_identify(/home/dee/Downloads/autowareclass2020/code/src/08_Perception_Camera/Camera-Hands-On-Solution-WS/src/lane_detection_data_loader) by extension 'colcon_pkg'
[1.366s] Level 1:colcon.colcon_core.package_identification:_identify(/home/dee/Downloads/autowareclass2020/code/src/08_Perception_Camera/Camera-Hands-On-Solution-WS/src/lane_detection_data_loader) by extensions ['colcon_meta']
[1.366s] Level 1:colcon.colcon_core.package_identification:_identify(/home/dee/Downloads/autowareclass2020/code/src/08_Perception_Camera/Camera-Hands-On-Solution-WS/src/lane_detection_data_loader) by extension 'colcon_meta'
[1.366s] Level 1:colcon.colcon_core.package_identification:_identify(/home/dee/Downloads/autowareclass2020/code/src/08_Perception_Camera/Camera-Hands-On-Solution-WS/src/lane_detection_data_loader) by extensions ['ros']
[1.366s] Level 1:colcon.colcon_core.package_identification:_identify(/home/dee/Downloads/autowareclass2020/code/src/08_Perception_Camera/Camera-Hands-On-Solution-WS/src/lane_detection_data_loader) by extension 'ros'
[1.368s] DEBUG:colcon.colcon_core.package_identification:Package '/home/dee/Downloads/autowareclass2020/code/src/08_Perception_Camera/Camera-Hands-On-Solution-WS/src/lane_detection_data_loader' with type 'ros.ament_cmake' and name 'lane_detection_data_loader'
[1.368s] Level 1:colcon.colcon_core.package_identification:_identify(/home/dee/Downloads/autowareclass2020/code/src/08_Perception_Camera/Camera-Hands-On-Solution-WS/src/lane_detection_projection) by extensions ['ignore', 'ignore_ament_install']
[1.368s] Level 1:colcon.colcon_core.package_identification:_identify(/home/dee/Downloads/autowareclass2020/code/src/08_Perception_Camera/Camera-Hands-On-Solution-WS/src/lane_detection_projection) by extension 'ignore'
[1.368s] Level 1:colcon.colcon_core.package_identification:_identify(/home/dee/Downloads/autowareclass2020/code/src/08_Perception_Camera/Camera-Hands-On-Solution-WS/src/lane_detection_projection) by extension 'ignore_ament_install'
[1.368s] Level 1:colcon.colcon_core.package_identification:_identify(/home/dee/Downloads/autowareclass2020/code/src/08_Perception_Camera/Camera-Hands-On-Solution-WS/src/lane_detection_projection) by extensions ['colcon_pkg']
[1.368s] Level 1:colcon.colcon_core.package_identification:_identify(/home/dee/Downloads/autowareclass2020/code/src/08_Perception_Camera/Camera-Hands-On-Solution-WS/src/lane_detection_projection) by extension 'colcon_pkg'
[1.368s] Level 1:colcon.colcon_core.package_identification:_identify(/home/dee/Downloads/autowareclass2020/code/src/08_Perception_Camera/Camera-Hands-On-Solution-WS/src/lane_detection_projection) by extensions ['colcon_meta']
[1.368s] Level 1:colcon.colcon_core.package_identification:_identify(/home/dee/Downloads/autowareclass2020/code/src/08_Perception_Camera/Camera-Hands-On-Solution-WS/src/lane_detection_projection) by extension 'colcon_meta'
[1.368s] Level 1:colcon.colcon_core.package_identification:_identify(/home/dee/Downloads/autowareclass2020/code/src/08_Perception_Camera/Camera-Hands-On-Solution-WS/src/lane_detection_projection) by extensions ['ros']
[1.368s] Level 1:colcon.colcon_core.package_identification:_identify(/home/dee/Downloads/autowareclass2020/code/src/08_Perception_Camera/Camera-Hands-On-Solution-WS/src/lane_detection_projection) by extension 'ros'
[1.368s] DEBUG:colcon.colcon_core.package_identification:Package '/home/dee/Downloads/autowareclass2020/code/src/08_Perception_Camera/Camera-Hands-On-Solution-WS/src/lane_detection_projection' with type 'ros.ament_cmake' and name 'lane_detection_projection'
[1.368s] Level 1:colcon.colcon_core.package_identification:_identify(/home/dee/Downloads/autowareclass2020/code/src/08_Perception_Camera/Camera-Hands-On-Solution-WS/src/lane_detection_visualization) by extensions ['ignore', 'ignore_ament_install']
[1.368s] Level 1:colcon.colcon_core.package_identification:_identify(/home/dee/Downloads/autowareclass2020/code/src/08_Perception_Camera/Camera-Hands-On-Solution-WS/src/lane_detection_visualization) by extension 'ignore'
[1.369s] Level 1:colcon.colcon_core.package_identification:_identify(/home/dee/Downloads/autowareclass2020/code/src/08_Perception_Camera/Camera-Hands-On-Solution-WS/src/lane_detection_visualization) by extension 'ignore_ament_install'
[1.369s] Level 1:colcon.colcon_core.package_identification:_identify(/home/dee/Downloads/autowareclass2020/code/src/08_Perception_Camera/Camera-Hands-On-Solution-WS/src/lane_detection_visualization) by extensions ['colcon_pkg']
[1.369s] Level 1:colcon.colcon_core.package_identification:_identify(/home/dee/Downloads/autowareclass2020/code/src/08_Perception_Camera/Camera-Hands-On-Solution-WS/src/lane_detection_visualization) by extension 'colcon_pkg'
[1.369s] Level 1:colcon.colcon_core.package_identification:_identify(/home/dee/Downloads/autowareclass2020/code/src/08_Perception_Camera/Camera-Hands-On-Solution-WS/src/lane_detection_visualization) by extensions ['colcon_meta']
[1.369s] Level 1:colcon.colcon_core.package_identification:_identify(/home/dee/Downloads/autowareclass2020/code/src/08_Perception_Camera/Camera-Hands-On-Solution-WS/src/lane_detection_visualization) by extension 'colcon_meta'
[1.369s] Level 1:colcon.colcon_core.package_identification:_identify(/home/dee/Downloads/autowareclass2020/code/src/08_Perception_Camera/Camera-Hands-On-Solution-WS/src/lane_detection_visualization) by extensions ['ros']
[1.369s] Level 1:colcon.colcon_core.package_identification:_identify(/home/dee/Downloads/autowareclass2020/code/src/08_Perception_Camera/Camera-Hands-On-Solution-WS/src/lane_detection_visualization) by extension 'ros'
[1.369s] DEBUG:colcon.colcon_core.package_identification:Package '/home/dee/Downloads/autowareclass2020/code/src/08_Perception_Camera/Camera-Hands-On-Solution-WS/src/lane_detection_visualization' with type 'ros.ament_cmake' and name 'lane_detection_visualization'
[1.369s] Level 1:colcon.colcon_core.package_identification:_identify(/home/dee/Downloads/autowareclass2020/code/src/08_Perception_Camera/Camera-Hands-On-Solution-WS/src/lane_msgs) by extensions ['ignore', 'ignore_ament_install']
[1.369s] Level 1:colcon.colcon_core.package_identification:_identify(/home/dee/Downloads/autowareclass2020/code/src/08_Perception_Camera/Camera-Hands-On-Solution-WS/src/lane_msgs) by extension 'ignore'
[1.369s] Level 1:colcon.colcon_core.package_identification:_identify(/home/dee/Downloads/autowareclass2020/code/src/08_Perception_Camera/Camera-Hands-On-Solution-WS/src/lane_msgs) by extension 'ignore_ament_install'
[1.369s] Level 1:colcon.colcon_core.package_identification:_identify(/home/dee/Downloads/autowareclass2020/code/src/08_Perception_Camera/Camera-Hands-On-Solution-WS/src/lane_msgs) by extensions ['colcon_pkg']
[1.369s] Level 1:colcon.colcon_core.package_identification:_identify(/home/dee/Downloads/autowareclass2020/code/src/08_Perception_Camera/Camera-Hands-On-Solution-WS/src/lane_msgs) by extension 'colcon_pkg'
[1.369s] Level 1:colcon.colcon_core.package_identification:_identify(/home/dee/Downloads/autowareclass2020/code/src/08_Perception_Camera/Camera-Hands-On-Solution-WS/src/lane_msgs) by extensions ['colcon_meta']
[1.369s] Level 1:colcon.colcon_core.package_identification:_identify(/home/dee/Downloads/autowareclass2020/code/src/08_Perception_Camera/Camera-Hands-On-Solution-WS/src/lane_msgs) by extension 'colcon_meta'
[1.369s] Level 1:colcon.colcon_core.package_identification:_identify(/home/dee/Downloads/autowareclass2020/code/src/08_Perception_Camera/Camera-Hands-On-Solution-WS/src/lane_msgs) by extensions ['ros']
[1.369s] Level 1:colcon.colcon_core.package_identification:_identify(/home/dee/Downloads/autowareclass2020/code/src/08_Perception_Camera/Camera-Hands-On-Solution-WS/src/lane_msgs) by extension 'ros'
[1.370s] DEBUG:colcon.colcon_core.package_identification:Package '/home/dee/Downloads/autowareclass2020/code/src/08_Perception_Camera/Camera-Hands-On-Solution-WS/src/lane_msgs' with type 'ros.ament_cmake' and name 'lane_msgs'
[1.370s] Level 1:colcon.colcon_core.package_discovery:discover_packages(recursive) using defaults
