-- Found ament_cmake: 1.3.3 (/opt/ros/humble/share/ament_cmake/cmake)
-- Override CMake install command with custom implementation using symlinks instead of copying resources
-- Found rclcpp: 16.0.3 (/opt/ros/humble/share/rclcpp/cmake)
-- Found rosidl_generator_c: 3.1.4 (/opt/ros/humble/share/rosidl_generator_c/cmake)
-- Found rosidl_adapter: 3.1.4 (/opt/ros/humble/share/rosidl_adapter/cmake)
-- Found rosidl_generator_cpp: 3.1.4 (/opt/ros/humble/share/rosidl_generator_cpp/cmake)
-- Using all available rosidl_typesupport_c: rosidl_typesupport_fastrtps_c;rosidl_typesupport_introspection_c
-- Using all available rosidl_typesupport_cpp: rosidl_typesupport_fastrtps_cpp;rosidl_typesupport_introspection_cpp
-- Found rmw_implementation_cmake: 6.1.1 (/opt/ros/humble/share/rmw_implementation_cmake/cmake)
-- Found rmw_cyclonedds_cpp: 1.3.4 (/opt/ros/humble/share/rmw_cyclonedds_cpp/cmake)
-- Using RMW implementation 'rmw_cyclonedds_cpp' as default
-- Found lane_msgs: 1.0.0 (/home/dee/Downloads/autowareclass2020/code/src/08_Perception_Camera/Camera-Hands-On-Solution-WS/install/lane_msgs/share/lane_msgs/cmake)
-- Found sensor_msgs: 4.2.3 (/opt/ros/humble/share/sensor_msgs/cmake)
-- Found ament_lint_auto: 0.12.5 (/opt/ros/humble/share/ament_lint_auto/cmake)
-- Added test 'copyright' to check source files copyright and LICENSE
-- Added test 'cppcheck' to perform static code analysis on C / C++ code
-- Configured cppcheck include dirs: /home/dee/Downloads/autowareclass2020/code/src/08_Perception_Camera/Camera-Hands-On-Solution-WS/src/lane_detection_projection/include
-- Configured cppcheck exclude dirs and/or files: 
-- Added test 'cpplint' to check C / C++ code against the Google style
-- Configured cpplint exclude dirs and/or files: 
-- Added test 'lint_cmake' to check CMake code style
-- Added test 'uncrustify' to check C / C++ code style
-- Configured uncrustify additional arguments: 
-- Added test 'xmllint' to check XML markup files
-- Configuring done
-- Generating done
-- Build files have been written to: /home/dee/Downloads/autowareclass2020/code/src/08_Perception_Camera/Camera-Hands-On-Solution-WS/build/lane_detection_projection
[ 50%] [32mBuilding CXX object CMakeFiles/lane_detection_projection_node.dir/src/lane_detection_projection.cpp.o[0m
[100%] [32m[1mLinking CXX executable lane_detection_projection_node[0m
[100%] Built target lane_detection_projection_node
-- Install configuration: ""
-- Execute custom install script
-- Symlinking: /home/dee/Downloads/autowareclass2020/code/src/08_Perception_Camera/Camera-Hands-On-Solution-WS/install/lane_detection_projection/lib/lane_detection_projection/lane_detection_projection_node
-- Symlinking: /home/dee/Downloads/autowareclass2020/code/src/08_Perception_Camera/Camera-Hands-On-Solution-WS/install/lane_detection_projection/share/ament_index/resource_index/package_run_dependencies/lane_detection_projection
-- Symlinking: /home/dee/Downloads/autowareclass2020/code/src/08_Perception_Camera/Camera-Hands-On-Solution-WS/install/lane_detection_projection/share/ament_index/resource_index/parent_prefix_path/lane_detection_projection
-- Symlinking: /home/dee/Downloads/autowareclass2020/code/src/08_Perception_Camera/Camera-Hands-On-Solution-WS/install/lane_detection_projection/share/lane_detection_projection/environment/ament_prefix_path.sh
-- Symlinking: /home/dee/Downloads/autowareclass2020/code/src/08_Perception_Camera/Camera-Hands-On-Solution-WS/install/lane_detection_projection/share/lane_detection_projection/environment/ament_prefix_path.dsv
-- Symlinking: /home/dee/Downloads/autowareclass2020/code/src/08_Perception_Camera/Camera-Hands-On-Solution-WS/install/lane_detection_projection/share/lane_detection_projection/environment/path.sh
-- Symlinking: /home/dee/Downloads/autowareclass2020/code/src/08_Perception_Camera/Camera-Hands-On-Solution-WS/install/lane_detection_projection/share/lane_detection_projection/environment/path.dsv
-- Symlinking: /home/dee/Downloads/autowareclass2020/code/src/08_Perception_Camera/Camera-Hands-On-Solution-WS/install/lane_detection_projection/share/lane_detection_projection/local_setup.bash
-- Symlinking: /home/dee/Downloads/autowareclass2020/code/src/08_Perception_Camera/Camera-Hands-On-Solution-WS/install/lane_detection_projection/share/lane_detection_projection/local_setup.sh
-- Symlinking: /home/dee/Downloads/autowareclass2020/code/src/08_Perception_Camera/Camera-Hands-On-Solution-WS/install/lane_detection_projection/share/lane_detection_projection/local_setup.zsh
-- Symlinking: /home/dee/Downloads/autowareclass2020/code/src/08_Perception_Camera/Camera-Hands-On-Solution-WS/install/lane_detection_projection/share/lane_detection_projection/local_setup.dsv
-- Symlinking: /home/dee/Downloads/autowareclass2020/code/src/08_Perception_Camera/Camera-Hands-On-Solution-WS/install/lane_detection_projection/share/lane_detection_projection/package.dsv
-- Symlinking: /home/dee/Downloads/autowareclass2020/code/src/08_Perception_Camera/Camera-Hands-On-Solution-WS/install/lane_detection_projection/share/ament_index/resource_index/packages/lane_detection_projection
-- Symlinking: /home/dee/Downloads/autowareclass2020/code/src/08_Perception_Camera/Camera-Hands-On-Solution-WS/install/lane_detection_projection/share/lane_detection_projection/cmake/lane_detection_projectionConfig.cmake
-- Symlinking: /home/dee/Downloads/autowareclass2020/code/src/08_Perception_Camera/Camera-Hands-On-Solution-WS/install/lane_detection_projection/share/lane_detection_projection/cmake/lane_detection_projectionConfig-version.cmake
-- Symlinking: /home/dee/Downloads/autowareclass2020/code/src/08_Perception_Camera/Camera-Hands-On-Solution-WS/install/lane_detection_projection/share/lane_detection_projection/package.xml
