[0.028s] Invoking command in '/home/dee/Downloads/autowareclass2020/code/src/08_Perception_Camera/Camera-Hands-On-Solution-WS/build/lane_msgs': CMAKE_PREFIX_PATH=${CMAKE_PREFIX_PATH}:/home/dee/Downloads/autoware/install/simulator_compatibility_test:/home/dee/Downloads/autoware/install/ad_api_visualizers:/home/dee/ros2_dee_ws/install/dee_turtle_controller:/home/dee/ros2_dee_ws/install/dee_params_pkg:/home/dee/ros2_dee_ws/install/dee_image_publisher:/home/dee/ros2_dee_ws/install/dee_action_svr:/opt/ros/humble /usr/bin/cmake --build /home/dee/Downloads/autowareclass2020/code/src/08_Perception_Camera/Camera-Hands-On-Solution-WS/build/lane_msgs -- -j2 -l2
[0.274s] [  1%] Built target lane_msgs__cpp
[0.278s] [35m[1mConsolidate compiler generated dependencies of target lane_msgs__rosidl_generator_c[0m
[0.312s] [ 12%] Built target lane_msgs__rosidl_generator_c
[0.345s] [ 12%] Built target ament_cmake_python_symlink_lane_msgs
[0.362s] [35m[1mConsolidate compiler generated dependencies of target lane_msgs__rosidl_typesupport_cpp[0m
[0.372s] [35m[1mConsolidate compiler generated dependencies of target lane_msgs__rosidl_typesupport_fastrtps_c[0m
[0.394s] [ 23%] Built target lane_msgs__rosidl_typesupport_cpp
[0.395s] [ 35%] Built target lane_msgs__rosidl_typesupport_fastrtps_c
[0.418s] [35m[1mConsolidate compiler generated dependencies of target lane_msgs__rosidl_typesupport_introspection_c[0m
[0.438s] [ 46%] Built target lane_msgs__rosidl_typesupport_introspection_c
[0.442s] [35m[1mConsolidate compiler generated dependencies of target lane_msgs__rosidl_typesupport_fastrtps_cpp[0m
[0.462s] [35m[1mConsolidate compiler generated dependencies of target lane_msgs__rosidl_typesupport_c[0m
[0.468s] [ 57%] Built target lane_msgs__rosidl_typesupport_fastrtps_cpp
[0.482s] [ 69%] Built target lane_msgs__rosidl_typesupport_c
[0.490s] [35m[1mConsolidate compiler generated dependencies of target lane_msgs__rosidl_typesupport_introspection_cpp[0m
[0.542s] [ 80%] Built target lane_msgs__rosidl_typesupport_introspection_cpp
[0.585s] [ 80%] Built target lane_msgs
[0.657s] [ 81%] Built target lane_msgs__py
[0.702s] [35m[1mConsolidate compiler generated dependencies of target lane_msgs__rosidl_generator_py[0m
[0.715s] running egg_info
[0.715s] writing lane_msgs.egg-info/PKG-INFO
[0.717s] writing dependency_links to lane_msgs.egg-info/dependency_links.txt
[0.717s] writing top-level names to lane_msgs.egg-info/top_level.txt
[0.718s] reading manifest file 'lane_msgs.egg-info/SOURCES.txt'
[0.724s] writing manifest file 'lane_msgs.egg-info/SOURCES.txt'
[0.751s] [ 81%] Built target ament_cmake_python_build_lane_msgs_egg
[0.753s] [ 91%] Built target lane_msgs__rosidl_generator_py
[0.773s] [35m[1mConsolidate compiler generated dependencies of target lane_msgs__rosidl_typesupport_fastrtps_c__pyext[0m
[0.774s] [35m[1mConsolidate compiler generated dependencies of target lane_msgs__rosidl_typesupport_introspection_c__pyext[0m
[0.798s] [ 94%] Built target lane_msgs__rosidl_typesupport_fastrtps_c__pyext
[0.799s] [ 97%] Built target lane_msgs__rosidl_typesupport_introspection_c__pyext
[0.817s] [35m[1mConsolidate compiler generated dependencies of target lane_msgs__rosidl_typesupport_c__pyext[0m
[0.837s] [100%] Built target lane_msgs__rosidl_typesupport_c__pyext
[0.855s] Invoked command in '/home/dee/Downloads/autowareclass2020/code/src/08_Perception_Camera/Camera-Hands-On-Solution-WS/build/lane_msgs' returned '0': CMAKE_PREFIX_PATH=${CMAKE_PREFIX_PATH}:/home/dee/Downloads/autoware/install/simulator_compatibility_test:/home/dee/Downloads/autoware/install/ad_api_visualizers:/home/dee/ros2_dee_ws/install/dee_turtle_controller:/home/dee/ros2_dee_ws/install/dee_params_pkg:/home/dee/ros2_dee_ws/install/dee_image_publisher:/home/dee/ros2_dee_ws/install/dee_action_svr:/opt/ros/humble /usr/bin/cmake --build /home/dee/Downloads/autowareclass2020/code/src/08_Perception_Camera/Camera-Hands-On-Solution-WS/build/lane_msgs -- -j2 -l2
[1.333s] Invoking command in '/home/dee/Downloads/autowareclass2020/code/src/08_Perception_Camera/Camera-Hands-On-Solution-WS/build/lane_msgs': CMAKE_PREFIX_PATH=${CMAKE_PREFIX_PATH}:/home/dee/Downloads/autoware/install/simulator_compatibility_test:/home/dee/Downloads/autoware/install/ad_api_visualizers:/home/dee/ros2_dee_ws/install/dee_turtle_controller:/home/dee/ros2_dee_ws/install/dee_params_pkg:/home/dee/ros2_dee_ws/install/dee_image_publisher:/home/dee/ros2_dee_ws/install/dee_action_svr:/opt/ros/humble /usr/bin/cmake --install /home/dee/Downloads/autowareclass2020/code/src/08_Perception_Camera/Camera-Hands-On-Solution-WS/build/lane_msgs
[1.349s] -- Install configuration: ""
[1.351s] -- Execute custom install script
[1.351s] -- Up-to-date symlink: /home/dee/Downloads/autowareclass2020/code/src/08_Perception_Camera/Camera-Hands-On-Solution-WS/install/lane_msgs/share/ament_index/resource_index/rosidl_interfaces/lane_msgs
[1.352s] -- Up-to-date symlink: /home/dee/Downloads/autowareclass2020/code/src/08_Perception_Camera/Camera-Hands-On-Solution-WS/install/lane_msgs/include/lane_msgs/lane_msgs/msg/detail/lane_marking__functions.h
[1.352s] -- Up-to-date symlink: /home/dee/Downloads/autowareclass2020/code/src/08_Perception_Camera/Camera-Hands-On-Solution-WS/install/lane_msgs/include/lane_msgs/lane_msgs/msg/detail/lane_marking__struct.h
[1.352s] -- Up-to-date symlink: /home/dee/Downloads/autowareclass2020/code/src/08_Perception_Camera/Camera-Hands-On-Solution-WS/install/lane_msgs/include/lane_msgs/lane_msgs/msg/detail/lane_marking__type_support.h
[1.352s] -- Up-to-date symlink: /home/dee/Downloads/autowareclass2020/code/src/08_Perception_Camera/Camera-Hands-On-Solution-WS/install/lane_msgs/include/lane_msgs/lane_msgs/msg/detail/lane_marking_array__functions.h
[1.352s] -- Up-to-date symlink: /home/dee/Downloads/autowareclass2020/code/src/08_Perception_Camera/Camera-Hands-On-Solution-WS/install/lane_msgs/include/lane_msgs/lane_msgs/msg/detail/lane_marking_array__struct.h
[1.352s] -- Up-to-date symlink: /home/dee/Downloads/autowareclass2020/code/src/08_Perception_Camera/Camera-Hands-On-Solution-WS/install/lane_msgs/include/lane_msgs/lane_msgs/msg/detail/lane_marking_array__type_support.h
[1.352s] -- Up-to-date symlink: /home/dee/Downloads/autowareclass2020/code/src/08_Perception_Camera/Camera-Hands-On-Solution-WS/install/lane_msgs/include/lane_msgs/lane_msgs/msg/detail/lane_marking_array_both__functions.h
[1.352s] -- Up-to-date symlink: /home/dee/Downloads/autowareclass2020/code/src/08_Perception_Camera/Camera-Hands-On-Solution-WS/install/lane_msgs/include/lane_msgs/lane_msgs/msg/detail/lane_marking_array_both__struct.h
[1.352s] -- Up-to-date symlink: /home/dee/Downloads/autowareclass2020/code/src/08_Perception_Camera/Camera-Hands-On-Solution-WS/install/lane_msgs/include/lane_msgs/lane_msgs/msg/detail/lane_marking_array_both__type_support.h
[1.353s] -- Up-to-date symlink: /home/dee/Downloads/autowareclass2020/code/src/08_Perception_Camera/Camera-Hands-On-Solution-WS/install/lane_msgs/include/lane_msgs/lane_msgs/msg/detail/lane_marking_projected__functions.h
[1.353s] -- Up-to-date symlink: /home/dee/Downloads/autowareclass2020/code/src/08_Perception_Camera/Camera-Hands-On-Solution-WS/install/lane_msgs/include/lane_msgs/lane_msgs/msg/detail/lane_marking_projected__struct.h
[1.353s] -- Up-to-date symlink: /home/dee/Downloads/autowareclass2020/code/src/08_Perception_Camera/Camera-Hands-On-Solution-WS/install/lane_msgs/include/lane_msgs/lane_msgs/msg/detail/lane_marking_projected__type_support.h
[1.353s] -- Up-to-date symlink: /home/dee/Downloads/autowareclass2020/code/src/08_Perception_Camera/Camera-Hands-On-Solution-WS/install/lane_msgs/include/lane_msgs/lane_msgs/msg/detail/lane_marking_projected_array__functions.h
[1.353s] -- Up-to-date symlink: /home/dee/Downloads/autowareclass2020/code/src/08_Perception_Camera/Camera-Hands-On-Solution-WS/install/lane_msgs/include/lane_msgs/lane_msgs/msg/detail/lane_marking_projected_array__struct.h
[1.353s] -- Up-to-date symlink: /home/dee/Downloads/autowareclass2020/code/src/08_Perception_Camera/Camera-Hands-On-Solution-WS/install/lane_msgs/include/lane_msgs/lane_msgs/msg/detail/lane_marking_projected_array__type_support.h
[1.353s] -- Up-to-date symlink: /home/dee/Downloads/autowareclass2020/code/src/08_Perception_Camera/Camera-Hands-On-Solution-WS/install/lane_msgs/include/lane_msgs/lane_msgs/msg/detail/lane_marking_projected_array_both__functions.h
[1.353s] -- Up-to-date symlink: /home/dee/Downloads/autowareclass2020/code/src/08_Perception_Camera/Camera-Hands-On-Solution-WS/install/lane_msgs/include/lane_msgs/lane_msgs/msg/detail/lane_marking_projected_array_both__struct.h
[1.353s] -- Up-to-date symlink: /home/dee/Downloads/autowareclass2020/code/src/08_Perception_Camera/Camera-Hands-On-Solution-WS/install/lane_msgs/include/lane_msgs/lane_msgs/msg/detail/lane_marking_projected_array_both__type_support.h
[1.353s] -- Up-to-date symlink: /home/dee/Downloads/autowareclass2020/code/src/08_Perception_Camera/Camera-Hands-On-Solution-WS/install/lane_msgs/include/lane_msgs/lane_msgs/msg/lane_marking.h
[1.353s] -- Up-to-date symlink: /home/dee/Downloads/autowareclass2020/code/src/08_Perception_Camera/Camera-Hands-On-Solution-WS/install/lane_msgs/include/lane_msgs/lane_msgs/msg/lane_marking_array.h
[1.353s] -- Up-to-date symlink: /home/dee/Downloads/autowareclass2020/code/src/08_Perception_Camera/Camera-Hands-On-Solution-WS/install/lane_msgs/include/lane_msgs/lane_msgs/msg/lane_marking_array_both.h
[1.353s] -- Up-to-date symlink: /home/dee/Downloads/autowareclass2020/code/src/08_Perception_Camera/Camera-Hands-On-Solution-WS/install/lane_msgs/include/lane_msgs/lane_msgs/msg/lane_marking_projected.h
[1.353s] -- Up-to-date symlink: /home/dee/Downloads/autowareclass2020/code/src/08_Perception_Camera/Camera-Hands-On-Solution-WS/install/lane_msgs/include/lane_msgs/lane_msgs/msg/lane_marking_projected_array.h
[1.353s] -- Up-to-date symlink: /home/dee/Downloads/autowareclass2020/code/src/08_Perception_Camera/Camera-Hands-On-Solution-WS/install/lane_msgs/include/lane_msgs/lane_msgs/msg/lane_marking_projected_array_both.h
[1.353s] -- Up-to-date symlink: /home/dee/Downloads/autowareclass2020/code/src/08_Perception_Camera/Camera-Hands-On-Solution-WS/install/lane_msgs/include/lane_msgs/lane_msgs/msg/rosidl_generator_c__visibility_control.h
[1.353s] -- Up-to-date symlink: /home/dee/Downloads/autowareclass2020/code/src/08_Perception_Camera/Camera-Hands-On-Solution-WS/install/lane_msgs/share/lane_msgs/environment/library_path.sh
[1.353s] -- Up-to-date symlink: /home/dee/Downloads/autowareclass2020/code/src/08_Perception_Camera/Camera-Hands-On-Solution-WS/install/lane_msgs/share/lane_msgs/environment/library_path.dsv
[1.354s] -- Up-to-date symlink: /home/dee/Downloads/autowareclass2020/code/src/08_Perception_Camera/Camera-Hands-On-Solution-WS/install/lane_msgs/include/lane_msgs/lane_msgs/msg/detail/lane_marking__rosidl_typesupport_fastrtps_c.h
[1.354s] -- Up-to-date symlink: /home/dee/Downloads/autowareclass2020/code/src/08_Perception_Camera/Camera-Hands-On-Solution-WS/install/lane_msgs/include/lane_msgs/lane_msgs/msg/detail/lane_marking_array__rosidl_typesupport_fastrtps_c.h
[1.354s] -- Up-to-date symlink: /home/dee/Downloads/autowareclass2020/code/src/08_Perception_Camera/Camera-Hands-On-Solution-WS/install/lane_msgs/include/lane_msgs/lane_msgs/msg/detail/lane_marking_array_both__rosidl_typesupport_fastrtps_c.h
[1.354s] -- Up-to-date symlink: /home/dee/Downloads/autowareclass2020/code/src/08_Perception_Camera/Camera-Hands-On-Solution-WS/install/lane_msgs/include/lane_msgs/lane_msgs/msg/detail/lane_marking_projected__rosidl_typesupport_fastrtps_c.h
[1.354s] -- Up-to-date symlink: /home/dee/Downloads/autowareclass2020/code/src/08_Perception_Camera/Camera-Hands-On-Solution-WS/install/lane_msgs/include/lane_msgs/lane_msgs/msg/detail/lane_marking_projected_array__rosidl_typesupport_fastrtps_c.h
[1.354s] -- Up-to-date symlink: /home/dee/Downloads/autowareclass2020/code/src/08_Perception_Camera/Camera-Hands-On-Solution-WS/install/lane_msgs/include/lane_msgs/lane_msgs/msg/detail/lane_marking_projected_array_both__rosidl_typesupport_fastrtps_c.h
[1.354s] -- Up-to-date symlink: /home/dee/Downloads/autowareclass2020/code/src/08_Perception_Camera/Camera-Hands-On-Solution-WS/install/lane_msgs/include/lane_msgs/lane_msgs/msg/rosidl_typesupport_fastrtps_c__visibility_control.h
[1.354s] -- Up-to-date symlink: /home/dee/Downloads/autowareclass2020/code/src/08_Perception_Camera/Camera-Hands-On-Solution-WS/install/lane_msgs/include/lane_msgs/lane_msgs/msg/detail/lane_marking__builder.hpp
[1.355s] -- Up-to-date symlink: /home/dee/Downloads/autowareclass2020/code/src/08_Perception_Camera/Camera-Hands-On-Solution-WS/install/lane_msgs/include/lane_msgs/lane_msgs/msg/detail/lane_marking__struct.hpp
[1.355s] -- Up-to-date symlink: /home/dee/Downloads/autowareclass2020/code/src/08_Perception_Camera/Camera-Hands-On-Solution-WS/install/lane_msgs/include/lane_msgs/lane_msgs/msg/detail/lane_marking__traits.hpp
[1.355s] -- Up-to-date symlink: /home/dee/Downloads/autowareclass2020/code/src/08_Perception_Camera/Camera-Hands-On-Solution-WS/install/lane_msgs/include/lane_msgs/lane_msgs/msg/detail/lane_marking_array__builder.hpp
[1.355s] -- Up-to-date symlink: /home/dee/Downloads/autowareclass2020/code/src/08_Perception_Camera/Camera-Hands-On-Solution-WS/install/lane_msgs/include/lane_msgs/lane_msgs/msg/detail/lane_marking_array__struct.hpp
[1.355s] -- Up-to-date symlink: /home/dee/Downloads/autowareclass2020/code/src/08_Perception_Camera/Camera-Hands-On-Solution-WS/install/lane_msgs/include/lane_msgs/lane_msgs/msg/detail/lane_marking_array__traits.hpp
[1.355s] -- Up-to-date symlink: /home/dee/Downloads/autowareclass2020/code/src/08_Perception_Camera/Camera-Hands-On-Solution-WS/install/lane_msgs/include/lane_msgs/lane_msgs/msg/detail/lane_marking_array_both__builder.hpp
[1.355s] -- Up-to-date symlink: /home/dee/Downloads/autowareclass2020/code/src/08_Perception_Camera/Camera-Hands-On-Solution-WS/install/lane_msgs/include/lane_msgs/lane_msgs/msg/detail/lane_marking_array_both__struct.hpp
[1.355s] -- Up-to-date symlink: /home/dee/Downloads/autowareclass2020/code/src/08_Perception_Camera/Camera-Hands-On-Solution-WS/install/lane_msgs/include/lane_msgs/lane_msgs/msg/detail/lane_marking_array_both__traits.hpp
[1.355s] -- Up-to-date symlink: /home/dee/Downloads/autowareclass2020/code/src/08_Perception_Camera/Camera-Hands-On-Solution-WS/install/lane_msgs/include/lane_msgs/lane_msgs/msg/detail/lane_marking_projected__builder.hpp
[1.355s] -- Up-to-date symlink: /home/dee/Downloads/autowareclass2020/code/src/08_Perception_Camera/Camera-Hands-On-Solution-WS/install/lane_msgs/include/lane_msgs/lane_msgs/msg/detail/lane_marking_projected__struct.hpp
[1.355s] -- Up-to-date symlink: /home/dee/Downloads/autowareclass2020/code/src/08_Perception_Camera/Camera-Hands-On-Solution-WS/install/lane_msgs/include/lane_msgs/lane_msgs/msg/detail/lane_marking_projected__traits.hpp
[1.355s] -- Up-to-date symlink: /home/dee/Downloads/autowareclass2020/code/src/08_Perception_Camera/Camera-Hands-On-Solution-WS/install/lane_msgs/include/lane_msgs/lane_msgs/msg/detail/lane_marking_projected_array__builder.hpp
[1.355s] -- Up-to-date symlink: /home/dee/Downloads/autowareclass2020/code/src/08_Perception_Camera/Camera-Hands-On-Solution-WS/install/lane_msgs/include/lane_msgs/lane_msgs/msg/detail/lane_marking_projected_array__struct.hpp
[1.356s] -- Up-to-date symlink: /home/dee/Downloads/autowareclass2020/code/src/08_Perception_Camera/Camera-Hands-On-Solution-WS/install/lane_msgs/include/lane_msgs/lane_msgs/msg/detail/lane_marking_projected_array__traits.hpp
[1.356s] -- Up-to-date symlink: /home/dee/Downloads/autowareclass2020/code/src/08_Perception_Camera/Camera-Hands-On-Solution-WS/install/lane_msgs/include/lane_msgs/lane_msgs/msg/detail/lane_marking_projected_array_both__builder.hpp
[1.356s] -- Up-to-date symlink: /home/dee/Downloads/autowareclass2020/code/src/08_Perception_Camera/Camera-Hands-On-Solution-WS/install/lane_msgs/include/lane_msgs/lane_msgs/msg/detail/lane_marking_projected_array_both__struct.hpp
[1.356s] -- Up-to-date symlink: /home/dee/Downloads/autowareclass2020/code/src/08_Perception_Camera/Camera-Hands-On-Solution-WS/install/lane_msgs/include/lane_msgs/lane_msgs/msg/detail/lane_marking_projected_array_both__traits.hpp
[1.356s] -- Up-to-date symlink: /home/dee/Downloads/autowareclass2020/code/src/08_Perception_Camera/Camera-Hands-On-Solution-WS/install/lane_msgs/include/lane_msgs/lane_msgs/msg/lane_marking.hpp
[1.356s] -- Up-to-date symlink: /home/dee/Downloads/autowareclass2020/code/src/08_Perception_Camera/Camera-Hands-On-Solution-WS/install/lane_msgs/include/lane_msgs/lane_msgs/msg/lane_marking_array.hpp
[1.356s] -- Up-to-date symlink: /home/dee/Downloads/autowareclass2020/code/src/08_Perception_Camera/Camera-Hands-On-Solution-WS/install/lane_msgs/include/lane_msgs/lane_msgs/msg/lane_marking_array_both.hpp
[1.356s] -- Up-to-date symlink: /home/dee/Downloads/autowareclass2020/code/src/08_Perception_Camera/Camera-Hands-On-Solution-WS/install/lane_msgs/include/lane_msgs/lane_msgs/msg/lane_marking_projected.hpp
[1.356s] -- Up-to-date symlink: /home/dee/Downloads/autowareclass2020/code/src/08_Perception_Camera/Camera-Hands-On-Solution-WS/install/lane_msgs/include/lane_msgs/lane_msgs/msg/lane_marking_projected_array.hpp
[1.356s] -- Up-to-date symlink: /home/dee/Downloads/autowareclass2020/code/src/08_Perception_Camera/Camera-Hands-On-Solution-WS/install/lane_msgs/include/lane_msgs/lane_msgs/msg/lane_marking_projected_array_both.hpp
[1.357s] -- Up-to-date symlink: /home/dee/Downloads/autowareclass2020/code/src/08_Perception_Camera/Camera-Hands-On-Solution-WS/install/lane_msgs/include/lane_msgs/lane_msgs/msg/detail/lane_marking__rosidl_typesupport_fastrtps_cpp.hpp
[1.357s] -- Up-to-date symlink: /home/dee/Downloads/autowareclass2020/code/src/08_Perception_Camera/Camera-Hands-On-Solution-WS/install/lane_msgs/include/lane_msgs/lane_msgs/msg/detail/lane_marking_array__rosidl_typesupport_fastrtps_cpp.hpp
[1.357s] -- Up-to-date symlink: /home/dee/Downloads/autowareclass2020/code/src/08_Perception_Camera/Camera-Hands-On-Solution-WS/install/lane_msgs/include/lane_msgs/lane_msgs/msg/detail/lane_marking_array_both__rosidl_typesupport_fastrtps_cpp.hpp
[1.357s] -- Up-to-date symlink: /home/dee/Downloads/autowareclass2020/code/src/08_Perception_Camera/Camera-Hands-On-Solution-WS/install/lane_msgs/include/lane_msgs/lane_msgs/msg/detail/lane_marking_projected__rosidl_typesupport_fastrtps_cpp.hpp
[1.357s] -- Up-to-date symlink: /home/dee/Downloads/autowareclass2020/code/src/08_Perception_Camera/Camera-Hands-On-Solution-WS/install/lane_msgs/include/lane_msgs/lane_msgs/msg/detail/lane_marking_projected_array__rosidl_typesupport_fastrtps_cpp.hpp
[1.357s] -- Up-to-date symlink: /home/dee/Downloads/autowareclass2020/code/src/08_Perception_Camera/Camera-Hands-On-Solution-WS/install/lane_msgs/include/lane_msgs/lane_msgs/msg/detail/lane_marking_projected_array_both__rosidl_typesupport_fastrtps_cpp.hpp
[1.357s] -- Up-to-date symlink: /home/dee/Downloads/autowareclass2020/code/src/08_Perception_Camera/Camera-Hands-On-Solution-WS/install/lane_msgs/include/lane_msgs/lane_msgs/msg/rosidl_typesupport_fastrtps_cpp__visibility_control.h
[1.357s] -- Up-to-date symlink: /home/dee/Downloads/autowareclass2020/code/src/08_Perception_Camera/Camera-Hands-On-Solution-WS/install/lane_msgs/include/lane_msgs/lane_msgs/msg/detail/lane_marking__rosidl_typesupport_introspection_c.h
[1.357s] -- Up-to-date symlink: /home/dee/Downloads/autowareclass2020/code/src/08_Perception_Camera/Camera-Hands-On-Solution-WS/install/lane_msgs/include/lane_msgs/lane_msgs/msg/detail/lane_marking_array__rosidl_typesupport_introspection_c.h
[1.357s] -- Up-to-date symlink: /home/dee/Downloads/autowareclass2020/code/src/08_Perception_Camera/Camera-Hands-On-Solution-WS/install/lane_msgs/include/lane_msgs/lane_msgs/msg/detail/lane_marking_array_both__rosidl_typesupport_introspection_c.h
[1.357s] -- Up-to-date symlink: /home/dee/Downloads/autowareclass2020/code/src/08_Perception_Camera/Camera-Hands-On-Solution-WS/install/lane_msgs/include/lane_msgs/lane_msgs/msg/detail/lane_marking_projected__rosidl_typesupport_introspection_c.h
[1.358s] -- Up-to-date symlink: /home/dee/Downloads/autowareclass2020/code/src/08_Perception_Camera/Camera-Hands-On-Solution-WS/install/lane_msgs/include/lane_msgs/lane_msgs/msg/detail/lane_marking_projected_array__rosidl_typesupport_introspection_c.h
[1.358s] -- Up-to-date symlink: /home/dee/Downloads/autowareclass2020/code/src/08_Perception_Camera/Camera-Hands-On-Solution-WS/install/lane_msgs/include/lane_msgs/lane_msgs/msg/detail/lane_marking_projected_array_both__rosidl_typesupport_introspection_c.h
[1.358s] -- Up-to-date symlink: /home/dee/Downloads/autowareclass2020/code/src/08_Perception_Camera/Camera-Hands-On-Solution-WS/install/lane_msgs/include/lane_msgs/lane_msgs/msg/rosidl_typesupport_introspection_c__visibility_control.h
[1.358s] -- Up-to-date symlink: /home/dee/Downloads/autowareclass2020/code/src/08_Perception_Camera/Camera-Hands-On-Solution-WS/install/lane_msgs/include/lane_msgs/lane_msgs/msg/detail/lane_marking__rosidl_typesupport_introspection_cpp.hpp
[1.358s] -- Up-to-date symlink: /home/dee/Downloads/autowareclass2020/code/src/08_Perception_Camera/Camera-Hands-On-Solution-WS/install/lane_msgs/include/lane_msgs/lane_msgs/msg/detail/lane_marking_array__rosidl_typesupport_introspection_cpp.hpp
[1.358s] -- Up-to-date symlink: /home/dee/Downloads/autowareclass2020/code/src/08_Perception_Camera/Camera-Hands-On-Solution-WS/install/lane_msgs/include/lane_msgs/lane_msgs/msg/detail/lane_marking_array_both__rosidl_typesupport_introspection_cpp.hpp
[1.358s] -- Up-to-date symlink: /home/dee/Downloads/autowareclass2020/code/src/08_Perception_Camera/Camera-Hands-On-Solution-WS/install/lane_msgs/include/lane_msgs/lane_msgs/msg/detail/lane_marking_projected__rosidl_typesupport_introspection_cpp.hpp
[1.358s] -- Up-to-date symlink: /home/dee/Downloads/autowareclass2020/code/src/08_Perception_Camera/Camera-Hands-On-Solution-WS/install/lane_msgs/include/lane_msgs/lane_msgs/msg/detail/lane_marking_projected_array__rosidl_typesupport_introspection_cpp.hpp
[1.358s] -- Up-to-date symlink: /home/dee/Downloads/autowareclass2020/code/src/08_Perception_Camera/Camera-Hands-On-Solution-WS/install/lane_msgs/include/lane_msgs/lane_msgs/msg/detail/lane_marking_projected_array_both__rosidl_typesupport_introspection_cpp.hpp
[1.358s] -- Up-to-date symlink: /home/dee/Downloads/autowareclass2020/code/src/08_Perception_Camera/Camera-Hands-On-Solution-WS/install/lane_msgs/share/lane_msgs/environment/pythonpath.sh
[1.358s] -- Up-to-date symlink: /home/dee/Downloads/autowareclass2020/code/src/08_Perception_Camera/Camera-Hands-On-Solution-WS/install/lane_msgs/share/lane_msgs/environment/pythonpath.dsv
[1.359s] -- Up-to-date symlink: /home/dee/Downloads/autowareclass2020/code/src/08_Perception_Camera/Camera-Hands-On-Solution-WS/install/lane_msgs/local/lib/python3.10/dist-packages/lane_msgs-1.0.0-py3.10.egg-info/PKG-INFO
[1.359s] -- Up-to-date symlink: /home/dee/Downloads/autowareclass2020/code/src/08_Perception_Camera/Camera-Hands-On-Solution-WS/install/lane_msgs/local/lib/python3.10/dist-packages/lane_msgs-1.0.0-py3.10.egg-info/SOURCES.txt
[1.359s] -- Up-to-date symlink: /home/dee/Downloads/autowareclass2020/code/src/08_Perception_Camera/Camera-Hands-On-Solution-WS/install/lane_msgs/local/lib/python3.10/dist-packages/lane_msgs-1.0.0-py3.10.egg-info/dependency_links.txt
[1.359s] -- Up-to-date symlink: /home/dee/Downloads/autowareclass2020/code/src/08_Perception_Camera/Camera-Hands-On-Solution-WS/install/lane_msgs/local/lib/python3.10/dist-packages/lane_msgs-1.0.0-py3.10.egg-info/top_level.txt
[1.359s] -- Up-to-date symlink: /home/dee/Downloads/autowareclass2020/code/src/08_Perception_Camera/Camera-Hands-On-Solution-WS/install/lane_msgs/local/lib/python3.10/dist-packages/lane_msgs/__init__.py
[1.359s] -- Up-to-date symlink: /home/dee/Downloads/autowareclass2020/code/src/08_Perception_Camera/Camera-Hands-On-Solution-WS/install/lane_msgs/local/lib/python3.10/dist-packages/lane_msgs/_lane_msgs_s.ep.rosidl_typesupport_c.c
[1.359s] -- Up-to-date symlink: /home/dee/Downloads/autowareclass2020/code/src/08_Perception_Camera/Camera-Hands-On-Solution-WS/install/lane_msgs/local/lib/python3.10/dist-packages/lane_msgs/_lane_msgs_s.ep.rosidl_typesupport_fastrtps_c.c
[1.359s] -- Up-to-date symlink: /home/dee/Downloads/autowareclass2020/code/src/08_Perception_Camera/Camera-Hands-On-Solution-WS/install/lane_msgs/local/lib/python3.10/dist-packages/lane_msgs/_lane_msgs_s.ep.rosidl_typesupport_introspection_c.c
[1.360s] -- Up-to-date symlink: /home/dee/Downloads/autowareclass2020/code/src/08_Perception_Camera/Camera-Hands-On-Solution-WS/install/lane_msgs/local/lib/python3.10/dist-packages/lane_msgs/lane_msgs_s__rosidl_typesupport_c.cpython-310-aarch64-linux-gnu.so
[1.360s] -- Up-to-date symlink: /home/dee/Downloads/autowareclass2020/code/src/08_Perception_Camera/Camera-Hands-On-Solution-WS/install/lane_msgs/local/lib/python3.10/dist-packages/lane_msgs/lane_msgs_s__rosidl_typesupport_fastrtps_c.cpython-310-aarch64-linux-gnu.so
[1.360s] -- Up-to-date symlink: /home/dee/Downloads/autowareclass2020/code/src/08_Perception_Camera/Camera-Hands-On-Solution-WS/install/lane_msgs/local/lib/python3.10/dist-packages/lane_msgs/lane_msgs_s__rosidl_typesupport_introspection_c.cpython-310-aarch64-linux-gnu.so
[1.360s] -- Up-to-date symlink: /home/dee/Downloads/autowareclass2020/code/src/08_Perception_Camera/Camera-Hands-On-Solution-WS/install/lane_msgs/local/lib/python3.10/dist-packages/lane_msgs/liblane_msgs__rosidl_generator_py.so
[1.360s] -- Up-to-date symlink: /home/dee/Downloads/autowareclass2020/code/src/08_Perception_Camera/Camera-Hands-On-Solution-WS/install/lane_msgs/local/lib/python3.10/dist-packages/lane_msgs/msg/__init__.py
[1.360s] -- Up-to-date symlink: /home/dee/Downloads/autowareclass2020/code/src/08_Perception_Camera/Camera-Hands-On-Solution-WS/install/lane_msgs/local/lib/python3.10/dist-packages/lane_msgs/msg/_lane_marking.py
[1.360s] -- Up-to-date symlink: /home/dee/Downloads/autowareclass2020/code/src/08_Perception_Camera/Camera-Hands-On-Solution-WS/install/lane_msgs/local/lib/python3.10/dist-packages/lane_msgs/msg/_lane_marking_array.py
[1.360s] -- Up-to-date symlink: /home/dee/Downloads/autowareclass2020/code/src/08_Perception_Camera/Camera-Hands-On-Solution-WS/install/lane_msgs/local/lib/python3.10/dist-packages/lane_msgs/msg/_lane_marking_array_both.py
[1.360s] -- Up-to-date symlink: /home/dee/Downloads/autowareclass2020/code/src/08_Perception_Camera/Camera-Hands-On-Solution-WS/install/lane_msgs/local/lib/python3.10/dist-packages/lane_msgs/msg/_lane_marking_array_both_s.c
[1.360s] -- Up-to-date symlink: /home/dee/Downloads/autowareclass2020/code/src/08_Perception_Camera/Camera-Hands-On-Solution-WS/install/lane_msgs/local/lib/python3.10/dist-packages/lane_msgs/msg/_lane_marking_array_s.c
[1.361s] -- Up-to-date symlink: /home/dee/Downloads/autowareclass2020/code/src/08_Perception_Camera/Camera-Hands-On-Solution-WS/install/lane_msgs/local/lib/python3.10/dist-packages/lane_msgs/msg/_lane_marking_projected.py
[1.361s] -- Up-to-date symlink: /home/dee/Downloads/autowareclass2020/code/src/08_Perception_Camera/Camera-Hands-On-Solution-WS/install/lane_msgs/local/lib/python3.10/dist-packages/lane_msgs/msg/_lane_marking_projected_array.py
[1.361s] -- Up-to-date symlink: /home/dee/Downloads/autowareclass2020/code/src/08_Perception_Camera/Camera-Hands-On-Solution-WS/install/lane_msgs/local/lib/python3.10/dist-packages/lane_msgs/msg/_lane_marking_projected_array_both.py
[1.361s] -- Up-to-date symlink: /home/dee/Downloads/autowareclass2020/code/src/08_Perception_Camera/Camera-Hands-On-Solution-WS/install/lane_msgs/local/lib/python3.10/dist-packages/lane_msgs/msg/_lane_marking_projected_array_both_s.c
[1.361s] -- Up-to-date symlink: /home/dee/Downloads/autowareclass2020/code/src/08_Perception_Camera/Camera-Hands-On-Solution-WS/install/lane_msgs/local/lib/python3.10/dist-packages/lane_msgs/msg/_lane_marking_projected_array_s.c
[1.361s] -- Up-to-date symlink: /home/dee/Downloads/autowareclass2020/code/src/08_Perception_Camera/Camera-Hands-On-Solution-WS/install/lane_msgs/local/lib/python3.10/dist-packages/lane_msgs/msg/_lane_marking_projected_s.c
[1.361s] -- Up-to-date symlink: /home/dee/Downloads/autowareclass2020/code/src/08_Perception_Camera/Camera-Hands-On-Solution-WS/install/lane_msgs/local/lib/python3.10/dist-packages/lane_msgs/msg/_lane_marking_s.c
[1.362s] -- Up-to-date symlink: /home/dee/Downloads/autowareclass2020/code/src/08_Perception_Camera/Camera-Hands-On-Solution-WS/install/lane_msgs/local/lib/python3.10/dist-packages/lane_msgs/lane_msgs_s__rosidl_typesupport_fastrtps_c.cpython-310-aarch64-linux-gnu.so
[1.362s] -- Up-to-date symlink: /home/dee/Downloads/autowareclass2020/code/src/08_Perception_Camera/Camera-Hands-On-Solution-WS/install/lane_msgs/local/lib/python3.10/dist-packages/lane_msgs/lane_msgs_s__rosidl_typesupport_introspection_c.cpython-310-aarch64-linux-gnu.so
[1.362s] -- Up-to-date symlink: /home/dee/Downloads/autowareclass2020/code/src/08_Perception_Camera/Camera-Hands-On-Solution-WS/install/lane_msgs/local/lib/python3.10/dist-packages/lane_msgs/lane_msgs_s__rosidl_typesupport_c.cpython-310-aarch64-linux-gnu.so
[1.362s] -- Up-to-date symlink: /home/dee/Downloads/autowareclass2020/code/src/08_Perception_Camera/Camera-Hands-On-Solution-WS/install/lane_msgs/share/lane_msgs/msg/LaneMarking.idl
[1.362s] -- Up-to-date symlink: /home/dee/Downloads/autowareclass2020/code/src/08_Perception_Camera/Camera-Hands-On-Solution-WS/install/lane_msgs/share/lane_msgs/msg/LaneMarkingArray.idl
[1.362s] -- Up-to-date symlink: /home/dee/Downloads/autowareclass2020/code/src/08_Perception_Camera/Camera-Hands-On-Solution-WS/install/lane_msgs/share/lane_msgs/msg/LaneMarkingArrayBoth.idl
[1.363s] -- Up-to-date symlink: /home/dee/Downloads/autowareclass2020/code/src/08_Perception_Camera/Camera-Hands-On-Solution-WS/install/lane_msgs/share/lane_msgs/msg/LaneMarkingProjected.idl
[1.363s] -- Up-to-date symlink: /home/dee/Downloads/autowareclass2020/code/src/08_Perception_Camera/Camera-Hands-On-Solution-WS/install/lane_msgs/share/lane_msgs/msg/LaneMarkingProjectedArray.idl
[1.363s] -- Up-to-date symlink: /home/dee/Downloads/autowareclass2020/code/src/08_Perception_Camera/Camera-Hands-On-Solution-WS/install/lane_msgs/share/lane_msgs/msg/LaneMarkingProjectedArrayBoth.idl
[1.363s] -- Up-to-date symlink: /home/dee/Downloads/autowareclass2020/code/src/08_Perception_Camera/Camera-Hands-On-Solution-WS/install/lane_msgs/share/lane_msgs/msg/LaneMarking.msg
[1.363s] -- Up-to-date symlink: /home/dee/Downloads/autowareclass2020/code/src/08_Perception_Camera/Camera-Hands-On-Solution-WS/install/lane_msgs/share/lane_msgs/msg/LaneMarkingArray.msg
[1.363s] -- Up-to-date symlink: /home/dee/Downloads/autowareclass2020/code/src/08_Perception_Camera/Camera-Hands-On-Solution-WS/install/lane_msgs/share/lane_msgs/msg/LaneMarkingArrayBoth.msg
[1.363s] -- Up-to-date symlink: /home/dee/Downloads/autowareclass2020/code/src/08_Perception_Camera/Camera-Hands-On-Solution-WS/install/lane_msgs/share/lane_msgs/msg/LaneMarkingProjected.msg
[1.363s] -- Up-to-date symlink: /home/dee/Downloads/autowareclass2020/code/src/08_Perception_Camera/Camera-Hands-On-Solution-WS/install/lane_msgs/share/lane_msgs/msg/LaneMarkingProjectedArray.msg
[1.364s] -- Up-to-date symlink: /home/dee/Downloads/autowareclass2020/code/src/08_Perception_Camera/Camera-Hands-On-Solution-WS/install/lane_msgs/share/lane_msgs/msg/LaneMarkingProjectedArrayBoth.msg
[1.364s] -- Up-to-date symlink: /home/dee/Downloads/autowareclass2020/code/src/08_Perception_Camera/Camera-Hands-On-Solution-WS/install/lane_msgs/share/ament_index/resource_index/package_run_dependencies/lane_msgs
[1.364s] -- Up-to-date symlink: /home/dee/Downloads/autowareclass2020/code/src/08_Perception_Camera/Camera-Hands-On-Solution-WS/install/lane_msgs/share/ament_index/resource_index/parent_prefix_path/lane_msgs
[1.364s] -- Up-to-date symlink: /home/dee/Downloads/autowareclass2020/code/src/08_Perception_Camera/Camera-Hands-On-Solution-WS/install/lane_msgs/share/lane_msgs/environment/ament_prefix_path.sh
[1.364s] -- Up-to-date symlink: /home/dee/Downloads/autowareclass2020/code/src/08_Perception_Camera/Camera-Hands-On-Solution-WS/install/lane_msgs/share/lane_msgs/environment/ament_prefix_path.dsv
[1.364s] -- Up-to-date symlink: /home/dee/Downloads/autowareclass2020/code/src/08_Perception_Camera/Camera-Hands-On-Solution-WS/install/lane_msgs/share/lane_msgs/environment/path.sh
[1.365s] -- Up-to-date symlink: /home/dee/Downloads/autowareclass2020/code/src/08_Perception_Camera/Camera-Hands-On-Solution-WS/install/lane_msgs/share/lane_msgs/environment/path.dsv
[1.365s] -- Up-to-date symlink: /home/dee/Downloads/autowareclass2020/code/src/08_Perception_Camera/Camera-Hands-On-Solution-WS/install/lane_msgs/share/lane_msgs/local_setup.bash
[1.365s] -- Up-to-date symlink: /home/dee/Downloads/autowareclass2020/code/src/08_Perception_Camera/Camera-Hands-On-Solution-WS/install/lane_msgs/share/lane_msgs/local_setup.sh
[1.365s] -- Up-to-date symlink: /home/dee/Downloads/autowareclass2020/code/src/08_Perception_Camera/Camera-Hands-On-Solution-WS/install/lane_msgs/share/lane_msgs/local_setup.zsh
[1.365s] -- Up-to-date symlink: /home/dee/Downloads/autowareclass2020/code/src/08_Perception_Camera/Camera-Hands-On-Solution-WS/install/lane_msgs/share/lane_msgs/local_setup.dsv
[1.365s] -- Symlinking: /home/dee/Downloads/autowareclass2020/code/src/08_Perception_Camera/Camera-Hands-On-Solution-WS/install/lane_msgs/share/lane_msgs/package.dsv
[1.379s] -- Up-to-date symlink: /home/dee/Downloads/autowareclass2020/code/src/08_Perception_Camera/Camera-Hands-On-Solution-WS/install/lane_msgs/share/ament_index/resource_index/packages/lane_msgs
[1.379s] -- Up-to-date symlink: /home/dee/Downloads/autowareclass2020/code/src/08_Perception_Camera/Camera-Hands-On-Solution-WS/install/lane_msgs/share/lane_msgs/cmake/rosidl_cmake-extras.cmake
[1.379s] -- Up-to-date symlink: /home/dee/Downloads/autowareclass2020/code/src/08_Perception_Camera/Camera-Hands-On-Solution-WS/install/lane_msgs/share/lane_msgs/cmake/ament_cmake_export_dependencies-extras.cmake
[1.379s] -- Up-to-date symlink: /home/dee/Downloads/autowareclass2020/code/src/08_Perception_Camera/Camera-Hands-On-Solution-WS/install/lane_msgs/share/lane_msgs/cmake/ament_cmake_export_include_directories-extras.cmake
[1.380s] -- Up-to-date symlink: /home/dee/Downloads/autowareclass2020/code/src/08_Perception_Camera/Camera-Hands-On-Solution-WS/install/lane_msgs/share/lane_msgs/cmake/ament_cmake_export_libraries-extras.cmake
[1.380s] -- Up-to-date symlink: /home/dee/Downloads/autowareclass2020/code/src/08_Perception_Camera/Camera-Hands-On-Solution-WS/install/lane_msgs/share/lane_msgs/cmake/ament_cmake_export_targets-extras.cmake
[1.380s] -- Up-to-date symlink: /home/dee/Downloads/autowareclass2020/code/src/08_Perception_Camera/Camera-Hands-On-Solution-WS/install/lane_msgs/share/lane_msgs/cmake/rosidl_cmake_export_typesupport_targets-extras.cmake
[1.380s] -- Up-to-date symlink: /home/dee/Downloads/autowareclass2020/code/src/08_Perception_Camera/Camera-Hands-On-Solution-WS/install/lane_msgs/share/lane_msgs/cmake/rosidl_cmake_export_typesupport_libraries-extras.cmake
[1.380s] -- Up-to-date symlink: /home/dee/Downloads/autowareclass2020/code/src/08_Perception_Camera/Camera-Hands-On-Solution-WS/install/lane_msgs/share/lane_msgs/cmake/lane_msgsConfig.cmake
[1.380s] -- Up-to-date symlink: /home/dee/Downloads/autowareclass2020/code/src/08_Perception_Camera/Camera-Hands-On-Solution-WS/install/lane_msgs/share/lane_msgs/cmake/lane_msgsConfig-version.cmake
[1.380s] -- Up-to-date symlink: /home/dee/Downloads/autowareclass2020/code/src/08_Perception_Camera/Camera-Hands-On-Solution-WS/install/lane_msgs/share/lane_msgs/package.xml
[1.381s] -- Up-to-date: /home/dee/Downloads/autowareclass2020/code/src/08_Perception_Camera/Camera-Hands-On-Solution-WS/install/lane_msgs/lib/liblane_msgs__rosidl_generator_c.so
[1.381s] -- Up-to-date: /home/dee/Downloads/autowareclass2020/code/src/08_Perception_Camera/Camera-Hands-On-Solution-WS/install/lane_msgs/lib/liblane_msgs__rosidl_typesupport_fastrtps_c.so
[1.382s] -- Up-to-date: /home/dee/Downloads/autowareclass2020/code/src/08_Perception_Camera/Camera-Hands-On-Solution-WS/install/lane_msgs/lib/liblane_msgs__rosidl_typesupport_fastrtps_cpp.so
[1.383s] -- Up-to-date: /home/dee/Downloads/autowareclass2020/code/src/08_Perception_Camera/Camera-Hands-On-Solution-WS/install/lane_msgs/lib/liblane_msgs__rosidl_typesupport_introspection_c.so
[1.383s] -- Up-to-date: /home/dee/Downloads/autowareclass2020/code/src/08_Perception_Camera/Camera-Hands-On-Solution-WS/install/lane_msgs/lib/liblane_msgs__rosidl_typesupport_c.so
[1.384s] -- Up-to-date: /home/dee/Downloads/autowareclass2020/code/src/08_Perception_Camera/Camera-Hands-On-Solution-WS/install/lane_msgs/lib/liblane_msgs__rosidl_typesupport_introspection_cpp.so
[1.384s] -- Up-to-date: /home/dee/Downloads/autowareclass2020/code/src/08_Perception_Camera/Camera-Hands-On-Solution-WS/install/lane_msgs/lib/liblane_msgs__rosidl_typesupport_cpp.so
[1.414s] Listing '/home/dee/Downloads/autowareclass2020/code/src/08_Perception_Camera/Camera-Hands-On-Solution-WS/install/lane_msgs/local/lib/python3.10/dist-packages/lane_msgs'...
[1.414s] Listing '/home/dee/Downloads/autowareclass2020/code/src/08_Perception_Camera/Camera-Hands-On-Solution-WS/install/lane_msgs/local/lib/python3.10/dist-packages/lane_msgs/msg'...
[1.417s] -- Up-to-date: /home/dee/Downloads/autowareclass2020/code/src/08_Perception_Camera/Camera-Hands-On-Solution-WS/install/lane_msgs/lib/liblane_msgs__rosidl_generator_py.so
[1.417s] -- Up-to-date: /home/dee/Downloads/autowareclass2020/code/src/08_Perception_Camera/Camera-Hands-On-Solution-WS/install/lane_msgs/share/lane_msgs/cmake/export_lane_msgs__rosidl_generator_cExport.cmake
[1.419s] -- Up-to-date: /home/dee/Downloads/autowareclass2020/code/src/08_Perception_Camera/Camera-Hands-On-Solution-WS/install/lane_msgs/share/lane_msgs/cmake/export_lane_msgs__rosidl_generator_cExport-noconfig.cmake
[1.420s] -- Up-to-date: /home/dee/Downloads/autowareclass2020/code/src/08_Perception_Camera/Camera-Hands-On-Solution-WS/install/lane_msgs/share/lane_msgs/cmake/export_lane_msgs__rosidl_typesupport_fastrtps_cExport.cmake
[1.420s] -- Up-to-date: /home/dee/Downloads/autowareclass2020/code/src/08_Perception_Camera/Camera-Hands-On-Solution-WS/install/lane_msgs/share/lane_msgs/cmake/export_lane_msgs__rosidl_typesupport_fastrtps_cExport-noconfig.cmake
[1.420s] -- Up-to-date: /home/dee/Downloads/autowareclass2020/code/src/08_Perception_Camera/Camera-Hands-On-Solution-WS/install/lane_msgs/share/lane_msgs/cmake/export_lane_msgs__rosidl_generator_cppExport.cmake
[1.420s] -- Up-to-date: /home/dee/Downloads/autowareclass2020/code/src/08_Perception_Camera/Camera-Hands-On-Solution-WS/install/lane_msgs/share/lane_msgs/cmake/export_lane_msgs__rosidl_typesupport_fastrtps_cppExport.cmake
[1.420s] -- Up-to-date: /home/dee/Downloads/autowareclass2020/code/src/08_Perception_Camera/Camera-Hands-On-Solution-WS/install/lane_msgs/share/lane_msgs/cmake/export_lane_msgs__rosidl_typesupport_fastrtps_cppExport-noconfig.cmake
[1.420s] -- Up-to-date: /home/dee/Downloads/autowareclass2020/code/src/08_Perception_Camera/Camera-Hands-On-Solution-WS/install/lane_msgs/share/lane_msgs/cmake/lane_msgs__rosidl_typesupport_introspection_cExport.cmake
[1.420s] -- Up-to-date: /home/dee/Downloads/autowareclass2020/code/src/08_Perception_Camera/Camera-Hands-On-Solution-WS/install/lane_msgs/share/lane_msgs/cmake/lane_msgs__rosidl_typesupport_introspection_cExport-noconfig.cmake
[1.424s] -- Up-to-date: /home/dee/Downloads/autowareclass2020/code/src/08_Perception_Camera/Camera-Hands-On-Solution-WS/install/lane_msgs/share/lane_msgs/cmake/lane_msgs__rosidl_typesupport_cExport.cmake
[1.424s] -- Up-to-date: /home/dee/Downloads/autowareclass2020/code/src/08_Perception_Camera/Camera-Hands-On-Solution-WS/install/lane_msgs/share/lane_msgs/cmake/lane_msgs__rosidl_typesupport_cExport-noconfig.cmake
[1.424s] -- Up-to-date: /home/dee/Downloads/autowareclass2020/code/src/08_Perception_Camera/Camera-Hands-On-Solution-WS/install/lane_msgs/share/lane_msgs/cmake/lane_msgs__rosidl_typesupport_introspection_cppExport.cmake
[1.424s] -- Up-to-date: /home/dee/Downloads/autowareclass2020/code/src/08_Perception_Camera/Camera-Hands-On-Solution-WS/install/lane_msgs/share/lane_msgs/cmake/lane_msgs__rosidl_typesupport_introspection_cppExport-noconfig.cmake
[1.424s] -- Up-to-date: /home/dee/Downloads/autowareclass2020/code/src/08_Perception_Camera/Camera-Hands-On-Solution-WS/install/lane_msgs/share/lane_msgs/cmake/lane_msgs__rosidl_typesupport_cppExport.cmake
[1.424s] -- Up-to-date: /home/dee/Downloads/autowareclass2020/code/src/08_Perception_Camera/Camera-Hands-On-Solution-WS/install/lane_msgs/share/lane_msgs/cmake/lane_msgs__rosidl_typesupport_cppExport-noconfig.cmake
[1.432s] -- Up-to-date: /home/dee/Downloads/autowareclass2020/code/src/08_Perception_Camera/Camera-Hands-On-Solution-WS/install/lane_msgs/share/lane_msgs/cmake/export_lane_msgs__rosidl_generator_pyExport.cmake
[1.432s] -- Up-to-date: /home/dee/Downloads/autowareclass2020/code/src/08_Perception_Camera/Camera-Hands-On-Solution-WS/install/lane_msgs/share/lane_msgs/cmake/export_lane_msgs__rosidl_generator_pyExport-noconfig.cmake
[1.433s] Invoked command in '/home/dee/Downloads/autowareclass2020/code/src/08_Perception_Camera/Camera-Hands-On-Solution-WS/build/lane_msgs' returned '0': CMAKE_PREFIX_PATH=${CMAKE_PREFIX_PATH}:/home/dee/Downloads/autoware/install/simulator_compatibility_test:/home/dee/Downloads/autoware/install/ad_api_visualizers:/home/dee/ros2_dee_ws/install/dee_turtle_controller:/home/dee/ros2_dee_ws/install/dee_params_pkg:/home/dee/ros2_dee_ws/install/dee_image_publisher:/home/dee/ros2_dee_ws/install/dee_action_svr:/opt/ros/humble /usr/bin/cmake --install /home/dee/Downloads/autowareclass2020/code/src/08_Perception_Camera/Camera-Hands-On-Solution-WS/build/lane_msgs
