-- The C compiler identification is GNU 11.3.0
-- The CXX compiler identification is GNU 11.3.0
-- Detecting C compiler ABI info
-- Detecting C compiler ABI info - done
-- Check for working C compiler: /usr/bin/cc - skipped
-- Detecting C compile features
-- Detecting C compile features - done
-- Detecting CXX compiler ABI info
-- Detecting CXX compiler ABI info - done
-- Check for working CXX compiler: /usr/bin/c++ - skipped
-- Detecting CXX compile features
-- Detecting CXX compile features - done
-- Found ament_cmake: 1.3.3 (/opt/ros/humble/share/ament_cmake/cmake)
-- Found Python3: /usr/bin/python3.10 (found version "3.10.6") found components: Interpreter 
-- Override CMake install command with custom implementation using symlinks instead of copying resources
-- Found rclcpp: 16.0.3 (/opt/ros/humble/share/rclcpp/cmake)
-- Found rosidl_generator_c: 3.1.4 (/opt/ros/humble/share/rosidl_generator_c/cmake)
-- Found rosidl_adapter: 3.1.4 (/opt/ros/humble/share/rosidl_adapter/cmake)
-- Found rosidl_generator_cpp: 3.1.4 (/opt/ros/humble/share/rosidl_generator_cpp/cmake)
-- Using all available rosidl_typesupport_c: rosidl_typesupport_fastrtps_c;rosidl_typesupport_introspection_c
-- Using all available rosidl_typesupport_cpp: rosidl_typesupport_fastrtps_cpp;rosidl_typesupport_introspection_cpp
-- Found rmw_implementation_cmake: 6.1.1 (/opt/ros/humble/share/rmw_implementation_cmake/cmake)
-- Found rmw_cyclonedds_cpp: 1.3.4 (/opt/ros/humble/share/rmw_cyclonedds_cpp/cmake)
-- Using RMW implementation 'rmw_cyclonedds_cpp' as default
-- Looking for pthread.h
-- Looking for pthread.h - found
-- Performing Test CMAKE_HAVE_LIBC_PTHREAD
-- Performing Test CMAKE_HAVE_LIBC_PTHREAD - Success
-- Found Threads: TRUE  
-- Found lane_msgs: 1.0.0 (/home/dee/Downloads/autowareclass2020/code/src/08_Perception_Camera/Camera-Hands-On-Solution-WS/install/lane_msgs/share/lane_msgs/cmake)
-- Found visualization_msgs: 4.2.3 (/opt/ros/humble/share/visualization_msgs/cmake)
-- Found Boost: /usr/lib/aarch64-linux-gnu/cmake/Boost-1.74.0/BoostConfig.cmake (found version "1.74.0") found components: program_options 
-- Found ament_lint_auto: 0.12.5 (/opt/ros/humble/share/ament_lint_auto/cmake)
-- Added test 'copyright' to check source files copyright and LICENSE
-- Added test 'cppcheck' to perform static code analysis on C / C++ code
-- Configured cppcheck include dirs: /home/dee/Downloads/autowareclass2020/code/src/08_Perception_Camera/Camera-Hands-On-Solution-WS/src/lane_detection_visualization/include
-- Configured cppcheck exclude dirs and/or files: 
-- Added test 'cpplint' to check C / C++ code against the Google style
-- Configured cpplint exclude dirs and/or files: 
-- Added test 'lint_cmake' to check CMake code style
-- Added test 'uncrustify' to check C / C++ code style
-- Configured uncrustify additional arguments: 
-- Added test 'xmllint' to check XML markup files
-- Configuring done
-- Generating done
-- Build files have been written to: /home/dee/Downloads/autowareclass2020/code/src/08_Perception_Camera/Camera-Hands-On-Solution-WS/build/lane_detection_visualization
[ 50%] [32mBuilding CXX object CMakeFiles/lane_detection_visualization_node.dir/src/lane_detection_visualization.cpp.o[0m
[01m[K/home/dee/Downloads/autowareclass2020/code/src/08_Perception_Camera/Camera-Hands-On-Solution-WS/src/lane_detection_visualization/src/lane_detection_visualization.cpp:[m[K In member function ‘[01m[Kvoid lane_detection_visualization::laneMarkingCallback(lane_msgs::msg::LaneMarkingProjectedArrayBoth_<std::allocator<void> >::SharedPtr)[m[K’:
[01m[K/home/dee/Downloads/autowareclass2020/code/src/08_Perception_Camera/Camera-Hands-On-Solution-WS/src/lane_detection_visualization/src/lane_detection_visualization.cpp:70:27:[m[K [01;35m[Kwarning: [m[Kcomparison of integer expressions of different signedness: ‘[01m[Kint[m[K’ and ‘[01m[Kstd::vector<lane_msgs::msg::LaneMarkingProjected_<std::allocator<void> >, std::allocator<lane_msgs::msg::LaneMarkingProjected_<std::allocator<void> > > >::size_type[m[K’ {aka ‘[01m[Klong unsigned int[m[K’} [[01;35m[K]8;;https://gcc.gnu.org/onlinedocs/gcc/Warning-Options.html#index-Wsign-compare-Wsign-compare]8;;[m[K]
   70 |         for (int i = 0; [01;35m[Ki < msg->markings_left.size()[m[K; i++)
      |                         [01;35m[K~~^~~~~~~~~~~~~~~~~~~~~~~~~~~[m[K
[01m[K/home/dee/Downloads/autowareclass2020/code/src/08_Perception_Camera/Camera-Hands-On-Solution-WS/src/lane_detection_visualization/src/lane_detection_visualization.cpp:99:27:[m[K [01;35m[Kwarning: [m[Kcomparison of integer expressions of different signedness: ‘[01m[Kint[m[K’ and ‘[01m[Kstd::vector<lane_msgs::msg::LaneMarkingProjected_<std::allocator<void> >, std::allocator<lane_msgs::msg::LaneMarkingProjected_<std::allocator<void> > > >::size_type[m[K’ {aka ‘[01m[Klong unsigned int[m[K’} [[01;35m[K]8;;https://gcc.gnu.org/onlinedocs/gcc/Warning-Options.html#index-Wsign-compare-Wsign-compare]8;;[m[K]
   99 |         for (int i = 0; [01;35m[Ki < msg->markings_right.size()[m[K; i++)
      |                         [01;35m[K~~^~~~~~~~~~~~~~~~~~~~~~~~~~~~[m[K
[100%] [32m[1mLinking CXX executable lane_detection_visualization_node[0m
[100%] Built target lane_detection_visualization_node
-- Install configuration: ""
-- Execute custom install script
-- Symlinking: /home/dee/Downloads/autowareclass2020/code/src/08_Perception_Camera/Camera-Hands-On-Solution-WS/install/lane_detection_visualization/lib/lane_detection_visualization/lane_detection_visualization_node
-- Symlinking: /home/dee/Downloads/autowareclass2020/code/src/08_Perception_Camera/Camera-Hands-On-Solution-WS/install/lane_detection_visualization/share/lane_detection_visualization/resources/low_poly_911.dae
-- Symlinking: /home/dee/Downloads/autowareclass2020/code/src/08_Perception_Camera/Camera-Hands-On-Solution-WS/install/lane_detection_visualization/share/ament_index/resource_index/package_run_dependencies/lane_detection_visualization
-- Symlinking: /home/dee/Downloads/autowareclass2020/code/src/08_Perception_Camera/Camera-Hands-On-Solution-WS/install/lane_detection_visualization/share/ament_index/resource_index/parent_prefix_path/lane_detection_visualization
-- Symlinking: /home/dee/Downloads/autowareclass2020/code/src/08_Perception_Camera/Camera-Hands-On-Solution-WS/install/lane_detection_visualization/share/lane_detection_visualization/environment/ament_prefix_path.sh
-- Symlinking: /home/dee/Downloads/autowareclass2020/code/src/08_Perception_Camera/Camera-Hands-On-Solution-WS/install/lane_detection_visualization/share/lane_detection_visualization/environment/ament_prefix_path.dsv
-- Symlinking: /home/dee/Downloads/autowareclass2020/code/src/08_Perception_Camera/Camera-Hands-On-Solution-WS/install/lane_detection_visualization/share/lane_detection_visualization/environment/path.sh
-- Symlinking: /home/dee/Downloads/autowareclass2020/code/src/08_Perception_Camera/Camera-Hands-On-Solution-WS/install/lane_detection_visualization/share/lane_detection_visualization/environment/path.dsv
-- Symlinking: /home/dee/Downloads/autowareclass2020/code/src/08_Perception_Camera/Camera-Hands-On-Solution-WS/install/lane_detection_visualization/share/lane_detection_visualization/local_setup.bash
-- Symlinking: /home/dee/Downloads/autowareclass2020/code/src/08_Perception_Camera/Camera-Hands-On-Solution-WS/install/lane_detection_visualization/share/lane_detection_visualization/local_setup.sh
-- Symlinking: /home/dee/Downloads/autowareclass2020/code/src/08_Perception_Camera/Camera-Hands-On-Solution-WS/install/lane_detection_visualization/share/lane_detection_visualization/local_setup.zsh
-- Symlinking: /home/dee/Downloads/autowareclass2020/code/src/08_Perception_Camera/Camera-Hands-On-Solution-WS/install/lane_detection_visualization/share/lane_detection_visualization/local_setup.dsv
-- Symlinking: /home/dee/Downloads/autowareclass2020/code/src/08_Perception_Camera/Camera-Hands-On-Solution-WS/install/lane_detection_visualization/share/lane_detection_visualization/package.dsv
-- Symlinking: /home/dee/Downloads/autowareclass2020/code/src/08_Perception_Camera/Camera-Hands-On-Solution-WS/install/lane_detection_visualization/share/ament_index/resource_index/packages/lane_detection_visualization
-- Symlinking: /home/dee/Downloads/autowareclass2020/code/src/08_Perception_Camera/Camera-Hands-On-Solution-WS/install/lane_detection_visualization/share/lane_detection_visualization/cmake/lane_detection_visualizationConfig.cmake
-- Symlinking: /home/dee/Downloads/autowareclass2020/code/src/08_Perception_Camera/Camera-Hands-On-Solution-WS/install/lane_detection_visualization/share/lane_detection_visualization/cmake/lane_detection_visualizationConfig-version.cmake
-- Symlinking: /home/dee/Downloads/autowareclass2020/code/src/08_Perception_Camera/Camera-Hands-On-Solution-WS/install/lane_detection_visualization/share/lane_detection_visualization/package.xml
